Log file open, 06/02/18 16:56:11
LogWindows: Failed to load 'aqProf.dll' (GetLastError=126)
LogWindows: File 'aqProf.dll' does not exist
LogWindows: Failed to load 'VtuneApi.dll' (GetLastError=126)
LogWindows: File 'VtuneApi.dll' does not exist
LogWindows: Failed to load 'VtuneApi32e.dll' (GetLastError=126)
LogWindows: File 'VtuneApi32e.dll' does not exist
LogInit: Display: Running engine for game: HackDaWorld
LogPlatformFile: Not using cached read wrapper
LogInit: Display: RandInit(-827969613) SRandInit(-827969613).
LogInit: Read version file with build ID '3944462'
LogInit: Overriding engine version to CL 4033788, compatible CL 3944462
LogInit: Registered custom module enumerator with build ID '3944462'
LogTaskGraph: Started task graph with 5 named threads and 23 total threads with 3 sets of task threads.
LogStats: Stats thread started at 0.565623
LogD3D11RHI: Aftermath initialized
LogICUInternationalization: Display: ICU TimeZone Detection - Raw Offset: -8:00, Platform Override: ''
LogConfig: Warning: Failed to saved backup for config[Engine]
LogConfig: Warning: Failed to saved backup for config[Game]
LogConfig: Warning: Failed to saved backup for config[Input]
LogConfig: Warning: Failed to saved backup for config[Editor]
LogConfig: Warning: Failed to saved backup for config[EditorPerProjectUserSettings]
LogConfig: Warning: Failed to saved backup for config[EditorSettings]
LogConfig: Warning: Failed to saved backup for config[EditorLayout]
LogConfig: Warning: Failed to saved backup for config[EditorKeyBindings]
LogConfig: Warning: Failed to saved backup for config[Compat]
LogConfig: Warning: Failed to saved backup for config[Lightmass]
LogConfig: Warning: Failed to saved backup for config[Scalability]
LogConfig: Warning: Failed to saved backup for config[Hardware]
LogConfig: Warning: Failed to saved backup for config[GameUserSettings]
LogModuleManager: Display: Found up-to-date module file ../../../Engine/Plugins/2D/Paper2D/Binaries/Win64/UE4Editor-Paper2D.dll (API version 3944462).
LogModuleManager: Display: Found up-to-date module file ../../../Engine/Plugins/2D/Paper2D/Binaries/Win64/UE4Editor-Paper2DEditor.dll (API version 3944462).
LogModuleManager: Display: Found up-to-date module file ../../../Engine/Plugins/2D/Paper2D/Binaries/Win64/UE4Editor-PaperSpriteSheetImporter.dll (API version 3944462).
LogModuleManager: Display: Found up-to-date module file ../../../Engine/Plugins/2D/Paper2D/Binaries/Win64/UE4Editor-PaperTiledImporter.dll (API version 3944462).
LogModuleManager: Display: Found up-to-date module file ../../../Engine/Plugins/2D/Paper2D/Binaries/Win64/UE4Editor-SmartSnapping.dll (API version 3944462).
LogModuleManager: Display: Found up-to-date module file ../../../Engine/Plugins/Blendables/LightPropagationVolume/Binaries/Win64/UE4Editor-LightPropagationVolumeRuntime.dll (API version 3944462).
LogModuleManager: Display: Found up-to-date module file ../../../Engine/Plugins/Blendables/LightPropagationVolume/Binaries/Win64/UE4Editor-LightPropagationVolumeEditor.dll (API version 3944462).
LogModuleManager: Display: Found up-to-date module file ../../../Engine/Plugins/Developer/CLionSourceCodeAccess/Binaries/Win64/UE4Editor-CLionSourceCodeAccess.dll (API version 3944462).
LogModuleManager: Display: Found up-to-date module file ../../../Engine/Plugins/Developer/GitSourceControl/Binaries/Win64/UE4Editor-GitSourceControl.dll (API version 3944462).
LogModuleManager: Display: Found up-to-date module file ../../../Engine/Plugins/Developer/PerforceSourceControl/Binaries/Win64/UE4Editor-PerforceSourceControl.dll (API version 3944462).
LogModuleManager: Display: Found up-to-date module file ../../../Engine/Plugins/Developer/SubversionSourceControl/Binaries/Win64/UE4Editor-SubversionSourceControl.dll (API version 3944462).
LogModuleManager: Display: Found up-to-date module file ../../../Engine/Plugins/Developer/UObjectPlugin/Binaries/Win64/UE4Editor-UObjectPlugin.dll (API version 3944462).
LogModuleManager: Display: Found up-to-date module file ../../../Engine/Plugins/Developer/VisualStudioCodeSourceCodeAccess/Binaries/Win64/UE4Editor-VisualStudioCodeSourceCodeAccess.dll (API version 3944462).
LogModuleManager: Display: Found up-to-date module file ../../../Engine/Plugins/Developer/VisualStudioSourceCodeAccess/Binaries/Win64/UE4Editor-VisualStudioSourceCodeAccess.dll (API version 3944462).
LogModuleManager: Display: Found up-to-date module file ../../../Engine/Plugins/Editor/AssetManagerEditor/Binaries/Win64/UE4Editor-AssetManagerEditor.dll (API version 3944462).
LogModuleManager: Display: Found up-to-date module file ../../../Engine/Plugins/Editor/CryptoKeys/Binaries/Win64/UE4Editor-CryptoKeys.dll (API version 3944462).
LogModuleManager: Display: Found up-to-date module file ../../../Engine/Plugins/Editor/CryptoKeys/Binaries/Win64/UE4Editor-CryptoKeysOpenSSL.dll (API version 3944462).
LogModuleManager: Display: Found up-to-date module file ../../../Engine/Plugins/Editor/DataValidation/Binaries/Win64/UE4Editor-DataValidation.dll (API version 3944462).
LogModuleManager: Display: Found up-to-date module file ../../../Engine/Plugins/Editor/FacialAnimation/Binaries/Win64/UE4Editor-FacialAnimation.dll (API version 3944462).
LogModuleManager: Display: Found up-to-date module file ../../../Engine/Plugins/Editor/FacialAnimation/Binaries/Win64/UE4Editor-FacialAnimationEditor.dll (API version 3944462).
LogModuleManager: Display: Found up-to-date module file ../../../Engine/Plugins/Editor/GameplayTagsEditor/Binaries/Win64/UE4Editor-GameplayTagsEditor.dll (API version 3944462).
LogModuleManager: Display: Found up-to-date module file ../../../Engine/Plugins/Editor/MobileLauncherProfileWizard/Binaries/Win64/UE4Editor-MobileLauncherProfileWizard.dll (API version 3944462).
LogModuleManager: Display: Found up-to-date module file ../../../Engine/Plugins/Editor/PluginBrowser/Binaries/Win64/UE4Editor-PluginBrowser.dll (API version 3944462).
LogModuleManager: Display: Found up-to-date module file ../../../Engine/Plugins/Editor/SpeedTreeImporter/Binaries/Win64/UE4Editor-SpeedTreeImporter.dll (API version 3944462).
LogModuleManager: Display: Found up-to-date module file ../../../Engine/Plugins/Enterprise/DatasmithContent/Binaries/Win64/UE4Editor-DatasmithContent.dll (API version 3944462).
LogModuleManager: Display: Found up-to-date module file ../../../Engine/Plugins/Experimental/AlembicImporter/Binaries/Win64/UE4Editor-AlembicImporter.dll (API version 3944462).
LogModuleManager: Display: Found up-to-date module file ../../../Engine/Plugins/Experimental/AlembicImporter/Binaries/Win64/UE4Editor-AlembicLibrary.dll (API version 3944462).
LogModuleManager: Display: Found up-to-date module file ../../../Engine/Plugins/Experimental/CharacterAI/Binaries/Win64/UE4Editor-CharacterAI.dll (API version 3944462).
LogModuleManager: Display: Found up-to-date module file ../../../Engine/Plugins/Experimental/HTML5Networking/Binaries/Win64/UE4Editor-HTML5Networking.dll (API version 3944462).
LogModuleManager: Display: Found up-to-date module file ../../../Engine/Plugins/Media/AndroidMedia/Binaries/Win64/UE4Editor-AndroidMediaEditor.dll (API version 3944462).
LogModuleManager: Display: Found up-to-date module file ../../../Engine/Plugins/Media/AndroidMedia/Binaries/Win64/UE4Editor-AndroidMediaFactory.dll (API version 3944462).
LogModuleManager: Display: Found up-to-date module file ../../../Engine/Plugins/Media/AvfMedia/Binaries/Win64/UE4Editor-AvfMediaEditor.dll (API version 3944462).
LogModuleManager: Display: Found up-to-date module file ../../../Engine/Plugins/Media/AvfMedia/Binaries/Win64/UE4Editor-AvfMediaFactory.dll (API version 3944462).
LogModuleManager: Display: Found up-to-date module file ../../../Engine/Plugins/Media/AvfMedia/Binaries/Win64/UE4Editor-AvfMediaFactory.dll (API version 3944462).
LogModuleManager: Display: Found up-to-date module file ../../../Engine/Plugins/Media/ImgMedia/Binaries/Win64/UE4Editor-ImgMedia.dll (API version 3944462).
LogModuleManager: Display: Found up-to-date module file ../../../Engine/Plugins/Media/ImgMedia/Binaries/Win64/UE4Editor-ImgMediaEditor.dll (API version 3944462).
LogModuleManager: Display: Found up-to-date module file ../../../Engine/Plugins/Media/ImgMedia/Binaries/Win64/UE4Editor-ImgMediaFactory.dll (API version 3944462).
LogModuleManager: Display: Found up-to-date module file ../../../Engine/Plugins/Media/ImgMedia/Binaries/Win64/UE4Editor-ImgMediaFactory.dll (API version 3944462).
LogModuleManager: Display: Found up-to-date module file ../../../Engine/Plugins/Media/ImgMedia/Binaries/Win64/UE4Editor-OpenExrWrapper.dll (API version 3944462).
LogModuleManager: Display: Found up-to-date module file ../../../Engine/Plugins/Media/LinearTimecode/Binaries/Win64/UE4Editor-LinearTimecode.dll (API version 3944462).
LogModuleManager: Display: Found up-to-date module file ../../../Engine/Plugins/Media/MediaCompositing/Binaries/Win64/UE4Editor-MediaCompositing.dll (API version 3944462).
LogModuleManager: Display: Found up-to-date module file ../../../Engine/Plugins/Media/MediaCompositing/Binaries/Win64/UE4Editor-MediaCompositingEditor.dll (API version 3944462).
LogModuleManager: Display: Found up-to-date module file ../../../Engine/Plugins/Media/MediaPlayerEditor/Binaries/Win64/UE4Editor-MediaPlayerEditor.dll (API version 3944462).
LogModuleManager: Display: Found up-to-date module file ../../../Engine/Plugins/Media/WmfMedia/Binaries/Win64/UE4Editor-WmfMedia.dll (API version 3944462).
LogModuleManager: Display: Found up-to-date module file ../../../Engine/Plugins/Media/WmfMedia/Binaries/Win64/UE4Editor-WmfMediaEditor.dll (API version 3944462).
LogModuleManager: Display: Found up-to-date module file ../../../Engine/Plugins/Media/WmfMedia/Binaries/Win64/UE4Editor-WmfMediaFactory.dll (API version 3944462).
LogModuleManager: Display: Found up-to-date module file ../../../Engine/Plugins/Media/WmfMedia/Binaries/Win64/UE4Editor-WmfMediaFactory.dll (API version 3944462).
LogModuleManager: Display: Found up-to-date module file ../../../Engine/Plugins/Messaging/TcpMessaging/Binaries/Win64/UE4Editor-TcpMessaging.dll (API version 3944462).
LogModuleManager: Display: Found up-to-date module file ../../../Engine/Plugins/Messaging/UdpMessaging/Binaries/Win64/UE4Editor-UdpMessaging.dll (API version 3944462).
LogModuleManager: Display: Found up-to-date module file ../../../Engine/Plugins/MovieScene/ActorSequence/Binaries/Win64/UE4Editor-ActorSequence.dll (API version 3944462).
LogModuleManager: Display: Found up-to-date module file ../../../Engine/Plugins/MovieScene/LevelSequenceEditor/Binaries/Win64/UE4Editor-LevelSequenceEditor.dll (API version 3944462).
LogModuleManager: Display: Found up-to-date module file ../../../Engine/Plugins/MovieScene/MatineeToLevelSequence/Binaries/Win64/UE4Editor-MatineeToLevelSequence.dll (API version 3944462).
LogModuleManager: Display: Found up-to-date module file ../../../Engine/Plugins/NetcodeUnitTest/NetcodeUnitTest/Binaries/Win64/UE4Editor-NetcodeUnitTest.dll (API version 3944462).
LogModuleManager: Display: Found up-to-date module file ../../../Engine/Plugins/NetcodeUnitTest/NUTUnrealEngine4/Binaries/Win64/UE4Editor-NUTUnrealEngine4.dll (API version 3944462).
LogModuleManager: Display: Found up-to-date module file ../../../Engine/Plugins/Online/OnlineSubsystem/Binaries/Win64/UE4Editor-OnlineSubsystem.dll (API version 3944462).
LogModuleManager: Display: Found up-to-date module file ../../../Engine/Plugins/Runtime/AndroidPermission/Binaries/Win64/UE4Editor-AndroidPermission.dll (API version 3944462).
LogModuleManager: Display: Found up-to-date module file ../../../Engine/Plugins/Online/OnlineSubsystemNull/Binaries/Win64/UE4Editor-OnlineSubsystemNull.dll (API version 3944462).
LogModuleManager: Display: Found up-to-date module file ../../../Engine/Plugins/Online/OnlineSubsystemUtils/Binaries/Win64/UE4Editor-OnlineSubsystemUtils.dll (API version 3944462).
LogModuleManager: Display: Found up-to-date module file ../../../Engine/Plugins/Online/OnlineSubsystemUtils/Binaries/Win64/UE4Editor-OnlineBlueprintSupport.dll (API version 3944462).
LogModuleManager: Display: Found up-to-date module file ../../../Engine/Plugins/Runtime/AndroidDeviceProfileSelector/Binaries/Win64/UE4Editor-AndroidDeviceProfileSelector.dll (API version 3944462).
LogModuleManager: Display: Found up-to-date module file ../../../Engine/Plugins/Runtime/AppleARKit/Binaries/Win64/UE4Editor-AppleARKit.dll (API version 3944462).
LogModuleManager: Display: Found up-to-date module file ../../../Engine/Plugins/Runtime/ProceduralMeshComponent/Binaries/Win64/UE4Editor-ProceduralMeshComponent.dll (API version 3944462).
LogModuleManager: Display: Found up-to-date module file ../../../Engine/Plugins/Runtime/ProceduralMeshComponent/Binaries/Win64/UE4Editor-ProceduralMeshComponentEditor.dll (API version 3944462).
LogModuleManager: Display: Found up-to-date module file ../../../Engine/Plugins/Animation/LiveLink/Binaries/Win64/UE4Editor-LiveLink.dll (API version 3944462).
LogModuleManager: Display: Found up-to-date module file ../../../Engine/Plugins/Animation/LiveLink/Binaries/Win64/UE4Editor-LiveLinkEditor.dll (API version 3944462).
LogModuleManager: Display: Found up-to-date module file ../../../Engine/Plugins/Runtime/ArchVisCharacter/Binaries/Win64/UE4Editor-ArchVisCharacter.dll (API version 3944462).
LogModuleManager: Display: Found up-to-date module file ../../../Engine/Plugins/Runtime/AudioCapture/Binaries/Win64/UE4Editor-AudioCapture.dll (API version 3944462).
LogModuleManager: Display: Found up-to-date module file ../../../Engine/Plugins/Runtime/AudioCapture/Binaries/Win64/UE4Editor-AudioCaptureEditor.dll (API version 3944462).
LogModuleManager: Display: Found up-to-date module file ../../../Engine/Plugins/Runtime/CableComponent/Binaries/Win64/UE4Editor-CableComponent.dll (API version 3944462).
LogModuleManager: Display: Found up-to-date module file ../../../Engine/Plugins/Runtime/CustomMeshComponent/Binaries/Win64/UE4Editor-CustomMeshComponent.dll (API version 3944462).
LogModuleManager: Display: Found up-to-date module file ../../../Engine/Plugins/Runtime/ExampleDeviceProfileSelector/Binaries/Win64/UE4Editor-ExampleDeviceProfileSelector.dll (API version 3944462).
LogModuleManager: Display: Found up-to-date module file ../../../Engine/Plugins/Runtime/ImmediatePhysics/Binaries/Win64/UE4Editor-ImmediatePhysics.dll (API version 3944462).
LogModuleManager: Display: Found up-to-date module file ../../../Engine/Plugins/Runtime/ImmediatePhysics/Binaries/Win64/UE4Editor-ImmediatePhysicsEditor.dll (API version 3944462).
LogModuleManager: Display: Found up-to-date module file ../../../Engine/Plugins/Runtime/LocationServicesBPLibrary/Binaries/Win64/UE4Editor-LocationServicesBPLibrary.dll (API version 3944462).
LogModuleManager: Display: Found up-to-date module file ../../../Engine/Plugins/Runtime/MobilePatchingUtils/Binaries/Win64/UE4Editor-MobilePatchingUtils.dll (API version 3944462).
LogModuleManager: Display: Found up-to-date module file ../../../Engine/Plugins/Runtime/Oculus/OculusVR/Binaries/Win64/UE4Editor-OculusHMD.dll (API version 3944462).
LogModuleManager: Display: Found up-to-date module file ../../../Engine/Plugins/Runtime/Oculus/OculusVR/Binaries/Win64/UE4Editor-OculusInput.dll (API version 3944462).
LogModuleManager: Display: Found up-to-date module file ../../../Engine/Plugins/Runtime/Oculus/OculusVR/Binaries/Win64/UE4Editor-OculusEditor.dll (API version 3944462).
LogModuleManager: Display: Found up-to-date module file ../../../Engine/Plugins/Runtime/PhysXVehicles/Binaries/Win64/UE4Editor-PhysXVehicles.dll (API version 3944462).
LogModuleManager: Display: Found up-to-date module file ../../../Engine/Plugins/Runtime/PhysXVehicles/Binaries/Win64/UE4Editor-PhysXVehiclesEditor.dll (API version 3944462).
LogModuleManager: Display: Found up-to-date module file ../../../Engine/Plugins/Runtime/RuntimePhysXCooking/Binaries/Win64/UE4Editor-RuntimePhysXCooking.dll (API version 3944462).
LogModuleManager: Display: Found up-to-date module file ../../../Engine/Plugins/Runtime/Steam/SteamVR/Binaries/Win64/UE4Editor-SteamVR.dll (API version 3944462).
LogModuleManager: Display: Found up-to-date module file ../../../Engine/Plugins/Runtime/Steam/SteamVR/Binaries/Win64/UE4Editor-SteamVRController.dll (API version 3944462).
LogModuleManager: Display: Found up-to-date module file ../../../Engine/Plugins/Runtime/WindowsMoviePlayer/Binaries/Win64/UE4Editor-WindowsMoviePlayer.dll (API version 3944462).
LogPluginManager: Mounting plugin Paper2D
LogConfig: Warning: Failed to saved backup for config[Paper2D]
LogPluginManager: Mounting plugin LiveLink
LogConfig: Warning: Failed to saved backup for config[LiveLink]
LogPluginManager: Mounting plugin LightPropagationVolume
LogConfig: Warning: Failed to saved backup for config[LightPropagationVolume]
LogPluginManager: Mounting plugin CLionSourceCodeAccess
LogConfig: Warning: Failed to saved backup for config[CLionSourceCodeAccess]
LogPluginManager: Mounting plugin CodeLiteSourceCodeAccess
LogConfig: Warning: Failed to saved backup for config[CodeLiteSourceCodeAccess]
LogPluginManager: Mounting plugin GitSourceControl
LogConfig: Warning: Failed to saved backup for config[GitSourceControl]
LogPluginManager: Mounting plugin KDevelopSourceCodeAccess
LogConfig: Warning: Failed to saved backup for config[KDevelopSourceCodeAccess]
LogPluginManager: Mounting plugin NullSourceCodeAccess
LogConfig: Warning: Failed to saved backup for config[NullSourceCodeAccess]
LogPluginManager: Mounting plugin PerforceSourceControl
LogConfig: Warning: Failed to saved backup for config[PerforceSourceControl]
LogPluginManager: Mounting plugin SubversionSourceControl
LogConfig: Warning: Failed to saved backup for config[SubversionSourceControl]
LogPluginManager: Mounting plugin UObjectPlugin
LogConfig: Warning: Failed to saved backup for config[UObjectPlugin]
LogPluginManager: Mounting plugin VisualStudioCodeSourceCodeAccess
LogConfig: Warning: Failed to saved backup for config[VisualStudioCodeSourceCodeAccess]
LogPluginManager: Mounting plugin VisualStudioSourceCodeAccess
LogConfig: Warning: Failed to saved backup for config[VisualStudioSourceCodeAccess]
LogPluginManager: Mounting plugin XCodeSourceCodeAccess
LogConfig: Warning: Failed to saved backup for config[XCodeSourceCodeAccess]
LogPluginManager: Mounting plugin AssetManagerEditor
LogConfig: Warning: Failed to saved backup for config[AssetManagerEditor]
LogPluginManager: Mounting plugin CryptoKeys
LogConfig: Warning: Failed to saved backup for config[CryptoKeys]
LogPluginManager: Mounting plugin DataValidation
LogConfig: Warning: Failed to saved backup for config[DataValidation]
LogPluginManager: Mounting plugin FacialAnimation
LogConfig: Warning: Failed to saved backup for config[FacialAnimation]
LogPluginManager: Mounting plugin GameplayTagsEditor
LogConfig: Warning: Failed to saved backup for config[GameplayTagsEditor]
LogPluginManager: Mounting plugin MobileLauncherProfileWizard
LogConfig: Warning: Failed to saved backup for config[MobileLauncherProfileWizard]
LogPluginManager: Mounting plugin PluginBrowser
LogConfig: Warning: Failed to saved backup for config[PluginBrowser]
LogPluginManager: Mounting plugin SpeedTreeImporter
LogConfig: Warning: Failed to saved backup for config[SpeedTreeImporter]
LogPluginManager: Mounting plugin DatasmithContent
LogConfig: Warning: Failed to saved backup for config[DatasmithContent]
LogPluginManager: Mounting plugin AlembicImporter
LogConfig: Warning: Failed to saved backup for config[AlembicImporter]
LogPluginManager: Mounting plugin CharacterAI
LogConfig: Warning: Failed to saved backup for config[CharacterAI]
LogPluginManager: Mounting plugin HTML5Networking
LogConfig: Warning: Failed to saved backup for config[HTML5Networking]
LogPluginManager: Mounting plugin AndroidMedia
LogConfig: Warning: Failed to saved backup for config[AndroidMedia]
LogPluginManager: Mounting plugin AvfMedia
LogConfig: Warning: Failed to saved backup for config[AvfMedia]
LogPluginManager: Mounting plugin ImgMedia
LogConfig: Warning: Failed to saved backup for config[ImgMedia]
LogPluginManager: Mounting plugin LinearTimecode
LogConfig: Warning: Failed to saved backup for config[LinearTimecode]
LogPluginManager: Mounting plugin MediaCompositing
LogConfig: Warning: Failed to saved backup for config[MediaCompositing]
LogPluginManager: Mounting plugin MediaPlayerEditor
LogConfig: Warning: Failed to saved backup for config[MediaPlayerEditor]
LogPluginManager: Mounting plugin WmfMedia
LogConfig: Warning: Failed to saved backup for config[WmfMedia]
LogPluginManager: Mounting plugin TcpMessaging
LogConfig: Warning: Failed to saved backup for config[TcpMessaging]
LogPluginManager: Mounting plugin UdpMessaging
LogConfig: Warning: Failed to saved backup for config[UdpMessaging]
LogPluginManager: Mounting plugin ActorSequence
LogConfig: Warning: Failed to saved backup for config[ActorSequence]
LogPluginManager: Mounting plugin LevelSequenceEditor
LogConfig: Warning: Failed to saved backup for config[LevelSequenceEditor]
LogPluginManager: Mounting plugin MatineeToLevelSequence
LogConfig: Warning: Failed to saved backup for config[MatineeToLevelSequence]
LogPluginManager: Mounting plugin NetcodeUnitTest
LogConfig: Warning: Failed to saved backup for config[NetcodeUnitTest]
LogPluginManager: Mounting plugin NUTUnrealEngine4
LogConfig: Warning: Failed to saved backup for config[NUTUnrealEngine4]
LogPluginManager: Mounting plugin OnlineSubsystemGooglePlay
LogConfig: Warning: Failed to saved backup for config[OnlineSubsystemGooglePlay]
LogPluginManager: Mounting plugin OnlineSubsystemIOS
LogConfig: Warning: Failed to saved backup for config[OnlineSubsystemIOS]
LogPluginManager: Mounting plugin OnlineSubsystem
LogConfig: Warning: Failed to saved backup for config[OnlineSubsystem]
LogPluginManager: Mounting plugin OnlineSubsystemNull
LogConfig: Warning: Failed to saved backup for config[OnlineSubsystemNull]
LogPluginManager: Mounting plugin OnlineSubsystemUtils
LogConfig: Warning: Failed to saved backup for config[OnlineSubsystemUtils]
LogPluginManager: Mounting plugin AndroidDeviceProfileSelector
LogConfig: Warning: Failed to saved backup for config[AndroidDeviceProfileSelector]
LogPluginManager: Mounting plugin AndroidMoviePlayer
LogConfig: Warning: Failed to saved backup for config[AndroidMoviePlayer]
LogPluginManager: Mounting plugin AndroidPermission
LogConfig: Warning: Failed to saved backup for config[AndroidPermission]
LogPluginManager: Mounting plugin AppleARKit
LogConfig: Warning: Failed to saved backup for config[AppleARKit]
LogPluginManager: Mounting plugin AppleMoviePlayer
LogConfig: Warning: Failed to saved backup for config[AppleMoviePlayer]
LogPluginManager: Mounting plugin ArchVisCharacter
LogConfig: Warning: Failed to saved backup for config[ArchVisCharacter]
LogPluginManager: Mounting plugin AudioCapture
LogConfig: Warning: Failed to saved backup for config[AudioCapture]
LogPluginManager: Mounting plugin CableComponent
LogConfig: Warning: Failed to saved backup for config[CableComponent]
LogPluginManager: Mounting plugin CustomMeshComponent
LogConfig: Warning: Failed to saved backup for config[CustomMeshComponent]
LogPluginManager: Mounting plugin ExampleDeviceProfileSelector
LogConfig: Warning: Failed to saved backup for config[ExampleDeviceProfileSelector]
LogPluginManager: Mounting plugin GoogleCloudMessaging
LogConfig: Warning: Failed to saved backup for config[GoogleCloudMessaging]
LogPluginManager: Mounting plugin ImmediatePhysics
LogConfig: Warning: Failed to saved backup for config[ImmediatePhysics]
LogPluginManager: Mounting plugin IOSDeviceProfileSelector
LogConfig: Warning: Failed to saved backup for config[IOSDeviceProfileSelector]
LogPluginManager: Mounting plugin LinuxDeviceProfileSelector
LogConfig: Warning: Failed to saved backup for config[LinuxDeviceProfileSelector]
LogPluginManager: Mounting plugin LocationServicesBPLibrary
LogConfig: Warning: Failed to saved backup for config[LocationServicesBPLibrary]
LogPluginManager: Mounting plugin MobilePatchingUtils
LogConfig: Warning: Failed to saved backup for config[MobilePatchingUtils]
LogPluginManager: Mounting plugin OculusVR
LogPluginManager: Plugin shader directory ../../../Engine/Plugins/Runtime/Oculus/OculusVR/Shaders found
LogPluginManager: Mapping shader source directory ../../../Engine/Plugins/Runtime/Oculus/OculusVR/Shaders to virtual directory /Plugin/OculusVR
LogConfig: Warning: Failed to saved backup for config[OculusVR]
LogPluginManager: Mounting plugin PhysXVehicles
LogConfig: Warning: Failed to saved backup for config[PhysXVehicles]
LogPluginManager: Mounting plugin ProceduralMeshComponent
LogConfig: Warning: Failed to saved backup for config[ProceduralMeshComponent]
LogPluginManager: Mounting plugin RuntimePhysXCooking
LogConfig: Warning: Failed to saved backup for config[RuntimePhysXCooking]
LogPluginManager: Mounting plugin SteamVR
LogConfig: Warning: Failed to saved backup for config[SteamVR]
LogPluginManager: Mounting plugin WindowsMoviePlayer
LogConfig: Warning: Failed to saved backup for config[WindowsMoviePlayer]
LogStreaming: Display: Took  5.035s to configure plugins.
LogInit: Using libcurl 7.47.1
LogInit:  - built for x86_64-pc-win32
LogInit:  - supports SSL with OpenSSL/1.0.2g
LogInit:  - supports HTTP deflate (compression) using libz 1.2.8
LogInit:  - other features:
LogInit:      CURL_VERSION_SSL
LogInit:      CURL_VERSION_LIBZ
LogInit:      CURL_VERSION_IPV6
LogInit:      CURL_VERSION_ASYNCHDNS
LogInit:      CURL_VERSION_LARGEFILE
LogInit:      CURL_VERSION_IDN
LogInit:  CurlRequestOptions (configurable via config and command line):
LogInit:  - bVerifyPeer = false  - Libcurl will NOT verify peer certificate
LogInit:  - bUseHttpProxy = false  - Libcurl will NOT use HTTP proxy
LogInit:  - bDontReuseConnections = false  - Libcurl will reuse connections
LogInit:  - CertBundlePath = nullptr  - Libcurl will use whatever was configured at build time.
LogInit:  - MaxHostConnections = 16  - Libcurl will limit the number of connections to a host
LogInit:  - LocalHostAddr = Default
LogInit: WinSock: version 1.1 (2.2), MaxSocks=32767, MaxUdp=65467
LogInit: WinSock: I am DESKTOP-F8MPAQ1 (192.168.1.20:0)
LogInit: Build: ++UE4+Release-4.19-CL-4033788
LogInit: Engine Version: 4.19.2-4033788+++UE4+Release-4.19
LogInit: Compatible Engine Version: 4.19.0-3944462+++UE4+Release-4.19
LogInit: Net CL: 3944462
LogDevObjectVersion: Number of dev versions registered: 18
LogDevObjectVersion:   Dev-Blueprints (B0D832E4-1F89-4F0D-ACCF-7EB736FD4AA2): 10
LogDevObjectVersion:   Dev-Build (E1C64328-A22C-4D53-A36C-8E866417BD8C): 0
LogDevObjectVersion:   Dev-Core (375EC13C-06E4-48FB-B500-84F0262A717E): 2
LogDevObjectVersion:   Dev-Editor (E4B068ED-F494-42E9-A231-DA0B2E46BB41): 23
LogDevObjectVersion:   Dev-Framework (CFFC743F-43B0-4480-9391-14DF171D2073): 33
LogDevObjectVersion:   Dev-Mobile (B02B49B5-BB20-44E9-A304-32B752E40360): 2
LogDevObjectVersion:   Dev-Networking (A4E4105C-59A1-49B5-A7C5-40C4547EDFEE): 0
LogDevObjectVersion:   Dev-Online (39C831C9-5AE6-47DC-9A44-9C173E1C8E7C): 0
LogDevObjectVersion:   Dev-Physics (78F01B33-EBEA-4F98-B9B4-84EACCB95AA2): 0
LogDevObjectVersion:   Dev-Platform (6631380F-2D4D-43E0-8009-CF276956A95A): 0
LogDevObjectVersion:   Dev-Rendering (12F88B9F-8875-4AFC-A67C-D90C383ABD29): 25
LogDevObjectVersion:   Dev-Sequencer (7B5AE74C-D270-4C10-A958-57980B212A5A): 6
LogDevObjectVersion:   Dev-VR (D7296918-1DD6-4BDD-9DE2-64A83CC13884): 1
LogDevObjectVersion:   Dev-LoadTimes (C2A15278-BFE7-4AFE-6C17-90FF531DF755): 1
LogDevObjectVersion:   Private-Geometry (6EACA3D4-40EC-4CC1-B786-8BED09428FC5): 2
LogDevObjectVersion:   Dev-AnimPhys (29E575DD-E0A3-4627-9D10-D276232CDCEA): 16
LogDevObjectVersion:   Dev-ReflectionCapture (6B266CEC-1EC7-4B8F-A30B-E4D90942FC07): 1
LogDevObjectVersion:   Dev-Automation (0DF73D61-A23F-47EA-B727-89E90C41499A): 1
LogInit: Compiled (64-bit): Apr 27 2018 02:06:57
LogInit: Compiled with Visual C++: 19.00.24215.01
LogInit: Build Configuration: Development
LogInit: Branch Name: ++UE4+Release-4.19
LogInit: Command Line:  
LogInit: Base Directory: C:/Program Files/Epic Games/UE_4.19/Engine/Binaries/Win64/
LogInit: Installed Engine Build: 1
LogStreaming: Display: Took  0.002s to delete old logs.
LogInit: Presizing for max 8388607 objects, including 0 objects not considered by GC, pre-allocating 0 bytes for permanent pool.
LogInit: Object subsystem initialized
[2018.06.02-23.56.18:267][  0]LogInit: Selected Device Profile: [Windows]
[2018.06.02-23.56.18:267][  0]LogInit: Applying CVar settings loaded from the selected device profile: [Windows]
[2018.06.02-23.56.18:325][  0]LogConfig: Warning: Failed to saved backup for config[DeviceProfiles]
[2018.06.02-23.56.18:342][  0]LogInit: Computer: DESKTOP-F8MPAQ1
[2018.06.02-23.56.18:342][  0]LogInit: User: chris
[2018.06.02-23.56.18:342][  0]LogInit: CPU Page size=4096, Cores=4
[2018.06.02-23.56.18:342][  0]LogInit: High frequency timer resolution =2.531249 MHz
[2018.06.02-23.56.18:343][  0]LogMemory: Memory total: Physical=7.9GB (8GB approx)
[2018.06.02-23.56.18:344][  0]LogMemory: Platform Memory Stats for Windows
[2018.06.02-23.56.18:344][  0]LogMemory: Process Physical Memory: 274.45 MB used, 274.45 MB peak
[2018.06.02-23.56.18:344][  0]LogMemory: Process Virtual Memory: 264.90 MB used, 264.90 MB peak
[2018.06.02-23.56.18:344][  0]LogMemory: Physical Memory: 7096.53 MB used,  963.52 MB free, 8060.05 MB total
[2018.06.02-23.56.18:344][  0]LogMemory: Virtual Memory: 4794.22 MB used,  963.52 MB free, 134217728.00 MB total
[2018.06.02-23.56.18:590][  0]LogInit: Using OS detected language (en-US).
[2018.06.02-23.56.18:590][  0]LogInit: Using OS detected locale (en-US).
[2018.06.02-23.56.18:629][  0]LogTextLocalizationManager: No specific localization for 'en-US' exists, so the 'en' localization will be used.
[2018.06.02-23.56.20:126][  0]LogStreaming: Display: Took  1.536s to EndInitTextLocalization.
[2018.06.02-23.56.20:126][  0]LogInit: Setting process to per monitor DPI aware
[2018.06.02-23.56.20:315][  0]LogSlate: New Slate User Created.  User Index 0, Is Virtual User: 0
[2018.06.02-23.56.20:315][  0]LogSlate: Slate User Registered.  User Index 0, Is Virtual User: 0
[2018.06.02-23.56.21:405][  0]LogD3D11RHI: D3D11 adapters:
[2018.06.02-23.56.21:566][  0]LogD3D11RHI:    0. 'NVIDIA GeForce GTX 960M' (Feature Level 11_0)
[2018.06.02-23.56.21:566][  0]LogD3D11RHI:       4065/0/4030 MB DedicatedVideo/DedicatedSystem/SharedSystem, Outputs:1, VendorId:0x10de
[2018.06.02-23.56.21:608][  0]LogD3D11RHI:    1. 'Intel(R) HD Graphics 530' (Feature Level 11_0)
[2018.06.02-23.56.21:608][  0]LogD3D11RHI:       128/0/4030 MB DedicatedVideo/DedicatedSystem/SharedSystem, Outputs:0, VendorId:0x8086
[2018.06.02-23.56.21:612][  0]LogD3D11RHI:    2. 'Microsoft Basic Render Driver' (Feature Level 11_0)
[2018.06.02-23.56.21:612][  0]LogD3D11RHI:       0/0/4030 MB DedicatedVideo/DedicatedSystem/SharedSystem, Outputs:0, VendorId:0x1414
[2018.06.02-23.56.21:612][  0]LogD3D11RHI: Chosen D3D11 Adapter: 0
[2018.06.02-23.56.21:738][  0]LogD3D11RHI: Creating new Direct3DDevice
[2018.06.02-23.56.21:738][  0]LogD3D11RHI:     GPU DeviceId: 0x139b (for the marketing name, search the web for "GPU Device Id")
[2018.06.02-23.56.21:738][  0]LogWindows: EnumDisplayDevices:
[2018.06.02-23.56.21:738][  0]LogWindows:    0. 'Intel(R) HD Graphics 530' (P:1 D:1)
[2018.06.02-23.56.21:739][  0]LogWindows:    1. 'Intel(R) HD Graphics 530' (P:0 D:0)
[2018.06.02-23.56.21:739][  0]LogWindows:    2. 'Intel(R) HD Graphics 530' (P:0 D:0)
[2018.06.02-23.56.21:739][  0]LogWindows: DebugString: GetVideoDriverDetailsInvalid PrimaryIsNotTheChoosenAdapter GetVideoDriverDetailsInvalid PrimaryIsNotTheChoosenAdapter GetVideoDriverDetailsInvalid PrimaryIsNotTheChoosenAdapter FoundDriverCount:0 
[2018.06.02-23.56.21:739][  0]LogD3D11RHI:     Adapter Name: NVIDIA GeForce GTX 960M
[2018.06.02-23.56.21:739][  0]LogD3D11RHI:   Driver Version: Unknown (internal:Unknown, unified:Unknown)
[2018.06.02-23.56.21:739][  0]LogD3D11RHI:      Driver Date: Unknown
[2018.06.02-23.56.21:739][  0]LogRHI: Texture pool is 2846 MB (70% of 4065 MB)
[2018.06.02-23.56.21:841][  0]LogD3D11RHI: [Aftermath] Aftermath enabled but failed to initialize
[2018.06.02-23.56.21:842][  0]LogD3D11RHI: [Aftermath] Aftermath enabled and primed
[2018.06.02-23.56.21:842][  0]LogD3D11RHI: Async texture creation enabled
[2018.06.02-23.56.21:870][  0]LogD3D11RHI: GPU Timing Frequency: 1000.000000 (Debug: 2 1)
[2018.06.02-23.56.21:874][  0]LogShaderCompilers: Guid format shader working directory is -31 characters bigger than the processId version (../../../../../../Users/chris/OneDrive/Documents/Unreal Projects/HackDaWorld/Intermediate/Shaders/WorkingDirectory/22272/).
[2018.06.02-23.56.21:874][  0]LogShaderCompilers: Cleaned the shader compiler working directory 'C:/Users/chris/AppData/Local/Temp/UnrealShaderWorkingDir/6BCE24A64EC3DD89B3E68A936519F9CB/'.
[2018.06.02-23.56.22:708][  0]LogTemp: Display: Loaded TP AllDesktopTargetPlatform
[2018.06.02-23.56.22:743][  0]LogTemp: Display: Loaded TP MacClientTargetPlatform
[2018.06.02-23.56.22:779][  0]LogTemp: Display: Loaded TP MacNoEditorTargetPlatform
[2018.06.02-23.56.22:813][  0]LogTemp: Display: Loaded TP MacServerTargetPlatform
[2018.06.02-23.56.22:857][  0]LogTemp: Display: Loaded TP MacTargetPlatform
[2018.06.02-23.56.22:905][  0]LogTemp: Display: Loaded TP WindowsClientTargetPlatform
[2018.06.02-23.56.22:941][  0]LogTemp: Display: Loaded TP WindowsNoEditorTargetPlatform
[2018.06.02-23.56.22:978][  0]LogTemp: Display: Loaded TP WindowsServerTargetPlatform
[2018.06.02-23.56.23:005][  0]LogTemp: Display: Loaded TP WindowsTargetPlatform
[2018.06.02-23.56.23:043][  0]LogTemp: Display: Loaded TP Android_ASTCTargetPlatform
[2018.06.02-23.56.23:076][  0]LogTemp: Display: Loaded TP Android_ATCTargetPlatform
[2018.06.02-23.56.23:108][  0]LogTemp: Display: Loaded TP Android_DXTTargetPlatform
[2018.06.02-23.56.23:142][  0]LogTemp: Display: Loaded TP Android_ETC1aTargetPlatform
[2018.06.02-23.56.23:175][  0]LogTemp: Display: Loaded TP Android_ETC1TargetPlatform
[2018.06.02-23.56.23:206][  0]LogTemp: Display: Loaded TP Android_ETC2TargetPlatform
[2018.06.02-23.56.23:268][  0]LogTemp: Display: Loaded TP Android_MultiTargetPlatform
[2018.06.02-23.56.23:269][  0]LogTemp: Display: Loaded TP Android_PVRTCTargetPlatform
[2018.06.02-23.56.23:301][  0]LogTemp: Display: Loaded TP AndroidTargetPlatform
[2018.06.02-23.56.23:306][  0]LogTemp: Display: Loaded TP HTML5TargetPlatform
[2018.06.02-23.56.23:372][  0]LogTemp: Display: Loaded TP IOSTargetPlatform
[2018.06.02-23.56.23:412][  0]LogTemp: Display: Loaded TP TVOSTargetPlatform
[2018.06.02-23.56.23:468][  0]LogTemp: Display: Loaded TP LinuxClientTargetPlatform
[2018.06.02-23.56.23:509][  0]LogTemp: Display: Loaded TP LinuxNoEditorTargetPlatform
[2018.06.02-23.56.23:546][  0]LogTemp: Display: Loaded TP LinuxServerTargetPlatform
[2018.06.02-23.56.23:598][  0]LogTemp: Display: Loaded TP LinuxTargetPlatform
[2018.06.02-23.56.23:598][  0]LogTargetPlatformManager: Display: Building Assets For Windows
[2018.06.02-23.56.24:112][  0]LogXGEController: Cannot use XGE Controller as Incredibuild is not installed on this machine.
[2018.06.02-23.56.24:112][  0]LogShaderCompilers: Cannot use XGE Shader Compiler as Incredibuild is not installed on this machine.
[2018.06.02-23.56.24:112][  0]LogShaderCompilers: Display: Using Local Shader Compiler.
[2018.06.02-23.56.26:635][  0]LogDerivedDataCache: Display: Max Cache Size: 512 MB
[2018.06.02-23.56.27:053][  0]LogDerivedDataCache: Loaded boot cache 0.42s 74MB C:/Users/chris/AppData/Local/UnrealEngine/4.19/DerivedDataCache/Boot.ddc.
[2018.06.02-23.56.27:053][  0]LogDerivedDataCache: Display: Loaded Boot cache: C:/Users/chris/AppData/Local/UnrealEngine/4.19/DerivedDataCache/Boot.ddc
[2018.06.02-23.56.27:054][  0]LogDerivedDataCache: FDerivedDataBackendGraph:  Pak pak cache file ../../../../../../Users/chris/OneDrive/Documents/Unreal Projects/HackDaWorld/DerivedDataCache/DDC.ddp not found, will not use a pak cache.
[2018.06.02-23.56.27:054][  0]LogDerivedDataCache: Unable to find inner node Pak for hierarchical cache Hierarchy.
[2018.06.02-23.56.27:054][  0]LogDerivedDataCache: FDerivedDataBackendGraph:  CompressedPak pak cache file ../../../../../../Users/chris/OneDrive/Documents/Unreal Projects/HackDaWorld/DerivedDataCache/Compressed.ddp not found, will not use a pak cache.
[2018.06.02-23.56.27:054][  0]LogDerivedDataCache: Unable to find inner node CompressedPak for hierarchical cache Hierarchy.
[2018.06.02-23.56.27:096][  0]LogDerivedDataCache: Display: Pak cache opened for reading ../../../Engine/DerivedDataCache/Compressed.ddp.
[2018.06.02-23.56.27:114][  0]LogDerivedDataCache: Using Local data cache path C:/Users/chris/AppData/Local/UnrealEngine/Common/DerivedDataCache: Writable
[2018.06.02-23.56.27:114][  0]LogDerivedDataCache: Shared data cache path not found in *engine.ini, will not use an Shared cache.
[2018.06.02-23.56.27:114][  0]LogDerivedDataCache: Unable to find inner node Shared for hierarchical cache Hierarchy.
[2018.06.02-23.56.27:151][  0]LogMaterial: Verifying Global Shaders for PCD3D_SM5
[2018.06.02-23.56.27:154][  0]LogSlate: Using Freetype 2.6.0
[2018.06.02-23.56.27:155][  0]LogSlate: SlateFontCache - WITH_FREETYPE: 1, WITH_HARFBUZZ: 1
[2018.06.02-23.56.27:156][  0]LogSlate: SlateFontCache - WITH_FREETYPE: 1, WITH_HARFBUZZ: 1
[2018.06.02-23.56.27:621][  0]LogAssetRegistry: FAssetRegistry took 0.0325 seconds to start up
[2018.06.02-23.56.28:742][  0]LogFileManager: Warning: DeleteFile was unable to delete '../../../../../../Users/chris/OneDrive/Documents/Unreal Projects/HackDaWorld/Intermediate/CachedAssetRegistry.bin', retrying in .5s...
[2018.06.02-23.56.28:742][  0]LogFileManager: Error: Error deleting file '../../../../../../Users/chris/OneDrive/Documents/Unreal Projects/HackDaWorld/Intermediate/CachedAssetRegistry.bin'.
[2018.06.02-23.56.28:742][  0]LogInit: Selected Device Profile: [Windows]
[2018.06.02-23.56.29:260][  0]LogSimplygon: Simplygon DLL not present - disabling.
[2018.06.02-23.56.29:279][  0]LogMeshReduction: Using SimplygonSwarm for distributed automatic mesh merging
[2018.06.02-23.56.29:279][  0]LogMeshReduction: Using QuadricMeshReduction for automatic static mesh reduction
[2018.06.02-23.56.29:279][  0]LogMeshReduction: No automatic skeletal mesh reduction module available
[2018.06.02-23.56.29:279][  0]LogMeshReduction: No automatic mesh merging module available
[2018.06.02-23.56.29:279][  0]LogMeshMerging: No automatic mesh merging module available
[2018.06.02-23.56.29:396][  0]LogNetVersion: HackDaWorld , NetCL: 3944462, EngineNetVer: 2, GameNetVer: 0 (Checksum: 3377829108)
[2018.06.02-23.56.29:781][  0]LogConfig: Warning: Failed to saved backup for config[GameplayTagsList]
[2018.06.02-23.56.29:784][  0]LogConfig: Warning: Failed to saved backup for config[GameplayTags]
[2018.06.02-23.56.30:026][  0]LogConfig: Warning: Failed to saved backup for config[TemplateDefs]
[2018.06.02-23.56.30:796][  0]LogFileManager: Warning: DeleteFile was unable to delete '../../../../../../Users/chris/OneDrive/Documents/Unreal Projects/HackDaWorld/Intermediate/AssetRegistryCache/5a627529.bin', retrying in .5s...
[2018.06.02-23.56.31:297][  0]LogFileManager: Error: Error deleting file '../../../../../../Users/chris/OneDrive/Documents/Unreal Projects/HackDaWorld/Intermediate/AssetRegistryCache/5a627529.bin'.
[2018.06.02-23.56.31:327][  0]LogFileManager: Warning: DeleteFile was unable to delete '../../../../../../Users/chris/OneDrive/Documents/Unreal Projects/HackDaWorld/Intermediate/AssetRegistryCache/2657c409.bin', retrying in .5s...
[2018.06.02-23.56.31:828][  0]LogFileManager: Error: Error deleting file '../../../../../../Users/chris/OneDrive/Documents/Unreal Projects/HackDaWorld/Intermediate/AssetRegistryCache/2657c409.bin'.
[2018.06.02-23.56.31:859][  0]LogFileManager: Warning: DeleteFile was unable to delete '../../../../../../Users/chris/OneDrive/Documents/Unreal Projects/HackDaWorld/Intermediate/AssetRegistryCache/1d5167fa.bin', retrying in .5s...
[2018.06.02-23.56.32:360][  0]LogFileManager: Error: Error deleting file '../../../../../../Users/chris/OneDrive/Documents/Unreal Projects/HackDaWorld/Intermediate/AssetRegistryCache/1d5167fa.bin'.
[2018.06.02-23.56.32:388][  0]LogFileManager: Warning: DeleteFile was unable to delete '../../../../../../Users/chris/OneDrive/Documents/Unreal Projects/HackDaWorld/Intermediate/AssetRegistryCache/866581fd.bin', retrying in .5s...
[2018.06.02-23.56.32:889][  0]LogFileManager: Error: Error deleting file '../../../../../../Users/chris/OneDrive/Documents/Unreal Projects/HackDaWorld/Intermediate/AssetRegistryCache/866581fd.bin'.
[2018.06.02-23.56.32:902][  0]LogFileManager: Warning: DeleteFile was unable to delete '../../../../../../Users/chris/OneDrive/Documents/Unreal Projects/HackDaWorld/Intermediate/AssetRegistryCache/94c5d5a7.bin', retrying in .5s...
[2018.06.02-23.56.33:405][  0]LogFileManager: Error: Error deleting file '../../../../../../Users/chris/OneDrive/Documents/Unreal Projects/HackDaWorld/Intermediate/AssetRegistryCache/94c5d5a7.bin'.
[2018.06.02-23.56.33:428][  0]LogFileManager: Warning: DeleteFile was unable to delete '../../../../../../Users/chris/OneDrive/Documents/Unreal Projects/HackDaWorld/Intermediate/AssetRegistryCache/8c0e1344.bin', retrying in .5s...
[2018.06.02-23.56.33:930][  0]LogFileManager: Error: Error deleting file '../../../../../../Users/chris/OneDrive/Documents/Unreal Projects/HackDaWorld/Intermediate/AssetRegistryCache/8c0e1344.bin'.
[2018.06.02-23.56.33:961][  0]LogFileManager: Warning: DeleteFile was unable to delete '../../../../../../Users/chris/OneDrive/Documents/Unreal Projects/HackDaWorld/Intermediate/AssetRegistryCache/29c3675e.bin', retrying in .5s...
[2018.06.02-23.56.34:464][  0]LogFileManager: Error: Error deleting file '../../../../../../Users/chris/OneDrive/Documents/Unreal Projects/HackDaWorld/Intermediate/AssetRegistryCache/29c3675e.bin'.
[2018.06.02-23.56.34:509][  0]LogFileManager: Warning: DeleteFile was unable to delete '../../../../../../Users/chris/OneDrive/Documents/Unreal Projects/HackDaWorld/Intermediate/AssetRegistryCache/c9e91a3f.bin', retrying in .5s...
[2018.06.02-23.56.35:010][  0]LogFileManager: Error: Error deleting file '../../../../../../Users/chris/OneDrive/Documents/Unreal Projects/HackDaWorld/Intermediate/AssetRegistryCache/c9e91a3f.bin'.
[2018.06.02-23.56.35:042][  0]LogFileManager: Warning: DeleteFile was unable to delete '../../../../../../Users/chris/OneDrive/Documents/Unreal Projects/HackDaWorld/Intermediate/AssetRegistryCache/995fc7f5.bin', retrying in .5s...
[2018.06.02-23.56.35:543][  0]LogFileManager: Error: Error deleting file '../../../../../../Users/chris/OneDrive/Documents/Unreal Projects/HackDaWorld/Intermediate/AssetRegistryCache/995fc7f5.bin'.
[2018.06.02-23.56.35:570][  0]LogFileManager: Warning: DeleteFile was unable to delete '../../../../../../Users/chris/OneDrive/Documents/Unreal Projects/HackDaWorld/Intermediate/AssetRegistryCache/50a675f9.bin', retrying in .5s...
[2018.06.02-23.56.36:072][  0]LogFileManager: Error: Error deleting file '../../../../../../Users/chris/OneDrive/Documents/Unreal Projects/HackDaWorld/Intermediate/AssetRegistryCache/50a675f9.bin'.
[2018.06.02-23.56.36:096][  0]LogFileManager: Warning: DeleteFile was unable to delete '../../../../../../Users/chris/OneDrive/Documents/Unreal Projects/HackDaWorld/Intermediate/AssetRegistryCache/44c3f9c9.bin', retrying in .5s...
[2018.06.02-23.56.36:597][  0]LogFileManager: Error: Error deleting file '../../../../../../Users/chris/OneDrive/Documents/Unreal Projects/HackDaWorld/Intermediate/AssetRegistryCache/44c3f9c9.bin'.
[2018.06.02-23.56.36:627][  0]LogFileManager: Warning: DeleteFile was unable to delete '../../../../../../Users/chris/OneDrive/Documents/Unreal Projects/HackDaWorld/Intermediate/AssetRegistryCache/52ed2538.bin', retrying in .5s...
[2018.06.02-23.56.37:128][  0]LogFileManager: Error: Error deleting file '../../../../../../Users/chris/OneDrive/Documents/Unreal Projects/HackDaWorld/Intermediate/AssetRegistryCache/52ed2538.bin'.
[2018.06.02-23.56.37:160][  0]LogFileManager: Warning: DeleteFile was unable to delete '../../../../../../Users/chris/OneDrive/Documents/Unreal Projects/HackDaWorld/Intermediate/AssetRegistryCache/50d6f4e0.bin', retrying in .5s...
[2018.06.02-23.56.37:661][  0]LogFileManager: Error: Error deleting file '../../../../../../Users/chris/OneDrive/Documents/Unreal Projects/HackDaWorld/Intermediate/AssetRegistryCache/50d6f4e0.bin'.
[2018.06.02-23.56.37:696][  0]LogFileManager: Warning: DeleteFile was unable to delete '../../../../../../Users/chris/OneDrive/Documents/Unreal Projects/HackDaWorld/Intermediate/AssetRegistryCache/2f5244c7.bin', retrying in .5s...
[2018.06.02-23.56.38:199][  0]LogFileManager: Error: Error deleting file '../../../../../../Users/chris/OneDrive/Documents/Unreal Projects/HackDaWorld/Intermediate/AssetRegistryCache/2f5244c7.bin'.
[2018.06.02-23.56.38:219][  0]LogFileManager: Warning: DeleteFile was unable to delete '../../../../../../Users/chris/OneDrive/Documents/Unreal Projects/HackDaWorld/Intermediate/AssetRegistryCache/cef2e191.bin', retrying in .5s...
[2018.06.02-23.56.38:722][  0]LogFileManager: Error: Error deleting file '../../../../../../Users/chris/OneDrive/Documents/Unreal Projects/HackDaWorld/Intermediate/AssetRegistryCache/cef2e191.bin'.
[2018.06.02-23.56.38:747][  0]LogFileManager: Warning: DeleteFile was unable to delete '../../../../../../Users/chris/OneDrive/Documents/Unreal Projects/HackDaWorld/Intermediate/AssetRegistryCache/f0d5030c.bin', retrying in .5s...
[2018.06.02-23.56.39:247][  0]LogFileManager: Error: Error deleting file '../../../../../../Users/chris/OneDrive/Documents/Unreal Projects/HackDaWorld/Intermediate/AssetRegistryCache/f0d5030c.bin'.
[2018.06.02-23.56.39:279][  0]LogFileManager: Warning: DeleteFile was unable to delete '../../../../../../Users/chris/OneDrive/Documents/Unreal Projects/HackDaWorld/Intermediate/AssetRegistryCache/bf121eca.bin', retrying in .5s...
[2018.06.02-23.56.39:780][  0]LogFileManager: Error: Error deleting file '../../../../../../Users/chris/OneDrive/Documents/Unreal Projects/HackDaWorld/Intermediate/AssetRegistryCache/bf121eca.bin'.
[2018.06.02-23.56.39:822][  0]LogFileManager: Warning: DeleteFile was unable to delete '../../../../../../Users/chris/OneDrive/Documents/Unreal Projects/HackDaWorld/Intermediate/AssetRegistryCache/1f683343.bin', retrying in .5s...
[2018.06.02-23.56.40:324][  0]LogFileManager: Error: Error deleting file '../../../../../../Users/chris/OneDrive/Documents/Unreal Projects/HackDaWorld/Intermediate/AssetRegistryCache/1f683343.bin'.
[2018.06.02-23.56.40:335][  0]LogPackageLocalizationCache: Processed 9 localized package path(s) for 2 prioritized culture(s) in 9.547783 seconds
[2018.06.02-23.56.40:346][  0]LogUObjectArray: 36728 objects as part of root set at end of initial load.
[2018.06.02-23.56.40:346][  0]LogUObjectAllocator: 7314304 out of 0 bytes used by permanent object pool.
[2018.06.02-23.56.40:346][  0]LogUObjectArray: CloseDisregardForGC: 0/0 objects in disregard for GC pool
[2018.06.02-23.56.53:352][  0]LogConfig: Warning: Failed to saved backup for config[InternationalizationExport]
[2018.06.02-23.56.53:355][  0]LogConfig: Warning: Failed to saved backup for config[TranslationPickerSettings]
[2018.06.02-23.56.53:920][  0]LogTcpMessaging: Initializing TcpMessaging bridge
[2018.06.02-23.56.54:005][  0]LogUdpMessaging: Initializing bridge on interface 0.0.0.0:0 to multicast group 230.0.0.1:6666.
[2018.06.02-23.56.54:840][  0]LogConfig: Warning: Failed to saved backup for config[SourceControlSettings]
[2018.06.02-23.56.54:854][  0]LogConfig: Warning: Failed to saved backup for config[SourceControlSettings]
[2018.06.02-23.56.54:854][  0]SourceControl: Source control is disabled
[2018.06.02-23.56.54:855][  0]SourceControl: Source control is disabled
[2018.06.02-23.56.54:918][  0]SourceControl: Source control is disabled
[2018.06.02-23.56.54:959][  0]SourceControl: Source control is disabled
[2018.06.02-23.56.55:151][  0]LogConfig: Warning: Failed to saved backup for config[Encryption]
[2018.06.02-23.56.55:153][  0]LogConfig: Warning: Failed to saved backup for config[Crypto]
[2018.06.02-23.56.55:986][  0]LogConfig: Warning: Failed to saved backup for config[UnitTestStats]
[2018.06.02-23.56.55:989][  0]LogConfig: Warning: Failed to saved backup for config[UnitTest]
[2018.06.02-23.56.56:125][  0]LogAndroidPermission: UAndroidPermissionCallbackProxy::GetInstance
[2018.06.02-23.56.56:483][  0]LogOcInput: OculusInput pre-init called
[2018.06.02-23.56.56:740][  0]LogEngine: Initializing Engine...
[2018.06.02-23.56.56:743][  0]LogHMD: Failed to initialize OpenVR with code 110
[2018.06.02-23.56.56:764][  0]LogStats: UGameplayTagsManager::ConstructGameplayTagTree: Construct from data asset -  0.000 s
[2018.06.02-23.56.56:764][  0]LogStats: UGameplayTagsManager::ConstructGameplayTagTree: GameplayTagTreeChangedEvent.Broadcast -  0.000 s
[2018.06.02-23.56.57:351][  0]LogAIModule: Creating AISystem for world Untitled
[2018.06.02-23.56.57:393][  0]LogInit: XAudio2 using 'Speakers / Headphones (Realtek Audio)' : 2 channels at 48 kHz using 32 bits per sample (channel mask 0x3)
[2018.06.02-23.56.57:430][  0]LogInit: FAudioDevice initialized.
[2018.06.02-23.56.57:618][  0]LogDerivedDataCache: Saved boot cache 0.19s 74MB C:/Users/chris/AppData/Local/UnrealEngine/4.19/DerivedDataCache/Boot.ddc.
[2018.06.02-23.56.57:650][  0]LogInit: Texture streaming: Enabled
[2018.06.02-23.56.57:705][  0]LogEngineSessionManager: EngineSessionManager initialized
[2018.06.02-23.56.57:785][  0]LogInit: Transaction tracking system initialized
[2018.06.02-23.56.57:839][  0]BlueprintLog: New page: Editor Load
[2018.06.02-23.56.58:038][  0]LogConfig: Warning: Failed to saved backup for config[LocalizationServiceSettings]
[2018.06.02-23.56.58:042][  0]LogConfig: Warning: Failed to saved backup for config[LocalizationServiceSettings]
[2018.06.02-23.56.58:042][  0]LocalizationService: Localization service is disabled
[2018.06.02-23.56.58:394][  0]LogConsoleResponse: Display: 
[2018.06.02-23.56.58:695][  0]LogCook: Display: Max memory allowance for cook 16384mb min free memory 0mb
[2018.06.02-23.56.58:696][  0]LogCook: Display: Mobile HDR setting 1
[2018.06.02-23.56.58:696][  0]LogGameplayTags: Display: UGameplayTagsManager::DoneAddingNativeTags. DelegateIsBound: 0
[2018.06.02-23.56.58:696][  0]LogStats: UGameplayTagsManager::ConstructGameplayTagTree: Construct from data asset -  0.000 s
[2018.06.02-23.56.58:696][  0]LogStats: UGameplayTagsManager::ConstructGameplayTagTree: GameplayTagTreeChangedEvent.Broadcast -  0.000 s
[2018.06.02-23.56.59:505][  0]LogFileCache: Scanning file cache for directory 'C:/Users/chris/OneDrive/Documents/Unreal Projects/HackDaWorld/Content/' took 0.02s
[2018.06.02-23.57.01:750][  0]SourceControl: Source control is disabled
[2018.06.02-23.57.01:750][  0]Cmd: MAP LOAD FILE="../../../../../../Users/chris/OneDrive/Documents/Unreal Projects/HackDaWorld/Content/SideScrollerBP/Maps/SideScrollerExampleMap.umap" TEMPLATE=0 SHOWPROGRESS=1 FEATURELEVEL=3
[2018.06.02-23.57.01:751][  0]LightingResults: New page: Lighting Build
[2018.06.02-23.57.01:756][  0]MapCheck: New page: Map Check
[2018.06.02-23.57.01:756][  0]LightingResults: New page: Lighting Build
[2018.06.02-23.57.02:026][  0]LogUObjectGlobals: Created PersistentFrame Addr=0x000001ee1c888b00, Size=64, Default__ThirdPerson_AnimBP_C Function /Game/Mannequin/Animations/ThirdPerson_AnimBP.ThirdPerson_AnimBP_C:ExecuteUbergraph_ThirdPerson_AnimBP
[2018.06.02-23.57.02:137][  0]LogUObjectGlobals: Destroyed PersistentFrame Addr=0x000001ee1c888b00, Size=64
[2018.06.02-23.57.02:137][  0]LogUObjectGlobals: Created PersistentFrame Addr=0x000001ee36067480, Size=64, Default__ThirdPerson_AnimBP_C Function /Engine/Transient.REINST_ThirdPerson_AnimBP_C_0:ExecuteUbergraph_ThirdPerson_AnimBP
[2018.06.02-23.57.02:214][  0]LogUObjectGlobals: Created PersistentFrame Addr=0x000001ee35fddf30, Size=72, Default__ThirdPerson_AnimBP_C Function /Game/Mannequin/Animations/ThirdPerson_AnimBP.ThirdPerson_AnimBP_C:ExecuteUbergraph_ThirdPerson_AnimBP
[2018.06.02-23.57.02:591][  0]LogUObjectGlobals: Created PersistentFrame Addr=0x000001ee35fbbf20, Size=56, Default__SideScrollerCharacter_C Function /Game/SideScrollerBP/Blueprints/SideScrollerCharacter.SideScrollerCharacter_C:ExecuteUbergraph_SideScrollerCharacter
[2018.06.02-23.57.02:654][  0]LogUObjectGlobals: Destroyed PersistentFrame Addr=0x000001ee35fbbf20, Size=56
[2018.06.02-23.57.02:654][  0]LogUObjectGlobals: Created PersistentFrame Addr=0x000001ee35fbbf20, Size=56, Default__SideScrollerCharacter_C Function /Engine/Transient.REINST_SideScrollerCharacter_C_4:ExecuteUbergraph_SideScrollerCharacter
[2018.06.02-23.57.02:725][  0]LogUObjectGlobals: Created PersistentFrame Addr=0x000001ee35fe6340, Size=160, Default__SideScrollerCharacter_C Function /Game/SideScrollerBP/Blueprints/SideScrollerCharacter.SideScrollerCharacter_C:ExecuteUbergraph_SideScrollerCharacter
[2018.06.02-23.57.04:793][  0]LogSkeletalMesh: Skeletal Mesh found in DDC [16.307365ms] /Game/Mannequin/Character/Mesh/SK_Mannequin.SK_Mannequin
[2018.06.02-23.57.04:812][  0]LogAIModule: Creating AISystem for world SideScrollerExampleMap
[2018.06.02-23.57.04:840][  0]LogEditorServer: Finished looking for orphan Actors (0.001 secs)
[2018.06.02-23.57.04:876][  0]LogUObjectGlobals: Destroyed PersistentFrame Addr=0x000001ee36067480, Size=64
[2018.06.02-23.57.04:876][  0]LogUObjectGlobals: Destroyed PersistentFrame Addr=0x000001ee35fbbf20, Size=56
[2018.06.02-23.57.04:879][  0]Cmd: MAP CHECKDEP NOCLEARLOG
[2018.06.02-23.57.05:491][  0]MapCheck: Map check complete: 0 Error(s), 0 Warning(s), took 611.132ms to complete.
[2018.06.02-23.57.05:493][  0]LogFileHelpers: Loading map 'SideScrollerExampleMap' took 3.742
[2018.06.02-23.57.06:600][  0]LogCollectionManager: Loaded 0 collections in 0.014381 seconds
[2018.06.02-23.57.06:755][  0]LogFileCache: Scanning file cache for directory 'C:/Users/chris/OneDrive/Documents/Unreal Projects/HackDaWorld/Saved/Collections/' took 0.02s
[2018.06.02-23.57.06:756][  0]LogFileCache: Scanning file cache for directory 'C:/Users/chris/OneDrive/Documents/Unreal Projects/HackDaWorld/Content/Developers/chris/Collections/' took 0.02s
[2018.06.02-23.57.06:757][  0]LogFileCache: Scanning file cache for directory 'C:/Users/chris/OneDrive/Documents/Unreal Projects/HackDaWorld/Content/Collections/' took 0.02s
[2018.06.02-23.57.06:757][  0]LogCollectionManager: Rebuilt the GUID cache for 0 collections in 0.000005 seconds
[2018.06.02-23.57.06:812][  0]LogContentBrowser: Native class hierarchy populated in 0.0533 seconds. Added 2452 classes and 558 folders.
[2018.06.02-23.57.06:901][  0]LogContentBrowser: Native class hierarchy updated for 'WidgetCarousel' in 0.0010 seconds. Added 0 classes and 0 folders.
[2018.06.02-23.57.07:198][  0]LogContentBrowser: Native class hierarchy updated for 'AddContentDialog' in 0.0028 seconds. Added 0 classes and 0 folders.
[2018.06.02-23.57.07:212][  0]LogContentBrowser: Native class hierarchy updated for 'SceneOutliner' in 0.0007 seconds. Added 1 classes and 2 folders.
[2018.06.02-23.57.07:288][  0]LogSlate: Took 0.001239 seconds to synchronously load lazily loaded font '../../../Engine/Content/Slate/Fonts/Roboto-Regular.ttf' (155K)
[2018.06.02-23.57.07:292][  0]LogSlate: Took 0.000666 seconds to synchronously load lazily loaded font '../../../Engine/Content/Slate/Fonts/Roboto-Bold.ttf' (160K)
[2018.06.02-23.57.07:315][  0]LogSlate: Took 0.000400 seconds to synchronously load lazily loaded font '../../../Engine/Content/Editor/Slate/Fonts/FontAwesome.ttf' (139K)
[2018.06.02-23.57.07:501][  0]LogRenderer: Reallocating scene render targets to support 956x460 Format 10 NumSamples 1 (Frame:1).
[2018.06.02-23.57.08:269][  0]LogContentBrowser: Native class hierarchy updated for 'HierarchicalLODOutliner' in 0.0006 seconds. Added 0 classes and 0 folders.
[2018.06.02-23.57.08:269][  0]LogLoad: (Engine Initialization) Total time: 59.54 seconds
[2018.06.02-23.57.08:269][  0]LogLoad: (Engine Initialization) Total Blueprint compile time: 0.00 seconds
[2018.06.02-23.57.08:605][  0]LogWindowsTextInputMethodSystem: Display: IME system now deactivated.
[2018.06.02-23.57.08:632][  0]LogContentStreaming: Texture pool size now 1000 MB
[2018.06.02-23.57.09:302][  2]LogAssetRegistry: Asset discovery search completed in 41.7082 seconds
[2018.06.02-23.57.09:305][  2]LogCollectionManager: Rebuilt the object cache for 0 collections in 0.000000 seconds (found 0 objects)
[2018.06.02-23.57.09:305][  2]LogCollectionManager: Fixed up redirectors for 0 collections in 0.000071 seconds (updated 0 objects)
[2018.06.02-23.57.10:606][  6]LogSlate: FSceneViewport::OnFocusLost() reason 0
[2018.06.02-23.57.10:967][  8]LogSlate: Window 'HackDaWorld - Unreal Editor' being destroyed
[2018.06.02-23.57.10:968][  8]LogWindowsTextInputMethodSystem: Display: IME system now deactivated.
[2018.06.02-23.57.12:535][  9]Cmd: QUIT_EDITOR
[2018.06.02-23.57.13:030][  9]LogSlate: Slate User Destroyed.  User Index 0, Is Virtual User: 0
[2018.06.02-23.57.13:030][  9]LogExit: Preparing to exit.
[2018.06.02-23.57.14:679][  9]LogDirectoryWatcher: A directory notification for 'C:/Users/chris/OneDrive/Documents/Unreal Projects/HackDaWorld/Content/' was aborted.
[2018.06.02-23.57.14:903][  9]LogExit: Editor shut down
[2018.06.02-23.57.14:952][  9]LogExit: Transaction tracking system shut down
[2018.06.02-23.57.14:960][  9]LogUObjectGlobals: Destroyed PersistentFrame Addr=0x000001ee35fddf30, Size=72
[2018.06.02-23.57.14:962][  9]LogUObjectGlobals: Destroyed PersistentFrame Addr=0x000001ee35fe6340, Size=160
[2018.06.02-23.57.16:052][  9]LogFileManager: Warning: DeleteFile was unable to delete '../../../../../../Users/chris/OneDrive/Documents/Unreal Projects/HackDaWorld/Intermediate/CachedAssetRegistry.bin', retrying in .5s...
[2018.06.02-23.57.16:053][  9]LogFileManager: Error: Error deleting file '../../../../../../Users/chris/OneDrive/Documents/Unreal Projects/HackDaWorld/Intermediate/CachedAssetRegistry.bin'.
[2018.06.02-23.57.16:056][  9]LogDirectoryWatcher: A directory notification for '../../../Engine/Content/' was aborted.
[2018.06.02-23.57.16:060][  9]LogDirectoryWatcher: A directory notification for '../../../../../../Users/chris/OneDrive/Documents/Unreal Projects/HackDaWorld/Content/' was aborted.
[2018.06.02-23.57.16:061][  9]LogDirectoryWatcher: A directory notification for '../../Plugins/2D/Paper2D/Content/' was aborted.
[2018.06.02-23.57.16:065][  9]LogDirectoryWatcher: A directory notification for '../../Plugins/Enterprise/DatasmithContent/Content/' was aborted.
[2018.06.02-23.57.16:069][  9]LogDirectoryWatcher: A directory notification for '../../Plugins/Media/MediaCompositing/Content/' was aborted.
[2018.06.02-23.57.16:070][  9]LogDirectoryWatcher: A directory notification for '../../Plugins/Runtime/AppleARKit/Content/' was aborted.
[2018.06.02-23.57.16:070][  9]LogDirectoryWatcher: A directory notification for '../../Plugins/Runtime/Oculus/OculusVR/Content/' was aborted.
[2018.06.02-23.57.16:070][  9]LogDirectoryWatcher: A directory notification for '../../Plugins/Runtime/Steam/SteamVR/Content/' was aborted.
[2018.06.02-23.57.17:233][  9]LogExit: Object subsystem successfully closed.
[2018.06.02-23.57.17:748][  9]LogShaderCompilers: Display: Shaders left to compile 0
[2018.06.02-23.57.17:835][  9]LogD3D11RHI: Shutdown
[2018.06.02-23.57.17:844][  9]LogD3D11RHI: CleanupD3DDevice
[2018.06.02-23.57.17:892][  9]LogD3D11RHI: ~FD3D11DynamicRHI
[2018.06.02-23.57.18:447][  9]LogModuleManager: Shutting down and abandoning module HierarchicalLODOutliner (574)
[2018.06.02-23.57.18:448][  9]LogModuleManager: Shutting down and abandoning module SceneOutliner (572)
[2018.06.02-23.57.18:448][  9]LogModuleManager: Shutting down and abandoning module AddContentDialog (570)
[2018.06.02-23.57.18:450][  9]LogDirectoryWatcher: A directory notification for 'C:/Program Files/Epic Games/UE_4.19/FeaturePacks/' was aborted.
[2018.06.02-23.57.18:461][  9]LogModuleManager: Shutting down and abandoning module WidgetCarousel (569)
[2018.06.02-23.57.18:461][  9]LogModuleManager: Shutting down and abandoning module EditorWidgets (566)
[2018.06.02-23.57.18:462][  9]LogModuleManager: Shutting down and abandoning module CollectionManager (564)
[2018.06.02-23.57.18:462][  9]LogDirectoryWatcher: A directory notification for 'C:/Users/chris/OneDrive/Documents/Unreal Projects/HackDaWorld/Content/Collections/' was aborted.
[2018.06.02-23.57.18:464][  9]LogDirectoryWatcher: A directory notification for 'C:/Users/chris/OneDrive/Documents/Unreal Projects/HackDaWorld/Content/Developers/chris/Collections/' was aborted.
[2018.06.02-23.57.18:465][  9]LogDirectoryWatcher: A directory notification for 'C:/Users/chris/OneDrive/Documents/Unreal Projects/HackDaWorld/Saved/Collections/' was aborted.
[2018.06.02-23.57.18:466][  9]LogModuleManager: Shutting down and abandoning module StatsViewer (562)
[2018.06.02-23.57.18:468][  9]LogModuleManager: Shutting down and abandoning module FoliageEdit (560)
[2018.06.02-23.57.18:469][  9]LogModuleManager: Shutting down and abandoning module LandscapeEditor (558)
[2018.06.02-23.57.18:470][  9]LogModuleManager: Shutting down and abandoning module MeshPaintMode (556)
[2018.06.02-23.57.18:471][  9]LogModuleManager: Shutting down and abandoning module SceneDepthPickerMode (554)
[2018.06.02-23.57.18:471][  9]LogModuleManager: Shutting down and abandoning module ActorPickerMode (552)
[2018.06.02-23.57.18:471][  9]LogModuleManager: Shutting down and abandoning module GeometryMode (550)
[2018.06.02-23.57.18:471][  9]LogModuleManager: Shutting down and abandoning module TextureAlignMode (548)
[2018.06.02-23.57.18:472][  9]LogModuleManager: Shutting down and abandoning module BspMode (546)
[2018.06.02-23.57.18:472][  9]LogModuleManager: Shutting down and abandoning module PIEPreviewDeviceProfileSelector (544)
[2018.06.02-23.57.18:472][  9]LogModuleManager: Shutting down and abandoning module HardwareSurvey (542)
[2018.06.02-23.57.18:472][  9]LogModuleManager: Shutting down and abandoning module SequenceRecorderSections (540)
[2018.06.02-23.57.18:472][  9]LogModuleManager: Shutting down and abandoning module AutomationWorker (538)
[2018.06.02-23.57.18:472][  9]LogModuleManager: Shutting down and abandoning module AudioCaptureEditor (536)
[2018.06.02-23.57.18:473][  9]LogModuleManager: Shutting down and abandoning module SequenceRecorder (535)
[2018.06.02-23.57.18:473][  9]LogModuleManager: Shutting down and abandoning module MatineeToLevelSequence (532)
[2018.06.02-23.57.18:473][  9]LogModuleManager: Shutting down and abandoning module LevelSequenceEditor (530)
[2018.06.02-23.57.18:474][  9]LogModuleManager: Shutting down and abandoning module PlacementMode (529)
[2018.06.02-23.57.18:474][  9]LogModuleManager: Shutting down and abandoning module MaterialEditor (528)
[2018.06.02-23.57.18:475][  9]LogModuleManager: Shutting down and abandoning module WmfMediaFactory (524)
[2018.06.02-23.57.18:475][  9]LogModuleManager: Shutting down and abandoning module WmfMediaEditor (522)
[2018.06.02-23.57.18:475][  9]LogModuleManager: Shutting down and abandoning module MediaPlayerEditor (520)
[2018.06.02-23.57.18:477][  9]LogModuleManager: Shutting down and abandoning module OpenExrWrapper (518)
[2018.06.02-23.57.18:481][  9]LogModuleManager: Shutting down and abandoning module ImgMediaFactory (516)
[2018.06.02-23.57.18:481][  9]LogModuleManager: Shutting down and abandoning module ImgMediaEditor (514)
[2018.06.02-23.57.18:483][  9]LogModuleManager: Shutting down and abandoning module AvfMediaFactory (512)
[2018.06.02-23.57.18:483][  9]LogModuleManager: Shutting down and abandoning module AvfMediaEditor (510)
[2018.06.02-23.57.18:483][  9]LogModuleManager: Shutting down and abandoning module AndroidMediaFactory (508)
[2018.06.02-23.57.18:484][  9]LogModuleManager: Shutting down and abandoning module AndroidMediaEditor (506)
[2018.06.02-23.57.18:484][  9]LogModuleManager: Shutting down and abandoning module CharacterAI (504)
[2018.06.02-23.57.18:484][  9]LogModuleManager: Shutting down and abandoning module SmartSnapping (502)
[2018.06.02-23.57.18:484][  9]LogModuleManager: Shutting down and abandoning module SessionServices (500)
[2018.06.02-23.57.18:484][  9]LogModuleManager: Shutting down and abandoning module ViewportSnapping (498)
[2018.06.02-23.57.18:484][  9]LogModuleManager: Shutting down and abandoning module ViewportInteraction (496)
[2018.06.02-23.57.18:484][  9]LogModuleManager: Shutting down and abandoning module ClothPainter (494)
[2018.06.02-23.57.18:485][  9]LogModuleManager: Shutting down and abandoning module SkeletalMeshEditor (493)
[2018.06.02-23.57.18:485][  9]LogModuleManager: Shutting down and abandoning module LogVisualizer (490)
[2018.06.02-23.57.18:487][  9]LogModuleManager: Shutting down and abandoning module IntroTutorials (488)
[2018.06.02-23.57.18:490][  9]LogModuleManager: Shutting down and abandoning module GameProjectGeneration (487)
[2018.06.02-23.57.18:490][  9]LogModuleManager: Shutting down and abandoning module IOSPlatformEditor (484)
[2018.06.02-23.57.18:490][  9]LogModuleManager: Shutting down and abandoning module HTML5PlatformEditor (482)
[2018.06.02-23.57.18:490][  9]LogModuleManager: Shutting down and abandoning module AndroidPlatformEditor (480)
[2018.06.02-23.57.18:491][  9]LogModuleManager: Shutting down and abandoning module AndroidDeviceDetection (479)
[2018.06.02-23.57.19:254][  9]LogModuleManager: Shutting down and abandoning module WindowsPlatformEditor (476)
[2018.06.02-23.57.19:254][  9]LogModuleManager: Shutting down and abandoning module IOSRuntimeSettings (474)
[2018.06.02-23.57.19:254][  9]LogModuleManager: Shutting down and abandoning module AndroidRuntimeSettings (472)
[2018.06.02-23.57.19:254][  9]LogModuleManager: Shutting down and abandoning module InputBindingEditor (470)
[2018.06.02-23.57.19:254][  9]LogModuleManager: Shutting down and abandoning module MergeActors (468)
[2018.06.02-23.57.19:255][  9]LogModuleManager: Shutting down and abandoning module LocalizationDashboard (466)
[2018.06.02-23.57.19:255][  9]LogModuleManager: Shutting down and abandoning module LocalizationService (465)
[2018.06.02-23.57.19:255][  9]LogModuleManager: Shutting down and abandoning module HardwareTargeting (462)
[2018.06.02-23.57.19:256][  9]LogModuleManager: Shutting down and abandoning module DeviceProfileEditor (460)
[2018.06.02-23.57.19:256][  9]LogModuleManager: Shutting down and abandoning module UndoHistory (458)
[2018.06.02-23.57.19:258][  9]LogModuleManager: Shutting down and abandoning module XmlParser (456)
[2018.06.02-23.57.19:258][  9]LogModuleManager: Shutting down and abandoning module Blutility (454)
[2018.06.02-23.57.19:258][  9]LogModuleManager: Shutting down and abandoning module ProjectSettingsViewer (452)
[2018.06.02-23.57.19:258][  9]LogModuleManager: Shutting down and abandoning module ProjectTargetPlatformEditor (451)
[2018.06.02-23.57.19:260][  9]LogModuleManager: Shutting down and abandoning module EditorSettingsViewer (448)
[2018.06.02-23.57.19:260][  9]LogModuleManager: Shutting down and abandoning module SettingsEditor (446)
[2018.06.02-23.57.19:261][  9]LogModuleManager: Shutting down and abandoning module ProjectLauncher (444)
[2018.06.02-23.57.19:261][  9]LogModuleManager: Shutting down and abandoning module SessionFrontend (442)
[2018.06.02-23.57.19:261][  9]LogModuleManager: Shutting down and abandoning module ProfilerClient (440)
[2018.06.02-23.57.19:261][  9]LogModuleManager: Shutting down and abandoning module DeviceManager (438)
[2018.06.02-23.57.19:261][  9]LogModuleManager: Shutting down and abandoning module TargetDeviceServices (437)
[2018.06.02-23.57.19:337][  9]LogModuleManager: Shutting down and abandoning module AutomationController (434)
[2018.06.02-23.57.19:338][  9]LogModuleManager: Shutting down and abandoning module AutomationWindow (432)
[2018.06.02-23.57.19:338][  9]LogModuleManager: Shutting down and abandoning module Layers (430)
[2018.06.02-23.57.19:339][  9]LogModuleManager: Shutting down and abandoning module ComponentVisualizers (428)
[2018.06.02-23.57.19:339][  9]LogModuleManager: Shutting down and abandoning module DetailCustomizations (426)
[2018.06.02-23.57.19:339][  9]LogModuleManager: Shutting down and abandoning module PackagesDialog (424)
[2018.06.02-23.57.19:339][  9]LogModuleManager: Shutting down and abandoning module Persona (422)
[2018.06.02-23.57.19:340][  9]LogModuleManager: Shutting down and abandoning module AdvancedPreviewScene (421)
[2018.06.02-23.57.19:340][  9]LogModuleManager: Shutting down and abandoning module AnimGraph (419)
[2018.06.02-23.57.19:340][  9]LogModuleManager: Shutting down and abandoning module Kismet (416)
[2018.06.02-23.57.19:342][  9]LogModuleManager: Shutting down and abandoning module GraphEditor (414)
[2018.06.02-23.57.19:343][  9]LogModuleManager: Shutting down and abandoning module ClassViewer (412)
[2018.06.02-23.57.19:343][  9]LogModuleManager: Shutting down and abandoning module Toolbox (410)
[2018.06.02-23.57.19:344][  9]LogModuleManager: Shutting down and abandoning module ModuleUI (408)
[2018.06.02-23.57.19:344][  9]LogModuleManager: Shutting down and abandoning module MovieSceneTools (406)
[2018.06.02-23.57.19:344][  9]LogModuleManager: Shutting down and abandoning module OutputLog (404)
[2018.06.02-23.57.19:345][  9]LogModuleManager: Shutting down and abandoning module GammaUI (402)
[2018.06.02-23.57.19:345][  9]LogModuleManager: Shutting down and abandoning module Documentation (400)
[2018.06.02-23.57.19:345][  9]LogModuleManager: Shutting down and abandoning module MovieSceneTracks (398)
[2018.06.02-23.57.19:345][  9]LogModuleManager: Shutting down and abandoning module MovieScene (396)
[2018.06.02-23.57.19:345][  9]LogModuleManager: Shutting down and abandoning module StreamingPauseRendering (394)
[2018.06.02-23.57.19:345][  9]LogModuleManager: Shutting down and abandoning module LauncherPlatform (392)
[2018.06.02-23.57.19:346][  9]LogModuleManager: Shutting down and abandoning module AnalyticsET (390)
[2018.06.02-23.57.19:346][  9]LogModuleManager: Shutting down and abandoning module PortalServices (388)
[2018.06.02-23.57.19:346][  9]LogModuleManager: Shutting down and abandoning module PortalRpc (386)
[2018.06.02-23.57.19:346][  9]LogModuleManager: Shutting down and abandoning module MessagingRpc (384)
[2018.06.02-23.57.19:346][  9]LogModuleManager: Shutting down and abandoning module AIModule (382)
[2018.06.02-23.57.19:347][  9]LogModuleManager: Shutting down and abandoning module GameplayDebugger (381)
[2018.06.02-23.57.19:348][  9]LogModuleManager: Shutting down and abandoning module AITestSuite (379)
[2018.06.02-23.57.19:348][  9]LogModuleManager: Shutting down and abandoning module DesktopPlatform (376)
[2018.06.02-23.57.19:349][  9]LogModuleManager: Shutting down and abandoning module ProfilerService (374)
[2018.06.02-23.57.19:541][  9]LogModuleManager: Shutting down and abandoning module TaskGraph (372)
[2018.06.02-23.57.19:542][  9]LogModuleManager: Shutting down and abandoning module SteamVRController (370)
[2018.06.02-23.57.19:542][  9]LogModuleManager: Shutting down and abandoning module ProceduralMeshComponentEditor (368)
[2018.06.02-23.57.19:542][  9]LogModuleManager: Shutting down and abandoning module ProceduralMeshComponent (366)
[2018.06.02-23.57.19:542][  9]LogModuleManager: Shutting down and abandoning module OculusInput (364)
[2018.06.02-23.57.19:542][  9]LogModuleManager: Shutting down and abandoning module MobilePatchingUtils (362)
[2018.06.02-23.57.19:542][  9]LogModuleManager: Shutting down and abandoning module CustomMeshComponent (360)
[2018.06.02-23.57.19:542][  9]LogModuleManager: Shutting down and abandoning module CableComponent (358)
[2018.06.02-23.57.19:542][  9]LogModuleManager: Shutting down and abandoning module AudioCapture (356)
[2018.06.02-23.57.19:542][  9]LogModuleManager: Shutting down and abandoning module ArchVisCharacter (354)
[2018.06.02-23.57.19:542][  9]LogModuleManager: Shutting down and abandoning module AndroidPermission (352)
[2018.06.02-23.57.19:542][  9]LogModuleManager: Shutting down and abandoning module NUTUnrealEngine4 (348)
[2018.06.02-23.57.19:542][  9]LogModuleManager: Shutting down and abandoning module NetcodeUnitTest (346)
[2018.06.02-23.57.19:542][  9]LogModuleManager: Shutting down and abandoning module MediaCompositingEditor (344)
[2018.06.02-23.57.19:542][  9]LogModuleManager: Shutting down and abandoning module MediaCompositing (342)
[2018.06.02-23.57.19:542][  9]LogModuleManager: Shutting down and abandoning module LinearTimecode (340)
[2018.06.02-23.57.19:542][  9]LogModuleManager: Shutting down and abandoning module ImgMedia (338)
[2018.06.02-23.57.19:573][  9]LogModuleManager: Shutting down and abandoning module HTML5Networking (336)
[2018.06.02-23.57.19:573][  9]LogModuleManager: Shutting down and abandoning module AlembicImporter (334)
[2018.06.02-23.57.19:573][  9]LogModuleManager: Shutting down and abandoning module AlembicLibrary (333)
[2018.06.02-23.57.19:573][  9]LogModuleManager: Shutting down and abandoning module GeometryCache (332)
[2018.06.02-23.57.19:573][  9]LogModuleManager: Shutting down and abandoning module GeometryCacheEd (331)
[2018.06.02-23.57.19:574][  9]LogModuleManager: Shutting down and abandoning module DatasmithContent (326)
[2018.06.02-23.57.19:574][  9]LogModuleManager: Shutting down and abandoning module SpeedTreeImporter (324)
[2018.06.02-23.57.19:574][  9]LogModuleManager: Shutting down and abandoning module PluginBrowser (322)
[2018.06.02-23.57.19:574][  9]LogModuleManager: Shutting down and abandoning module MobileLauncherProfileWizard (320)
[2018.06.02-23.57.19:574][  9]LogModuleManager: Shutting down and abandoning module CryptoKeysOpenSSL (318)
[2018.06.02-23.57.19:574][  9]LogModuleManager: Shutting down and abandoning module CryptoKeys (316)
[2018.06.02-23.57.19:574][  9]LogModuleManager: Shutting down and abandoning module VisualStudioSourceCodeAccess (314)
[2018.06.02-23.57.19:574][  9]LogModuleManager: Shutting down and abandoning module VisualStudioCodeSourceCodeAccess (312)
[2018.06.02-23.57.19:574][  9]LogModuleManager: Shutting down and abandoning module UObjectPlugin (310)
[2018.06.02-23.57.19:574][  9]LogModuleManager: Shutting down and abandoning module SubversionSourceControl (308)
[2018.06.02-23.57.19:574][  9]LogModuleManager: Shutting down and abandoning module PerforceSourceControl (306)
[2018.06.02-23.57.19:574][  9]LogModuleManager: Shutting down and abandoning module GitSourceControl (304)
[2018.06.02-23.57.19:574][  9]LogModuleManager: Shutting down and abandoning module SourceControl (303)
[2018.06.02-23.57.19:575][  9]LogModuleManager: Shutting down and abandoning module CLionSourceCodeAccess (300)
[2018.06.02-23.57.19:575][  9]LogModuleManager: Shutting down and abandoning module LightPropagationVolumeEditor (298)
[2018.06.02-23.57.19:575][  9]LogModuleManager: Shutting down and abandoning module PaperTiledImporter (296)
[2018.06.02-23.57.19:575][  9]LogModuleManager: Shutting down and abandoning module PaperSpriteSheetImporter (294)
[2018.06.02-23.57.19:575][  9]LogModuleManager: Shutting down and abandoning module Paper2DEditor (292)
[2018.06.02-23.57.19:575][  9]LogModuleManager: Shutting down and abandoning module MeshPaint (291)
[2018.06.02-23.57.19:575][  9]LogModuleManager: Shutting down and abandoning module RuntimePhysXCooking (288)
[2018.06.02-23.57.19:575][  9]LogModuleManager: Shutting down and abandoning module PhysXVehiclesEditor (286)
[2018.06.02-23.57.19:575][  9]LogModuleManager: Shutting down and abandoning module PhysXVehicles (284)
[2018.06.02-23.57.19:575][  9]LogModuleManager: Shutting down and abandoning module OculusEditor (282)
[2018.06.02-23.57.19:575][  9]LogModuleManager: Shutting down and abandoning module LocationServicesBPLibrary (280)
[2018.06.02-23.57.19:575][  9]LogModuleManager: Shutting down and abandoning module ImmediatePhysicsEditor (278)
[2018.06.02-23.57.19:576][  9]LogModuleManager: Shutting down and abandoning module ImmediatePhysics (276)
[2018.06.02-23.57.19:576][  9]LogModuleManager: Shutting down and abandoning module ActorSequence (274)
[2018.06.02-23.57.19:576][  9]LogModuleManager: Shutting down and abandoning module UdpMessaging (272)
[2018.06.02-23.57.19:677][  9]LogModuleManager: Shutting down and abandoning module TcpMessaging (270)
[2018.06.02-23.57.19:778][  9]LogModuleManager: Shutting down and abandoning module GameplayTagsEditor (268)
[2018.06.02-23.57.19:778][  9]LogModuleManager: Shutting down and abandoning module FacialAnimationEditor (266)
[2018.06.02-23.57.19:778][  9]LogModuleManager: Shutting down and abandoning module FacialAnimation (264)
[2018.06.02-23.57.19:778][  9]LogModuleManager: Shutting down and abandoning module DataValidation (262)
[2018.06.02-23.57.19:778][  9]LogModuleManager: Shutting down and abandoning module AssetManagerEditor (260)
[2018.06.02-23.57.19:778][  9]LogModuleManager: Shutting down and abandoning module LevelEditor (259)
[2018.06.02-23.57.19:779][  9]LogModuleManager: Shutting down and abandoning module PixelInspectorModule (258)
[2018.06.02-23.57.19:779][  9]LogModuleManager: Shutting down and abandoning module CommonMenuExtensions (256)
[2018.06.02-23.57.19:779][  9]LogModuleManager: Shutting down and abandoning module MainFrame (254)
[2018.06.02-23.57.19:779][  9]LogModuleManager: Shutting down and abandoning module HotReload (253)
[2018.06.02-23.57.19:780][  9]LogModuleManager: Shutting down and abandoning module ContentBrowser (249)
[2018.06.02-23.57.19:784][  9]LogModuleManager: Shutting down and abandoning module TreeMap (247)
[2018.06.02-23.57.19:784][  9]LogModuleManager: Shutting down and abandoning module LightPropagationVolumeRuntime (244)
[2018.06.02-23.57.19:784][  9]LogModuleManager: Shutting down and abandoning module LiveLinkEditor (242)
[2018.06.02-23.57.19:784][  9]LogModuleManager: Shutting down and abandoning module LiveLink (240)
[2018.06.02-23.57.20:137][  9]LogModuleManager: Shutting down and abandoning module Paper2D (238)
[2018.06.02-23.57.20:138][  9]LogModuleManager: Shutting down and abandoning module WindowsMoviePlayer (236)
[2018.06.02-23.57.20:138][  9]LogModuleManager: Shutting down and abandoning module WmfMedia (234)
[2018.06.02-23.57.20:149][  9]LogModuleManager: Shutting down and abandoning module Media (233)
[2018.06.02-23.57.20:158][  9]LogModuleManager: Shutting down and abandoning module PacketHandler (230)
[2018.06.02-23.57.20:158][  9]LogModuleManager: Shutting down and abandoning module ClothingSystemEditor (228)
[2018.06.02-23.57.20:158][  9]LogModuleManager: Shutting down and abandoning module ClothingSystemRuntime (226)
[2018.06.02-23.57.20:158][  9]LogModuleManager: Shutting down and abandoning module MediaAssets (224)
[2018.06.02-23.57.20:158][  9]LogModuleManager: Shutting down and abandoning module Overlay (222)
[2018.06.02-23.57.20:158][  9]LogModuleManager: Shutting down and abandoning module OverlayEditor (221)
[2018.06.02-23.57.20:158][  9]LogModuleManager: Shutting down and abandoning module VREditor (218)
[2018.06.02-23.57.20:158][  9]LogModuleManager: Shutting down and abandoning module StringTableEditor (216)
[2018.06.02-23.57.20:159][  9]LogModuleManager: Shutting down and abandoning module GameplayTasksEditor (214)
[2018.06.02-23.57.20:159][  9]LogModuleManager: Shutting down and abandoning module BehaviorTreeEditor (212)
[2018.06.02-23.57.20:159][  9]LogModuleManager: Shutting down and abandoning module FunctionalTesting (210)
[2018.06.02-23.57.20:159][  9]LogModuleManager: Shutting down and abandoning module CollisionAnalyzer (208)
[2018.06.02-23.57.20:159][  9]LogModuleManager: Shutting down and abandoning module WorkspaceMenuStructure (207)
[2018.06.02-23.57.20:159][  9]LogModuleManager: Shutting down and abandoning module UMG (204)
[2018.06.02-23.57.20:159][  9]LogModuleManager: Shutting down and abandoning module UMGEditor (203)
[2018.06.02-23.57.20:160][  9]LogModuleManager: Shutting down and abandoning module Sequencer (202)
[2018.06.02-23.57.20:160][  9]LogModuleManager: Shutting down and abandoning module MessageLog (199)
[2018.06.02-23.57.20:160][  9]LogModuleManager: Shutting down and abandoning module SlateReflector (194)
[2018.06.02-23.57.20:160][  9]LogModuleManager: Shutting down and abandoning module Slate (192)
[2018.06.02-23.57.20:161][  9]LogModuleManager: Shutting down and abandoning module EditorStyle (190)
[2018.06.02-23.57.20:168][  9]LogModuleManager: Shutting down and abandoning module MRMesh (188)
[2018.06.02-23.57.20:169][  9]LogModuleManager: Shutting down and abandoning module SourceCodeAccess (186)
[2018.06.02-23.57.20:169][  9]LogModuleManager: Shutting down and abandoning module HeadMountedDisplay (184)
[2018.06.02-23.57.20:169][  9]LogModuleManager: Shutting down and abandoning module XAudio2 (182)
[2018.06.02-23.57.20:169][  9]LogModuleManager: Shutting down and abandoning module Networking (180)
[2018.06.02-23.57.20:169][  9]LogModuleManager: Shutting down and abandoning module Core (178)
[2018.06.02-23.57.20:169][  9]LogModuleManager: Shutting down and abandoning module LevelSequence (176)
[2018.06.02-23.57.20:170][  9]LogModuleManager: Shutting down and abandoning module KismetCompiler (174)
[2018.06.02-23.57.20:170][  9]LogModuleManager: Shutting down and abandoning module MeshUtilities (172)
[2018.06.02-23.57.20:170][  9]LogModuleManager: Shutting down and abandoning module MeshMergeUtilities (171)
[2018.06.02-23.57.20:170][  9]LogModuleManager: Shutting down and abandoning module MeshReductionInterface (170)
[2018.06.02-23.57.20:170][  9]LogModuleManager: Shutting down and abandoning module SimplygonSwarm (169)
[2018.06.02-23.57.20:170][  9]LogModuleManager: Shutting down and abandoning module SimplygonMeshReduction (167)
[2018.06.02-23.57.20:170][  9]LogModuleManager: Shutting down and abandoning module QuadricMeshReduction (165)
[2018.06.02-23.57.20:170][  9]LogModuleManager: Shutting down and abandoning module MaterialBaking (161)
[2018.06.02-23.57.20:171][  9]LogModuleManager: Shutting down and abandoning module DirectoryWatcher (157)
[2018.06.02-23.57.20:174][  9]LogModuleManager: Shutting down and abandoning module DerivedDataCache (154)
[2018.06.02-23.57.20:373][  9]LogDerivedDataCache: Shutdown
[2018.06.02-23.57.20:373][  9]LogModuleManager: Shutting down and abandoning module XGEController (152)
[2018.06.02-23.57.20:373][  9]LogModuleManager: Shutting down and abandoning module TargetPlatform (150)
[2018.06.02-23.57.20:373][  9]LogModuleManager: Shutting down and abandoning module VulkanShaderFormat (149)
[2018.06.02-23.57.20:374][  9]LogModuleManager: Shutting down and abandoning module ShaderFormatVectorVM (147)
[2018.06.02-23.57.20:374][  9]LogModuleManager: Shutting down and abandoning module ShaderFormatOpenGL (145)
[2018.06.02-23.57.20:374][  9]LogModuleManager: Shutting down and abandoning module ShaderFormatD3D (143)
[2018.06.02-23.57.20:374][  9]LogModuleManager: Shutting down and abandoning module MetalShaderFormat (141)
[2018.06.02-23.57.20:374][  9]LogModuleManager: Shutting down and abandoning module TextureFormatUncompressed (139)
[2018.06.02-23.57.20:374][  9]LogModuleManager: Shutting down and abandoning module TextureFormatPVR (137)
[2018.06.02-23.57.20:374][  9]LogModuleManager: Shutting down and abandoning module TextureFormatDXT (135)
[2018.06.02-23.57.20:374][  9]LogModuleManager: Shutting down and abandoning module TextureFormatIntelISPCTexComp (133)
[2018.06.02-23.57.20:375][  9]LogModuleManager: Shutting down and abandoning module TextureFormatASTC (131)
[2018.06.02-23.57.20:381][  9]LogModuleManager: Shutting down and abandoning module ImageWrapper (130)
[2018.06.02-23.57.20:381][  9]LogModuleManager: Shutting down and abandoning module TextureFormatAndroid (127)
[2018.06.02-23.57.20:381][  9]LogModuleManager: Shutting down and abandoning module AudioFormatOpus (125)
[2018.06.02-23.57.20:382][  9]LogModuleManager: Shutting down and abandoning module AudioFormatOgg (123)
[2018.06.02-23.57.20:382][  9]LogModuleManager: Shutting down and abandoning module AudioFormatADPCM (121)
[2018.06.02-23.57.20:382][  9]LogModuleManager: Shutting down and abandoning module LinuxTargetPlatform (119)
[2018.06.02-23.57.20:382][  9]LogModuleManager: Shutting down and abandoning module LinuxServerTargetPlatform (117)
[2018.06.02-23.57.20:385][  9]LogModuleManager: Shutting down and abandoning module LinuxNoEditorTargetPlatform (115)
[2018.06.02-23.57.20:392][  9]LogModuleManager: Shutting down and abandoning module LinuxClientTargetPlatform (113)
[2018.06.02-23.57.20:393][  9]LogModuleManager: Shutting down and abandoning module TVOSTargetPlatform (111)
[2018.06.02-23.57.20:393][  9]LogModuleManager: Shutting down and abandoning module Messaging (109)
[2018.06.02-23.57.20:399][  9]LogModuleManager: Shutting down and abandoning module IOSTargetPlatform (107)
[2018.06.02-23.57.20:400][  9]LogModuleManager: Shutting down and abandoning module HTML5TargetPlatform (105)
[2018.06.02-23.57.20:400][  9]LogModuleManager: Shutting down and abandoning module AndroidTargetPlatform (103)
[2018.06.02-23.57.20:400][  9]LogModuleManager: Shutting down and abandoning module Android_PVRTCTargetPlatform (101)
[2018.06.02-23.57.20:400][  9]LogModuleManager: Shutting down and abandoning module Android_MultiTargetPlatform (99)
[2018.06.02-23.57.20:400][  9]LogModuleManager: Shutting down and abandoning module Android_ETC2TargetPlatform (97)
[2018.06.02-23.57.20:401][  9]LogModuleManager: Shutting down and abandoning module Android_ETC1TargetPlatform (95)
[2018.06.02-23.57.20:401][  9]LogModuleManager: Shutting down and abandoning module Android_ETC1aTargetPlatform (93)
[2018.06.02-23.57.20:401][  9]LogModuleManager: Shutting down and abandoning module Android_DXTTargetPlatform (91)
[2018.06.02-23.57.20:401][  9]LogModuleManager: Shutting down and abandoning module Android_ATCTargetPlatform (89)
[2018.06.02-23.57.20:401][  9]LogModuleManager: Shutting down and abandoning module Android_ASTCTargetPlatform (87)
[2018.06.02-23.57.20:401][  9]LogModuleManager: Shutting down and abandoning module WindowsTargetPlatform (85)
[2018.06.02-23.57.20:402][  9]LogModuleManager: Shutting down and abandoning module WindowsServerTargetPlatform (83)
[2018.06.02-23.57.20:402][  9]LogModuleManager: Shutting down and abandoning module WindowsNoEditorTargetPlatform (81)
[2018.06.02-23.57.20:402][  9]LogModuleManager: Shutting down and abandoning module WindowsClientTargetPlatform (79)
[2018.06.02-23.57.20:402][  9]LogModuleManager: Shutting down and abandoning module MacTargetPlatform (77)
[2018.06.02-23.57.20:402][  9]LogModuleManager: Shutting down and abandoning module MacServerTargetPlatform (75)
[2018.06.02-23.57.20:402][  9]LogModuleManager: Shutting down and abandoning module MacNoEditorTargetPlatform (73)
[2018.06.02-23.57.20:402][  9]LogModuleManager: Shutting down and abandoning module MacClientTargetPlatform (71)
[2018.06.02-23.57.20:402][  9]LogModuleManager: Shutting down and abandoning module AllDesktopTargetPlatform (69)
[2018.06.02-23.57.20:402][  9]LogModuleManager: Shutting down and abandoning module InputCore (66)
[2018.06.02-23.57.20:402][  9]LogModuleManager: Shutting down and abandoning module Settings (64)
[2018.06.02-23.57.20:402][  9]LogModuleManager: Shutting down and abandoning module PhysXCooking (62)
[2018.06.02-23.57.20:402][  9]LogModuleManager: Shutting down and abandoning module SteamVR (60)
[2018.06.02-23.57.20:402][  9]LogModuleManager: Shutting down and abandoning module OculusHMD (58)
[2018.06.02-23.57.20:402][  9]LogModuleManager: Shutting down and abandoning module ExampleDeviceProfileSelector (56)
[2018.06.02-23.57.20:402][  9]LogModuleManager: Shutting down and abandoning module AppleARKit (54)
[2018.06.02-23.57.20:402][  9]LogModuleManager: Shutting down and abandoning module AugmentedReality (51)
[2018.06.02-23.57.20:402][  9]LogModuleManager: Shutting down and abandoning module OnlineBlueprintSupport (48)
[2018.06.02-23.57.20:402][  9]LogModuleManager: Shutting down and abandoning module OnlineSubsystem (44)
[2018.06.02-23.57.20:402][  9]LogModuleManager: Shutting down and abandoning module XMPP (43)
[2018.06.02-23.57.20:403][  9]LogModuleManager: Shutting down and abandoning module HTTP (41)
[2018.06.02-23.57.20:403][  9]LogHttp: Display: Http module shutting down, but needs to wait on 1 outstanding Http requests:
[2018.06.02-23.57.20:403][  9]LogHttp: Display: 	verb=[POST] url=[https://datarouter.ol.epicgames.com/datarouter/api/v1/public/data?SessionID=%7BE4F3D0BC-4491-0DD4-0B06-01B282287290%7D&AppID=UEEditor.Rocket.Release&AppVersion=4.19.2-4033788%2B%2B%2BUE4%2BRelease-4.19&UserID=16b050e84c4add88c7ace6a9076f83eb%7C26b9c26e91ec49ab9868eb039cc18199%7C67d14881-22d5-426d-a40d-84e68de6968c&AppEnvironment=datacollector-binary&UploadType=eteventstream] status=Processing
[2018.06.02-23.57.20:409][  9]LogModuleManager: Shutting down and abandoning module SSL (40)
[2018.06.02-23.57.20:415][  9]LogModuleManager: Shutting down and abandoning module AnimationModifiers (36)
[2018.06.02-23.57.20:416][  9]LogModuleManager: Shutting down and abandoning module PropertyEditor (35)
[2018.06.02-23.57.20:416][  9]LogModuleManager: Shutting down and abandoning module AudioEditor (32)
[2018.06.02-23.57.20:416][  9]LogModuleManager: Shutting down and abandoning module TextureCompressor (30)
[2018.06.02-23.57.20:416][  9]LogModuleManager: Shutting down and abandoning module ShaderCore (28)
[2018.06.02-23.57.20:416][  9]LogModuleManager: Shutting down and abandoning module Landscape (26)
[2018.06.02-23.57.20:416][  9]LogModuleManager: Shutting down and abandoning module SlateRHIRenderer (24)
[2018.06.02-23.57.20:418][  9]LogModuleManager: Shutting down and abandoning module OpenGLDrv (22)
[2018.06.02-23.57.20:418][  9]LogModuleManager: Shutting down and abandoning module D3D11RHI (20)
[2018.06.02-23.57.20:418][  9]LogModuleManager: Shutting down and abandoning module AnimGraphRuntime (18)
[2018.06.02-23.57.20:418][  9]LogModuleManager: Shutting down and abandoning module Renderer (16)
[2018.06.02-23.57.20:418][  9]LogModuleManager: Shutting down and abandoning module Engine (14)
[2018.06.02-23.57.20:418][  9]LogModuleManager: Shutting down and abandoning module CoreUObject (12)
[2018.06.02-23.57.20:418][  9]LogModuleManager: Shutting down and abandoning module NetworkFile (10)
[2018.06.02-23.57.20:418][  9]LogModuleManager: Shutting down and abandoning module CookedIterativeFile (8)
[2018.06.02-23.57.20:418][  9]LogModuleManager: Shutting down and abandoning module StreamingFile (6)
[2018.06.02-23.57.20:418][  9]LogModuleManager: Shutting down and abandoning module SandboxFile (4)
[2018.06.02-23.57.20:418][  9]LogModuleManager: Shutting down and abandoning module PakFile (2)
[2018.06.02-23.57.20:433][  9]LogExit: Exiting.
[2018.06.02-23.57.20:591][  9]Log file closed, 06/02/18 16:57:20
