Log file open, 09/05/18 09:46:06
LogWindows: Failed to load 'aqProf.dll' (GetLastError=126)
LogWindows: File 'aqProf.dll' does not exist
LogWindows: Failed to load 'VtuneApi.dll' (GetLastError=126)
LogWindows: File 'VtuneApi.dll' does not exist
LogWindows: Failed to load 'VtuneApi32e.dll' (GetLastError=126)
LogWindows: File 'VtuneApi32e.dll' does not exist
LogInit: Display: Running engine for game: HackDaWorld
LogPlatformFile: Not using cached read wrapper
LogInit: Display: RandInit(-1137914905) SRandInit(-1137914905).
LogInit: Read version file with build ID '3944462'
LogInit: Overriding engine version to CL 4033788, compatible CL 3944462
LogInit: Registered custom module enumerator with build ID '3944462'
LogTaskGraph: Started task graph with 5 named threads and 23 total threads with 3 sets of task threads.
LogStats: Stats thread started at 0.351111
LogD3D11RHI: Aftermath initialized
LogICUInternationalization: Display: ICU TimeZone Detection - Raw Offset: -8:00, Platform Override: ''
LogConfig: Warning: Failed to saved backup for config[Engine]
LogConfig: Warning: Failed to saved backup for config[Game]
LogConfig: Warning: Failed to saved backup for config[Input]
LogConfig: Warning: Failed to saved backup for config[Editor]
LogConfig: Warning: Failed to saved backup for config[EditorPerProjectUserSettings]
LogConfig: Warning: Failed to saved backup for config[EditorSettings]
LogConfig: Warning: Failed to saved backup for config[EditorLayout]
LogConfig: Warning: Failed to saved backup for config[EditorKeyBindings]
LogConfig: Warning: Failed to saved backup for config[Compat]
LogConfig: Warning: Failed to saved backup for config[Lightmass]
LogConfig: Warning: Failed to saved backup for config[Scalability]
LogConfig: Warning: Failed to saved backup for config[Hardware]
LogConfig: Warning: Failed to saved backup for config[GameUserSettings]
LogModuleManager: Display: Found up-to-date module file ../../../Engine/Plugins/Experimental/CodeView/Binaries/Win64/UE4Editor-CodeView.dll (API version 3944462).
LogModuleManager: Display: Found up-to-date module file ../../../Engine/Plugins/Experimental/RawInput/Binaries/Win64/UE4Editor-RawInput.dll (API version 3944462).
LogModuleManager: Display: Found up-to-date module file ../../../Engine/Plugins/Runtime/WindowsDeviceProfileSelector/Binaries/Win64/UE4Editor-WindowsDeviceProfileSelector.dll (API version 3944462).
LogModuleManager: Display: Found up-to-date module file ../../../Engine/Plugins/Blendables/LightPropagationVolume/Binaries/Win64/UE4Editor-LightPropagationVolumeRuntime.dll (API version 3944462).
LogModuleManager: Display: Found up-to-date module file ../../../Engine/Plugins/Blendables/LightPropagationVolume/Binaries/Win64/UE4Editor-LightPropagationVolumeEditor.dll (API version 3944462).
LogModuleManager: Display: Found up-to-date module file ../../../Engine/Plugins/Developer/CLionSourceCodeAccess/Binaries/Win64/UE4Editor-CLionSourceCodeAccess.dll (API version 3944462).
LogModuleManager: Display: Found up-to-date module file ../../../Engine/Plugins/Developer/GitSourceControl/Binaries/Win64/UE4Editor-GitSourceControl.dll (API version 3944462).
LogModuleManager: Display: Found up-to-date module file ../../../Engine/Plugins/Developer/PerforceSourceControl/Binaries/Win64/UE4Editor-PerforceSourceControl.dll (API version 3944462).
LogModuleManager: Display: Found up-to-date module file ../../../Engine/Plugins/Developer/SubversionSourceControl/Binaries/Win64/UE4Editor-SubversionSourceControl.dll (API version 3944462).
LogModuleManager: Display: Found up-to-date module file ../../../Engine/Plugins/Developer/UObjectPlugin/Binaries/Win64/UE4Editor-UObjectPlugin.dll (API version 3944462).
LogModuleManager: Display: Found up-to-date module file ../../../Engine/Plugins/Developer/VisualStudioCodeSourceCodeAccess/Binaries/Win64/UE4Editor-VisualStudioCodeSourceCodeAccess.dll (API version 3944462).
LogModuleManager: Display: Found up-to-date module file ../../../Engine/Plugins/Developer/VisualStudioSourceCodeAccess/Binaries/Win64/UE4Editor-VisualStudioSourceCodeAccess.dll (API version 3944462).
LogModuleManager: Display: Found up-to-date module file ../../../Engine/Plugins/Editor/AssetManagerEditor/Binaries/Win64/UE4Editor-AssetManagerEditor.dll (API version 3944462).
LogModuleManager: Display: Found up-to-date module file ../../../Engine/Plugins/Editor/CryptoKeys/Binaries/Win64/UE4Editor-CryptoKeys.dll (API version 3944462).
LogModuleManager: Display: Found up-to-date module file ../../../Engine/Plugins/Editor/CryptoKeys/Binaries/Win64/UE4Editor-CryptoKeysOpenSSL.dll (API version 3944462).
LogModuleManager: Display: Found up-to-date module file ../../../Engine/Plugins/Editor/DataValidation/Binaries/Win64/UE4Editor-DataValidation.dll (API version 3944462).
LogModuleManager: Display: Found up-to-date module file ../../../Engine/Plugins/Editor/GameplayTagsEditor/Binaries/Win64/UE4Editor-GameplayTagsEditor.dll (API version 3944462).
LogModuleManager: Display: Found up-to-date module file ../../../Engine/Plugins/Editor/MobileLauncherProfileWizard/Binaries/Win64/UE4Editor-MobileLauncherProfileWizard.dll (API version 3944462).
LogModuleManager: Display: Found up-to-date module file ../../../Engine/Plugins/Editor/PluginBrowser/Binaries/Win64/UE4Editor-PluginBrowser.dll (API version 3944462).
LogModuleManager: Display: Found up-to-date module file ../../../Engine/Plugins/Editor/SpeedTreeImporter/Binaries/Win64/UE4Editor-SpeedTreeImporter.dll (API version 3944462).
LogModuleManager: Display: Found up-to-date module file ../../../Engine/Plugins/Enterprise/DatasmithContent/Binaries/Win64/UE4Editor-DatasmithContent.dll (API version 3944462).
LogModuleManager: Display: Found up-to-date module file ../../../Engine/Plugins/Experimental/AlembicImporter/Binaries/Win64/UE4Editor-AlembicImporter.dll (API version 3944462).
LogModuleManager: Display: Found up-to-date module file ../../../Engine/Plugins/Experimental/AlembicImporter/Binaries/Win64/UE4Editor-AlembicLibrary.dll (API version 3944462).
LogModuleManager: Display: Found up-to-date module file ../../../Engine/Plugins/Experimental/CharacterAI/Binaries/Win64/UE4Editor-CharacterAI.dll (API version 3944462).
LogModuleManager: Display: Found up-to-date module file ../../../Engine/Plugins/Experimental/HTML5Networking/Binaries/Win64/UE4Editor-HTML5Networking.dll (API version 3944462).
LogModuleManager: Display: Found up-to-date module file ../../../Engine/Plugins/Media/ImgMedia/Binaries/Win64/UE4Editor-ImgMedia.dll (API version 3944462).
LogModuleManager: Display: Found up-to-date module file ../../../Engine/Plugins/Media/ImgMedia/Binaries/Win64/UE4Editor-ImgMediaEditor.dll (API version 3944462).
LogModuleManager: Display: Found up-to-date module file ../../../Engine/Plugins/Media/ImgMedia/Binaries/Win64/UE4Editor-ImgMediaFactory.dll (API version 3944462).
LogModuleManager: Display: Found up-to-date module file ../../../Engine/Plugins/Media/ImgMedia/Binaries/Win64/UE4Editor-ImgMediaFactory.dll (API version 3944462).
LogModuleManager: Display: Found up-to-date module file ../../../Engine/Plugins/Media/ImgMedia/Binaries/Win64/UE4Editor-OpenExrWrapper.dll (API version 3944462).
LogModuleManager: Display: Found up-to-date module file ../../../Engine/Plugins/Media/LinearTimecode/Binaries/Win64/UE4Editor-LinearTimecode.dll (API version 3944462).
LogModuleManager: Display: Found up-to-date module file ../../../Engine/Plugins/Media/MediaCompositing/Binaries/Win64/UE4Editor-MediaCompositing.dll (API version 3944462).
LogModuleManager: Display: Found up-to-date module file ../../../Engine/Plugins/Media/MediaCompositing/Binaries/Win64/UE4Editor-MediaCompositingEditor.dll (API version 3944462).
LogModuleManager: Display: Found up-to-date module file ../../../Engine/Plugins/Messaging/TcpMessaging/Binaries/Win64/UE4Editor-TcpMessaging.dll (API version 3944462).
LogModuleManager: Display: Found up-to-date module file ../../../Engine/Plugins/Messaging/UdpMessaging/Binaries/Win64/UE4Editor-UdpMessaging.dll (API version 3944462).
LogModuleManager: Display: Found up-to-date module file ../../../Engine/Plugins/MovieScene/ActorSequence/Binaries/Win64/UE4Editor-ActorSequence.dll (API version 3944462).
LogModuleManager: Display: Found up-to-date module file ../../../Engine/Plugins/MovieScene/LevelSequenceEditor/Binaries/Win64/UE4Editor-LevelSequenceEditor.dll (API version 3944462).
LogModuleManager: Display: Found up-to-date module file ../../../Engine/Plugins/MovieScene/MatineeToLevelSequence/Binaries/Win64/UE4Editor-MatineeToLevelSequence.dll (API version 3944462).
LogModuleManager: Display: Found up-to-date module file ../../../Engine/Plugins/NetcodeUnitTest/NetcodeUnitTest/Binaries/Win64/UE4Editor-NetcodeUnitTest.dll (API version 3944462).
LogModuleManager: Display: Found up-to-date module file ../../../Engine/Plugins/NetcodeUnitTest/NUTUnrealEngine4/Binaries/Win64/UE4Editor-NUTUnrealEngine4.dll (API version 3944462).
LogModuleManager: Display: Found up-to-date module file ../../../Engine/Plugins/Online/OnlineSubsystem/Binaries/Win64/UE4Editor-OnlineSubsystem.dll (API version 3944462).
LogModuleManager: Display: Found up-to-date module file ../../../Engine/Plugins/Online/OnlineSubsystemNull/Binaries/Win64/UE4Editor-OnlineSubsystemNull.dll (API version 3944462).
LogModuleManager: Display: Found up-to-date module file ../../../Engine/Plugins/Online/OnlineSubsystemUtils/Binaries/Win64/UE4Editor-OnlineSubsystemUtils.dll (API version 3944462).
LogModuleManager: Display: Found up-to-date module file ../../../Engine/Plugins/Online/OnlineSubsystemUtils/Binaries/Win64/UE4Editor-OnlineBlueprintSupport.dll (API version 3944462).
LogModuleManager: Display: Found up-to-date module file ../../../Engine/Plugins/Runtime/AndroidDeviceProfileSelector/Binaries/Win64/UE4Editor-AndroidDeviceProfileSelector.dll (API version 3944462).
LogModuleManager: Display: Found up-to-date module file ../../../Engine/Plugins/Runtime/CableComponent/Binaries/Win64/UE4Editor-CableComponent.dll (API version 3944462).
LogModuleManager: Display: Found up-to-date module file ../../../Engine/Plugins/Runtime/CustomMeshComponent/Binaries/Win64/UE4Editor-CustomMeshComponent.dll (API version 3944462).
LogModuleManager: Display: Found up-to-date module file ../../../Engine/Plugins/Runtime/ExampleDeviceProfileSelector/Binaries/Win64/UE4Editor-ExampleDeviceProfileSelector.dll (API version 3944462).
LogModuleManager: Display: Found up-to-date module file ../../../Engine/Plugins/Runtime/ImmediatePhysics/Binaries/Win64/UE4Editor-ImmediatePhysics.dll (API version 3944462).
LogModuleManager: Display: Found up-to-date module file ../../../Engine/Plugins/Runtime/ImmediatePhysics/Binaries/Win64/UE4Editor-ImmediatePhysicsEditor.dll (API version 3944462).
LogModuleManager: Display: Found up-to-date module file ../../../Engine/Plugins/Runtime/LocationServicesBPLibrary/Binaries/Win64/UE4Editor-LocationServicesBPLibrary.dll (API version 3944462).
LogModuleManager: Display: Found up-to-date module file ../../../Engine/Plugins/Runtime/MobilePatchingUtils/Binaries/Win64/UE4Editor-MobilePatchingUtils.dll (API version 3944462).
LogModuleManager: Display: Found up-to-date module file ../../../Engine/Plugins/Runtime/PhysXVehicles/Binaries/Win64/UE4Editor-PhysXVehicles.dll (API version 3944462).
LogModuleManager: Display: Found up-to-date module file ../../../Engine/Plugins/Runtime/PhysXVehicles/Binaries/Win64/UE4Editor-PhysXVehiclesEditor.dll (API version 3944462).
LogModuleManager: Display: Found up-to-date module file ../../../Engine/Plugins/Runtime/RuntimePhysXCooking/Binaries/Win64/UE4Editor-RuntimePhysXCooking.dll (API version 3944462).
LogPluginManager: Mounting plugin LightPropagationVolume
LogConfig: Warning: Failed to saved backup for config[LightPropagationVolume]
LogPluginManager: Mounting plugin CLionSourceCodeAccess
LogConfig: Warning: Failed to saved backup for config[CLionSourceCodeAccess]
LogPluginManager: Mounting plugin GitSourceControl
LogConfig: Warning: Failed to saved backup for config[GitSourceControl]
LogPluginManager: Mounting plugin PerforceSourceControl
LogConfig: Warning: Failed to saved backup for config[PerforceSourceControl]
LogPluginManager: Mounting plugin SubversionSourceControl
LogConfig: Warning: Failed to saved backup for config[SubversionSourceControl]
LogPluginManager: Mounting plugin UObjectPlugin
LogConfig: Warning: Failed to saved backup for config[UObjectPlugin]
LogPluginManager: Mounting plugin VisualStudioCodeSourceCodeAccess
LogConfig: Warning: Failed to saved backup for config[VisualStudioCodeSourceCodeAccess]
LogPluginManager: Mounting plugin VisualStudioSourceCodeAccess
LogConfig: Warning: Failed to saved backup for config[VisualStudioSourceCodeAccess]
LogPluginManager: Mounting plugin XCodeSourceCodeAccess
LogConfig: Warning: Failed to saved backup for config[XCodeSourceCodeAccess]
LogPluginManager: Mounting plugin AssetManagerEditor
LogConfig: Warning: Failed to saved backup for config[AssetManagerEditor]
LogPluginManager: Mounting plugin CryptoKeys
LogConfig: Warning: Failed to saved backup for config[CryptoKeys]
LogPluginManager: Mounting plugin DataValidation
LogConfig: Warning: Failed to saved backup for config[DataValidation]
LogPluginManager: Mounting plugin GameplayTagsEditor
LogConfig: Warning: Failed to saved backup for config[GameplayTagsEditor]
LogPluginManager: Mounting plugin MobileLauncherProfileWizard
LogConfig: Warning: Failed to saved backup for config[MobileLauncherProfileWizard]
LogPluginManager: Mounting plugin PluginBrowser
LogConfig: Warning: Failed to saved backup for config[PluginBrowser]
LogPluginManager: Mounting plugin SpeedTreeImporter
LogConfig: Warning: Failed to saved backup for config[SpeedTreeImporter]
LogPluginManager: Mounting plugin DatasmithContent
LogConfig: Warning: Failed to saved backup for config[DatasmithContent]
LogPluginManager: Mounting plugin AlembicImporter
LogConfig: Warning: Failed to saved backup for config[AlembicImporter]
LogPluginManager: Mounting plugin CharacterAI
LogConfig: Warning: Failed to saved backup for config[CharacterAI]
LogPluginManager: Mounting plugin CodeView
LogPluginManager: Mounting plugin HTML5Networking
LogConfig: Warning: Failed to saved backup for config[HTML5Networking]
LogPluginManager: Mounting plugin RawInput
LogPluginManager: Mounting plugin ImgMedia
LogConfig: Warning: Failed to saved backup for config[ImgMedia]
LogPluginManager: Mounting plugin LinearTimecode
LogConfig: Warning: Failed to saved backup for config[LinearTimecode]
LogPluginManager: Mounting plugin MediaCompositing
LogConfig: Warning: Failed to saved backup for config[MediaCompositing]
LogPluginManager: Mounting plugin TcpMessaging
LogConfig: Warning: Failed to saved backup for config[TcpMessaging]
LogPluginManager: Mounting plugin UdpMessaging
LogConfig: Warning: Failed to saved backup for config[UdpMessaging]
LogPluginManager: Mounting plugin ActorSequence
LogConfig: Warning: Failed to saved backup for config[ActorSequence]
LogPluginManager: Mounting plugin LevelSequenceEditor
LogConfig: Warning: Failed to saved backup for config[LevelSequenceEditor]
LogPluginManager: Mounting plugin MatineeToLevelSequence
LogConfig: Warning: Failed to saved backup for config[MatineeToLevelSequence]
LogPluginManager: Mounting plugin NetcodeUnitTest
LogConfig: Warning: Failed to saved backup for config[NetcodeUnitTest]
LogPluginManager: Mounting plugin NUTUnrealEngine4
LogConfig: Warning: Failed to saved backup for config[NUTUnrealEngine4]
LogPluginManager: Mounting plugin OnlineSubsystem
LogConfig: Warning: Failed to saved backup for config[OnlineSubsystem]
LogPluginManager: Mounting plugin OnlineSubsystemNull
LogConfig: Warning: Failed to saved backup for config[OnlineSubsystemNull]
LogPluginManager: Mounting plugin OnlineSubsystemUtils
LogConfig: Warning: Failed to saved backup for config[OnlineSubsystemUtils]
LogPluginManager: Mounting plugin AndroidDeviceProfileSelector
LogConfig: Warning: Failed to saved backup for config[AndroidDeviceProfileSelector]
LogPluginManager: Mounting plugin CableComponent
LogConfig: Warning: Failed to saved backup for config[CableComponent]
LogPluginManager: Mounting plugin CustomMeshComponent
LogConfig: Warning: Failed to saved backup for config[CustomMeshComponent]
LogPluginManager: Mounting plugin ExampleDeviceProfileSelector
LogConfig: Warning: Failed to saved backup for config[ExampleDeviceProfileSelector]
LogPluginManager: Mounting plugin ImmediatePhysics
LogConfig: Warning: Failed to saved backup for config[ImmediatePhysics]
LogPluginManager: Mounting plugin LocationServicesBPLibrary
LogConfig: Warning: Failed to saved backup for config[LocationServicesBPLibrary]
LogPluginManager: Mounting plugin MobilePatchingUtils
LogConfig: Warning: Failed to saved backup for config[MobilePatchingUtils]
LogPluginManager: Mounting plugin PhysXVehicles
LogConfig: Warning: Failed to saved backup for config[PhysXVehicles]
LogPluginManager: Mounting plugin RuntimePhysXCooking
LogConfig: Warning: Failed to saved backup for config[RuntimePhysXCooking]
LogPluginManager: Mounting plugin WindowsDeviceProfileSelector
LogStreaming: Display: Took  1.534s to configure plugins.
LogInit: Using libcurl 7.47.1
LogInit:  - built for x86_64-pc-win32
LogInit:  - supports SSL with OpenSSL/1.0.2g
LogInit:  - supports HTTP deflate (compression) using libz 1.2.8
LogInit:  - other features:
LogInit:      CURL_VERSION_SSL
LogInit:      CURL_VERSION_LIBZ
LogInit:      CURL_VERSION_IPV6
LogInit:      CURL_VERSION_ASYNCHDNS
LogInit:      CURL_VERSION_LARGEFILE
LogInit:      CURL_VERSION_IDN
LogInit:  CurlRequestOptions (configurable via config and command line):
LogInit:  - bVerifyPeer = false  - Libcurl will NOT verify peer certificate
LogInit:  - bUseHttpProxy = false  - Libcurl will NOT use HTTP proxy
LogInit:  - bDontReuseConnections = false  - Libcurl will reuse connections
LogInit:  - CertBundlePath = nullptr  - Libcurl will use whatever was configured at build time.
LogInit:  - MaxHostConnections = 16  - Libcurl will limit the number of connections to a host
LogInit:  - LocalHostAddr = Default
LogInit: Build: ++UE4+Release-4.19-CL-4033788
LogInit: Engine Version: 4.19.2-4033788+++UE4+Release-4.19
LogInit: Compatible Engine Version: 4.19.0-3944462+++UE4+Release-4.19
LogInit: Net CL: 3944462
LogDevObjectVersion: Number of dev versions registered: 18
LogDevObjectVersion:   Dev-Blueprints (B0D832E4-1F89-4F0D-ACCF-7EB736FD4AA2): 10
LogDevObjectVersion:   Dev-Build (E1C64328-A22C-4D53-A36C-8E866417BD8C): 0
LogDevObjectVersion:   Dev-Core (375EC13C-06E4-48FB-B500-84F0262A717E): 2
LogDevObjectVersion:   Dev-Editor (E4B068ED-F494-42E9-A231-DA0B2E46BB41): 23
LogDevObjectVersion:   Dev-Framework (CFFC743F-43B0-4480-9391-14DF171D2073): 33
LogDevObjectVersion:   Dev-Mobile (B02B49B5-BB20-44E9-A304-32B752E40360): 2
LogDevObjectVersion:   Dev-Networking (A4E4105C-59A1-49B5-A7C5-40C4547EDFEE): 0
LogDevObjectVersion:   Dev-Online (39C831C9-5AE6-47DC-9A44-9C173E1C8E7C): 0
LogDevObjectVersion:   Dev-Physics (78F01B33-EBEA-4F98-B9B4-84EACCB95AA2): 0
LogDevObjectVersion:   Dev-Platform (6631380F-2D4D-43E0-8009-CF276956A95A): 0
LogDevObjectVersion:   Dev-Rendering (12F88B9F-8875-4AFC-A67C-D90C383ABD29): 25
LogDevObjectVersion:   Dev-Sequencer (7B5AE74C-D270-4C10-A958-57980B212A5A): 6
LogDevObjectVersion:   Dev-VR (D7296918-1DD6-4BDD-9DE2-64A83CC13884): 1
LogDevObjectVersion:   Dev-LoadTimes (C2A15278-BFE7-4AFE-6C17-90FF531DF755): 1
LogDevObjectVersion:   Private-Geometry (6EACA3D4-40EC-4CC1-B786-8BED09428FC5): 2
LogDevObjectVersion:   Dev-AnimPhys (29E575DD-E0A3-4627-9D10-D276232CDCEA): 16
LogDevObjectVersion:   Dev-ReflectionCapture (6B266CEC-1EC7-4B8F-A30B-E4D90942FC07): 1
LogDevObjectVersion:   Dev-Automation (0DF73D61-A23F-47EA-B727-89E90C41499A): 1
LogInit: Compiled (64-bit): Apr 27 2018 02:06:57
LogInit: Compiled with Visual C++: 19.00.24215.01
LogInit: Build Configuration: Development
LogInit: Branch Name: ++UE4+Release-4.19
LogInit: Command Line: -EpicPortal 
LogInit: Base Directory: C:/Program Files/Epic Games/UE_4.19/Engine/Binaries/Win64/
LogInit: Installed Engine Build: 1
LogStreaming: Display: Took  0.043s to delete old logs.
LogInit: Presizing for max 8388607 objects, including 0 objects not considered by GC, pre-allocating 0 bytes for permanent pool.
LogInit: Object subsystem initialized
[2018.09.05-16.46.09:249][  0]LogInit: Selected Device Profile: [Windows]
[2018.09.05-16.46.09:249][  0]LogInit: Applying CVar settings loaded from the selected device profile: [Windows]
[2018.09.05-16.46.09:291][  0]LogConfig: Warning: Failed to saved backup for config[DeviceProfiles]
[2018.09.05-16.46.09:301][  0]LogInit: Computer: DESKTOP-F8MPAQ1
[2018.09.05-16.46.09:302][  0]LogInit: User: chris
[2018.09.05-16.46.09:302][  0]LogInit: CPU Page size=4096, Cores=4
[2018.09.05-16.46.09:302][  0]LogInit: High frequency timer resolution =2.531248 MHz
[2018.09.05-16.46.09:303][  0]LogMemory: Memory total: Physical=7.9GB (8GB approx)
[2018.09.05-16.46.09:303][  0]LogMemory: Platform Memory Stats for Windows
[2018.09.05-16.46.09:304][  0]LogMemory: Process Physical Memory: 271.89 MB used, 271.89 MB peak
[2018.09.05-16.46.09:304][  0]LogMemory: Process Virtual Memory: 264.32 MB used, 264.32 MB peak
[2018.09.05-16.46.09:304][  0]LogMemory: Physical Memory: 6175.25 MB used,  1884.80 MB free, 8060.05 MB total
[2018.09.05-16.46.09:304][  0]LogMemory: Virtual Memory: 4789.05 MB used,  1884.80 MB free, 134217728.00 MB total
[2018.09.05-16.46.09:374][  0]LogInit: Using OS detected language (en-US).
[2018.09.05-16.46.09:374][  0]LogInit: Using OS detected locale (en-US).
[2018.09.05-16.46.09:380][  0]LogTextLocalizationManager: No specific localization for 'en-US' exists, so the 'en' localization will be used.
[2018.09.05-16.46.09:876][  0]LogStreaming: Display: Took  0.502s to EndInitTextLocalization.
[2018.09.05-16.46.09:876][  0]LogInit: Setting process to per monitor DPI aware
[2018.09.05-16.46.09:937][  0]LogSlate: New Slate User Created.  User Index 0, Is Virtual User: 0
[2018.09.05-16.46.09:937][  0]LogSlate: Slate User Registered.  User Index 0, Is Virtual User: 0
[2018.09.05-16.46.10:326][  0]LogD3D11RHI: D3D11 adapters:
[2018.09.05-16.46.10:402][  0]LogD3D11RHI:    0. 'NVIDIA GeForce GTX 960M' (Feature Level 11_0)
[2018.09.05-16.46.10:402][  0]LogD3D11RHI:       4065/0/4030 MB DedicatedVideo/DedicatedSystem/SharedSystem, Outputs:1, VendorId:0x10de
[2018.09.05-16.46.10:419][  0]LogD3D11RHI:    1. 'Intel(R) HD Graphics 530' (Feature Level 11_0)
[2018.09.05-16.46.10:419][  0]LogD3D11RHI:       128/0/4030 MB DedicatedVideo/DedicatedSystem/SharedSystem, Outputs:0, VendorId:0x8086
[2018.09.05-16.46.10:422][  0]LogD3D11RHI:    2. 'Microsoft Basic Render Driver' (Feature Level 11_0)
[2018.09.05-16.46.10:422][  0]LogD3D11RHI:       0/0/4030 MB DedicatedVideo/DedicatedSystem/SharedSystem, Outputs:0, VendorId:0x1414
[2018.09.05-16.46.10:422][  0]LogD3D11RHI: Chosen D3D11 Adapter: 0
[2018.09.05-16.46.10:464][  0]LogD3D11RHI: Creating new Direct3DDevice
[2018.09.05-16.46.10:464][  0]LogD3D11RHI:     GPU DeviceId: 0x139b (for the marketing name, search the web for "GPU Device Id")
[2018.09.05-16.46.10:464][  0]LogWindows: EnumDisplayDevices:
[2018.09.05-16.46.10:464][  0]LogWindows:    0. 'Intel(R) HD Graphics 530' (P:1 D:1)
[2018.09.05-16.46.10:464][  0]LogWindows:    1. 'Intel(R) HD Graphics 530' (P:0 D:0)
[2018.09.05-16.46.10:465][  0]LogWindows:    2. 'Intel(R) HD Graphics 530' (P:0 D:0)
[2018.09.05-16.46.10:465][  0]LogWindows: DebugString: GetVideoDriverDetailsInvalid PrimaryIsNotTheChoosenAdapter GetVideoDriverDetailsInvalid PrimaryIsNotTheChoosenAdapter GetVideoDriverDetailsInvalid PrimaryIsNotTheChoosenAdapter FoundDriverCount:0 
[2018.09.05-16.46.10:465][  0]LogD3D11RHI:     Adapter Name: NVIDIA GeForce GTX 960M
[2018.09.05-16.46.10:465][  0]LogD3D11RHI:   Driver Version: Unknown (internal:Unknown, unified:Unknown)
[2018.09.05-16.46.10:465][  0]LogD3D11RHI:      Driver Date: Unknown
[2018.09.05-16.46.10:465][  0]LogRHI: Texture pool is 2846 MB (70% of 4065 MB)
[2018.09.05-16.46.10:503][  0]LogD3D11RHI: [Aftermath] Aftermath enabled but failed to initialize
[2018.09.05-16.46.10:503][  0]LogD3D11RHI: [Aftermath] Aftermath enabled and primed
[2018.09.05-16.46.10:503][  0]LogD3D11RHI: Async texture creation enabled
[2018.09.05-16.46.10:516][  0]LogD3D11RHI: GPU Timing Frequency: 1000.000000 (Debug: 2 1)
[2018.09.05-16.46.10:518][  0]LogShaderCompilers: Guid format shader working directory is -30 characters bigger than the processId version (../../../../../../Users/chris/OneDrive/Documents/Unreal Projects/HackDaWorld/Intermediate/Shaders/WorkingDirectory/7624/).
[2018.09.05-16.46.10:518][  0]LogShaderCompilers: Cleaned the shader compiler working directory 'C:/Users/chris/AppData/Local/Temp/UnrealShaderWorkingDir/EDCB87714274B401F8546390AC4741AF/'.
[2018.09.05-16.46.10:818][  0]LogTemp: Display: Loaded TP AllDesktopTargetPlatform
[2018.09.05-16.46.10:845][  0]LogTemp: Display: Loaded TP MacClientTargetPlatform
[2018.09.05-16.46.10:874][  0]LogTemp: Display: Loaded TP MacNoEditorTargetPlatform
[2018.09.05-16.46.10:895][  0]LogTemp: Display: Loaded TP MacServerTargetPlatform
[2018.09.05-16.46.10:915][  0]LogTemp: Display: Loaded TP MacTargetPlatform
[2018.09.05-16.46.10:952][  0]LogTemp: Display: Loaded TP WindowsClientTargetPlatform
[2018.09.05-16.46.10:980][  0]LogTemp: Display: Loaded TP WindowsNoEditorTargetPlatform
[2018.09.05-16.46.11:000][  0]LogTemp: Display: Loaded TP WindowsServerTargetPlatform
[2018.09.05-16.46.11:010][  0]LogTemp: Display: Loaded TP WindowsTargetPlatform
[2018.09.05-16.46.11:027][  0]LogTemp: Display: Loaded TP Android_ASTCTargetPlatform
[2018.09.05-16.46.11:044][  0]LogTemp: Display: Loaded TP Android_ATCTargetPlatform
[2018.09.05-16.46.11:061][  0]LogTemp: Display: Loaded TP Android_DXTTargetPlatform
[2018.09.05-16.46.11:090][  0]LogTemp: Display: Loaded TP Android_ETC1aTargetPlatform
[2018.09.05-16.46.11:113][  0]LogTemp: Display: Loaded TP Android_ETC1TargetPlatform
[2018.09.05-16.46.11:138][  0]LogTemp: Display: Loaded TP Android_ETC2TargetPlatform
[2018.09.05-16.46.11:182][  0]LogTemp: Display: Loaded TP Android_MultiTargetPlatform
[2018.09.05-16.46.11:182][  0]LogTemp: Display: Loaded TP Android_PVRTCTargetPlatform
[2018.09.05-16.46.11:200][  0]LogTemp: Display: Loaded TP AndroidTargetPlatform
[2018.09.05-16.46.11:204][  0]LogTemp: Display: Loaded TP HTML5TargetPlatform
[2018.09.05-16.46.11:256][  0]LogTemp: Display: Loaded TP IOSTargetPlatform
[2018.09.05-16.46.11:275][  0]LogTemp: Display: Loaded TP TVOSTargetPlatform
[2018.09.05-16.46.11:302][  0]LogTemp: Display: Loaded TP LinuxClientTargetPlatform
[2018.09.05-16.46.11:333][  0]LogTemp: Display: Loaded TP LinuxNoEditorTargetPlatform
[2018.09.05-16.46.11:355][  0]LogTemp: Display: Loaded TP LinuxServerTargetPlatform
[2018.09.05-16.46.11:375][  0]LogTemp: Display: Loaded TP LinuxTargetPlatform
[2018.09.05-16.46.11:375][  0]LogTargetPlatformManager: Display: Building Assets For Windows
[2018.09.05-16.46.11:556][  0]LogXGEController: Cannot use XGE Controller as Incredibuild is not installed on this machine.
[2018.09.05-16.46.11:556][  0]LogShaderCompilers: Cannot use XGE Shader Compiler as Incredibuild is not installed on this machine.
[2018.09.05-16.46.11:556][  0]LogShaderCompilers: Display: Using Local Shader Compiler.
[2018.09.05-16.46.12:613][  0]LogDerivedDataCache: Display: Max Cache Size: 512 MB
[2018.09.05-16.46.12:723][  0]LogDerivedDataCache: Loaded boot cache 0.11s 76MB C:/Users/chris/AppData/Local/UnrealEngine/4.19/DerivedDataCache/Boot.ddc.
[2018.09.05-16.46.12:724][  0]LogDerivedDataCache: Display: Loaded Boot cache: C:/Users/chris/AppData/Local/UnrealEngine/4.19/DerivedDataCache/Boot.ddc
[2018.09.05-16.46.12:724][  0]LogDerivedDataCache: FDerivedDataBackendGraph:  Pak pak cache file ../../../../../../Users/chris/OneDrive/Documents/Unreal Projects/HackDaWorld/DerivedDataCache/DDC.ddp not found, will not use a pak cache.
[2018.09.05-16.46.12:724][  0]LogDerivedDataCache: Unable to find inner node Pak for hierarchical cache Hierarchy.
[2018.09.05-16.46.12:724][  0]LogDerivedDataCache: FDerivedDataBackendGraph:  CompressedPak pak cache file ../../../../../../Users/chris/OneDrive/Documents/Unreal Projects/HackDaWorld/DerivedDataCache/Compressed.ddp not found, will not use a pak cache.
[2018.09.05-16.46.12:724][  0]LogDerivedDataCache: Unable to find inner node CompressedPak for hierarchical cache Hierarchy.
[2018.09.05-16.46.12:744][  0]LogDerivedDataCache: Display: Pak cache opened for reading ../../../Engine/DerivedDataCache/Compressed.ddp.
[2018.09.05-16.46.12:759][  0]LogDerivedDataCache: Using Local data cache path C:/Users/chris/AppData/Local/UnrealEngine/Common/DerivedDataCache: Writable
[2018.09.05-16.46.12:759][  0]LogDerivedDataCache: Shared data cache path not found in *engine.ini, will not use an Shared cache.
[2018.09.05-16.46.12:759][  0]LogDerivedDataCache: Unable to find inner node Shared for hierarchical cache Hierarchy.
[2018.09.05-16.46.12:774][  0]LogMaterial: Verifying Global Shaders for PCD3D_SM5
[2018.09.05-16.46.12:775][  0]LogSlate: Using Freetype 2.6.0
[2018.09.05-16.46.12:777][  0]LogSlate: SlateFontCache - WITH_FREETYPE: 1, WITH_HARFBUZZ: 1
[2018.09.05-16.46.12:777][  0]LogSlate: SlateFontCache - WITH_FREETYPE: 1, WITH_HARFBUZZ: 1
[2018.09.05-16.46.13:015][  0]LogAssetRegistry: FAssetRegistry took 0.0288 seconds to start up
[2018.09.05-16.46.13:636][  0]LogInit: Selected Device Profile: [Windows]
[2018.09.05-16.46.14:387][  0]LogSimplygon: Simplygon DLL not present - disabling.
[2018.09.05-16.46.14:396][  0]LogMeshReduction: Using SimplygonSwarm for distributed automatic mesh merging
[2018.09.05-16.46.14:397][  0]LogMeshReduction: Using QuadricMeshReduction for automatic static mesh reduction
[2018.09.05-16.46.14:397][  0]LogMeshReduction: No automatic skeletal mesh reduction module available
[2018.09.05-16.46.14:397][  0]LogMeshReduction: No automatic mesh merging module available
[2018.09.05-16.46.14:397][  0]LogMeshMerging: No automatic mesh merging module available
[2018.09.05-16.46.14:526][  0]LogNetVersion: HackDaWorld , NetCL: 3944462, EngineNetVer: 2, GameNetVer: 0 (Checksum: 3377829108)
[2018.09.05-16.46.14:787][  0]LogConfig: Warning: Failed to saved backup for config[GameplayTagsList]
[2018.09.05-16.46.14:803][  0]LogConfig: Warning: Failed to saved backup for config[GameplayTags]
[2018.09.05-16.46.14:997][  0]LogConfig: Warning: Failed to saved backup for config[TemplateDefs]
[2018.09.05-16.46.15:512][  0]LogFileManager: Warning: DeleteFile was unable to delete '../../../../../../Users/chris/OneDrive/Documents/Unreal Projects/HackDaWorld/Intermediate/CachedAssetRegistry.bin', retrying in .5s...
[2018.09.05-16.46.15:512][  0]LogFileManager: Warning: DeleteFile was unable to delete '../../../../../../Users/chris/OneDrive/Documents/Unreal Projects/HackDaWorld/Intermediate/AssetRegistryCache/5a627529.bin', retrying in .5s...
[2018.09.05-16.46.16:013][  0]LogFileManager: Error: Error deleting file '../../../../../../Users/chris/OneDrive/Documents/Unreal Projects/HackDaWorld/Intermediate/CachedAssetRegistry.bin'.
[2018.09.05-16.46.16:014][  0]LogFileManager: Error: Error deleting file '../../../../../../Users/chris/OneDrive/Documents/Unreal Projects/HackDaWorld/Intermediate/AssetRegistryCache/5a627529.bin'.
[2018.09.05-16.46.16:077][  0]LogFileManager: Warning: DeleteFile was unable to delete '../../../../../../Users/chris/OneDrive/Documents/Unreal Projects/HackDaWorld/Intermediate/AssetRegistryCache/2657c409.bin', retrying in .5s...
[2018.09.05-16.46.16:578][  0]LogFileManager: Error: Error deleting file '../../../../../../Users/chris/OneDrive/Documents/Unreal Projects/HackDaWorld/Intermediate/AssetRegistryCache/2657c409.bin'.
[2018.09.05-16.46.16:597][  0]LogFileManager: Warning: DeleteFile was unable to delete '../../../../../../Users/chris/OneDrive/Documents/Unreal Projects/HackDaWorld/Intermediate/AssetRegistryCache/1d5167fa.bin', retrying in .5s...
[2018.09.05-16.46.17:099][  0]LogFileManager: Error: Error deleting file '../../../../../../Users/chris/OneDrive/Documents/Unreal Projects/HackDaWorld/Intermediate/AssetRegistryCache/1d5167fa.bin'.
[2018.09.05-16.46.17:134][  0]LogFileManager: Warning: DeleteFile was unable to delete '../../../../../../Users/chris/OneDrive/Documents/Unreal Projects/HackDaWorld/Intermediate/AssetRegistryCache/866581fd.bin', retrying in .5s...
[2018.09.05-16.46.17:636][  0]LogFileManager: Error: Error deleting file '../../../../../../Users/chris/OneDrive/Documents/Unreal Projects/HackDaWorld/Intermediate/AssetRegistryCache/866581fd.bin'.
[2018.09.05-16.46.17:661][  0]LogFileManager: Warning: DeleteFile was unable to delete '../../../../../../Users/chris/OneDrive/Documents/Unreal Projects/HackDaWorld/Intermediate/AssetRegistryCache/29c3675e.bin', retrying in .5s...
[2018.09.05-16.46.18:164][  0]LogFileManager: Error: Error deleting file '../../../../../../Users/chris/OneDrive/Documents/Unreal Projects/HackDaWorld/Intermediate/AssetRegistryCache/29c3675e.bin'.
[2018.09.05-16.46.18:187][  0]LogFileManager: Warning: DeleteFile was unable to delete '../../../../../../Users/chris/OneDrive/Documents/Unreal Projects/HackDaWorld/Intermediate/AssetRegistryCache/c9e91a3f.bin', retrying in .5s...
[2018.09.05-16.46.18:689][  0]LogFileManager: Error: Error deleting file '../../../../../../Users/chris/OneDrive/Documents/Unreal Projects/HackDaWorld/Intermediate/AssetRegistryCache/c9e91a3f.bin'.
[2018.09.05-16.46.18:722][  0]LogFileManager: Warning: DeleteFile was unable to delete '../../../../../../Users/chris/OneDrive/Documents/Unreal Projects/HackDaWorld/Intermediate/AssetRegistryCache/995fc7f5.bin', retrying in .5s...
[2018.09.05-16.46.19:223][  0]LogFileManager: Error: Error deleting file '../../../../../../Users/chris/OneDrive/Documents/Unreal Projects/HackDaWorld/Intermediate/AssetRegistryCache/995fc7f5.bin'.
[2018.09.05-16.46.19:247][  0]LogFileManager: Warning: DeleteFile was unable to delete '../../../../../../Users/chris/OneDrive/Documents/Unreal Projects/HackDaWorld/Intermediate/AssetRegistryCache/50a675f9.bin', retrying in .5s...
[2018.09.05-16.46.19:749][  0]LogFileManager: Error: Error deleting file '../../../../../../Users/chris/OneDrive/Documents/Unreal Projects/HackDaWorld/Intermediate/AssetRegistryCache/50a675f9.bin'.
[2018.09.05-16.46.19:779][  0]LogFileManager: Warning: DeleteFile was unable to delete '../../../../../../Users/chris/OneDrive/Documents/Unreal Projects/HackDaWorld/Intermediate/AssetRegistryCache/44c3f9c9.bin', retrying in .5s...
[2018.09.05-16.46.20:281][  0]LogFileManager: Error: Error deleting file '../../../../../../Users/chris/OneDrive/Documents/Unreal Projects/HackDaWorld/Intermediate/AssetRegistryCache/44c3f9c9.bin'.
[2018.09.05-16.46.20:313][  0]LogFileManager: Warning: DeleteFile was unable to delete '../../../../../../Users/chris/OneDrive/Documents/Unreal Projects/HackDaWorld/Intermediate/AssetRegistryCache/52ed2538.bin', retrying in .5s...
[2018.09.05-16.46.20:815][  0]LogFileManager: Error: Error deleting file '../../../../../../Users/chris/OneDrive/Documents/Unreal Projects/HackDaWorld/Intermediate/AssetRegistryCache/52ed2538.bin'.
[2018.09.05-16.46.20:821][  0]LogPackageLocalizationCache: Processed 5 localized package path(s) for 2 prioritized culture(s) in 5.322982 seconds
[2018.09.05-16.46.20:840][  0]LogUObjectArray: 35893 objects as part of root set at end of initial load.
[2018.09.05-16.46.20:840][  0]LogUObjectAllocator: 7153504 out of 0 bytes used by permanent object pool.
[2018.09.05-16.46.20:840][  0]LogUObjectArray: CloseDisregardForGC: 0/0 objects in disregard for GC pool
[2018.09.05-16.46.20:881][  0]LogInit: WinSock: version 1.1 (2.2), MaxSocks=32767, MaxUdp=65467
[2018.09.05-16.46.24:589][  0]LogConfig: Warning: Failed to saved backup for config[InternationalizationExport]
[2018.09.05-16.46.24:592][  0]LogConfig: Warning: Failed to saved backup for config[TranslationPickerSettings]
[2018.09.05-16.46.25:024][  0]LogTcpMessaging: Initializing TcpMessaging bridge
[2018.09.05-16.46.25:087][  0]LogUdpMessaging: Initializing bridge on interface 0.0.0.0:0 to multicast group 230.0.0.1:6666.
[2018.09.05-16.46.25:762][  0]LogConfig: Warning: Failed to saved backup for config[SourceControlSettings]
[2018.09.05-16.46.25:785][  0]LogConfig: Warning: Failed to saved backup for config[SourceControlSettings]
[2018.09.05-16.46.25:793][  0]SourceControl: Source control is disabled
[2018.09.05-16.46.25:793][  0]SourceControl: Source control is disabled
[2018.09.05-16.46.26:172][  0]LogConfig: Warning: Failed to saved backup for config[Encryption]
[2018.09.05-16.46.26:177][  0]LogConfig: Warning: Failed to saved backup for config[Crypto]
[2018.09.05-16.46.27:240][  0]LogConfig: Warning: Failed to saved backup for config[UnitTestStats]
[2018.09.05-16.46.27:245][  0]LogConfig: Warning: Failed to saved backup for config[UnitTest]
[2018.09.05-16.46.27:646][  0]LogEngine: Initializing Engine...
[2018.09.05-16.46.27:649][  0]LogStats: UGameplayTagsManager::ConstructGameplayTagTree: Construct from data asset -  0.000 s
[2018.09.05-16.46.27:652][  0]LogStats: UGameplayTagsManager::ConstructGameplayTagTree: ImportINI -  0.002 s
[2018.09.05-16.46.27:652][  0]LogStats: UGameplayTagsManager::ConstructGameplayTagTree: GameplayTagTreeChangedEvent.Broadcast -  0.000 s
[2018.09.05-16.46.28:177][  0]LogAIModule: Creating AISystem for world Untitled
[2018.09.05-16.46.28:201][  0]LogInit: XAudio2 using 'Speakers / Headphones (Realtek Audio)' : 2 channels at 48 kHz using 32 bits per sample (channel mask 0x3)
[2018.09.05-16.46.28:617][  0]LogInit: FAudioDevice initialized.
[2018.09.05-16.46.28:841][  0]LogDerivedDataCache: Saved boot cache 0.22s 76MB C:/Users/chris/AppData/Local/UnrealEngine/4.19/DerivedDataCache/Boot.ddc.
[2018.09.05-16.46.28:872][  0]LogInit: Texture streaming: Enabled
[2018.09.05-16.46.28:912][  0]LogEngineSessionManager: EngineSessionManager initialized
[2018.09.05-16.46.29:012][  0]LogInit: Transaction tracking system initialized
[2018.09.05-16.46.29:063][  0]BlueprintLog: New page: Editor Load
[2018.09.05-16.46.29:369][  0]LogConfig: Warning: Failed to saved backup for config[LocalizationServiceSettings]
[2018.09.05-16.46.29:374][  0]LogConfig: Warning: Failed to saved backup for config[LocalizationServiceSettings]
[2018.09.05-16.46.29:374][  0]LocalizationService: Localization service is disabled
[2018.09.05-16.46.29:676][  0]LogConsoleResponse: Display: 
[2018.09.05-16.46.29:687][  0]DDCNotifications: Shared DDC not detected, performance notification enabled
[2018.09.05-16.46.30:052][  0]LogCook: Display: Max memory allowance for cook 16384mb min free memory 0mb
[2018.09.05-16.46.30:052][  0]LogCook: Display: Mobile HDR setting 1
[2018.09.05-16.46.30:052][  0]LogGameplayTags: Display: UGameplayTagsManager::DoneAddingNativeTags. DelegateIsBound: 0
[2018.09.05-16.46.30:052][  0]LogStats: UGameplayTagsManager::ConstructGameplayTagTree: Construct from data asset -  0.000 s
[2018.09.05-16.46.30:053][  0]LogStats: UGameplayTagsManager::ConstructGameplayTagTree: ImportINI -  0.000 s
[2018.09.05-16.46.30:053][  0]LogStats: UGameplayTagsManager::ConstructGameplayTagTree: GameplayTagTreeChangedEvent.Broadcast -  0.000 s
[2018.09.05-16.46.30:414][  0]LogFileCache: Scanning file cache for directory 'C:/Users/chris/OneDrive/Documents/Unreal Projects/HackDaWorld/Content/' took 0.04s
[2018.09.05-16.46.30:544][  0]SourceControl: Error: P4ERROR: Failed to connect to source control provider.
[2018.09.05-16.46.30:544][  0]SourceControl: Error: Connect to server failed; check $P4PORT.
TCP connect to unrealsummer2018.ddns.net:1666 failed.
No such host is known. 

[2018.09.05-16.46.30:544][  0]SourceControl: Error: Port=unrealsummer2018.ddns.net:1666, User=chris, ClientSpec=ChrisWorkspace, Ticket=
[2018.09.05-16.46.30:545][  0]Cmd: MAP LOAD FILE="../../../../../../Users/chris/OneDrive/Documents/Unreal Projects/HackDaWorld/Content/SideScrollerBP/Maps/Level1Map.umap" TEMPLATE=0 SHOWPROGRESS=1 FEATURELEVEL=3
[2018.09.05-16.46.30:545][  0]LightingResults: New page: Lighting Build
[2018.09.05-16.46.30:552][  0]MapCheck: New page: Map Check
[2018.09.05-16.46.30:552][  0]LightingResults: New page: Lighting Build
[2018.09.05-16.46.30:641][  0]LogUObjectGlobals: Created PersistentFrame Addr=0x0000014501db3ac0, Size=192, Default__MusicManager_C Function /Game/SideScrollerBP/Audio/MusicManager.MusicManager_C:ExecuteUbergraph_MusicManager
[2018.09.05-16.46.30:654][  0]LogUObjectGlobals: Destroyed PersistentFrame Addr=0x0000014501db3ac0, Size=192
[2018.09.05-16.46.30:654][  0]LogUObjectGlobals: Created PersistentFrame Addr=0x0000014501db3ac0, Size=192, Default__MusicManager_C Function /Engine/Transient.REINST_MusicManager_C_1:ExecuteUbergraph_MusicManager
[2018.09.05-16.46.30:660][  0]LogUObjectGlobals: Created PersistentFrame Addr=0x0000014501db2bc0, Size=192, Default__MusicManager_C Function /Game/SideScrollerBP/Audio/MusicManager.MusicManager_C:ExecuteUbergraph_MusicManager
[2018.09.05-16.46.30:879][  0]LogUObjectGlobals: Created PersistentFrame Addr=0x000001451e294100, Size=352, Default__Bridge_BP_C Function /Game/SideScrollerBP/Blueprints/Bridge_BP.Bridge_BP_C:ExecuteUbergraph_Bridge_BP
[2018.09.05-16.46.30:883][  0]LogUObjectGlobals: Created PersistentFrame Addr=0x000001451e331300, Size=704, Default__SideScrollerPlayerController_C Function /Game/SideScrollerBP/Blueprints/SideScrollerPlayerController.SideScrollerPlayerController_C:ExecuteUbergraph_SideScrollerPlayerController
[2018.09.05-16.46.31:040][  0]LogUObjectGlobals: Created PersistentFrame Addr=0x00000145009ebb00, Size=272, Default__GravityBox_BP_C Function /Game/SideScrollerBP/Blueprints/GravityBox_BP.GravityBox_BP_C:ExecuteUbergraph_GravityBox_BP
[2018.09.05-16.46.31:237][  0]LogUObjectGlobals: Created PersistentFrame Addr=0x0000014500a28e00, Size=64, Default__ThirdPerson_AnimBP_C Function /Game/Mannequin/Animations/ThirdPerson_AnimBP.ThirdPerson_AnimBP_C:ExecuteUbergraph_ThirdPerson_AnimBP
[2018.09.05-16.46.31:784][  0]LogUObjectGlobals: Created PersistentFrame Addr=0x0000014500c9b800, Size=488, Default__SideScrollerPlayerCharacter_C Function /Game/SideScrollerBP/Blueprints/SideScrollerPlayerCharacter.SideScrollerPlayerCharacter_C:ExecuteUbergraph_SideScrollerPlayerCharacter
[2018.09.05-16.46.31:998][  0]LogUObjectGlobals: Destroyed PersistentFrame Addr=0x000001451e294100, Size=352
[2018.09.05-16.46.31:998][  0]LogUObjectGlobals: Created PersistentFrame Addr=0x000001451e6d9900, Size=352, Default__Bridge_BP_C Function /Engine/Transient.REINST_Bridge_BP_C_9:ExecuteUbergraph_Bridge_BP
[2018.09.05-16.46.32:000][  0]LogUObjectGlobals: Destroyed PersistentFrame Addr=0x00000145009ebb00, Size=272
[2018.09.05-16.46.32:000][  0]LogUObjectGlobals: Created PersistentFrame Addr=0x0000014500bbe840, Size=272, Default__GravityBox_BP_C Function /Engine/Transient.REINST_GravityBox_BP_C_10:ExecuteUbergraph_GravityBox_BP
[2018.09.05-16.46.32:000][  0]LogUObjectGlobals: Destroyed PersistentFrame Addr=0x0000014500a28e00, Size=64
[2018.09.05-16.46.32:000][  0]LogUObjectGlobals: Created PersistentFrame Addr=0x000001451e7b4d00, Size=64, Default__ThirdPerson_AnimBP_C Function /Engine/Transient.REINST_ThirdPerson_AnimBP_C_0:ExecuteUbergraph_ThirdPerson_AnimBP
[2018.09.05-16.46.32:001][  0]LogUObjectGlobals: Destroyed PersistentFrame Addr=0x0000014500c9b800, Size=488
[2018.09.05-16.46.32:001][  0]LogUObjectGlobals: Created PersistentFrame Addr=0x0000014500c9b800, Size=488, Default__SideScrollerPlayerCharacter_C Function /Engine/Transient.REINST_SideScrollerPlayerCharacter_C_11:ExecuteUbergraph_SideScrollerPlayerCharacter
[2018.09.05-16.46.32:003][  0]LogUObjectGlobals: Destroyed PersistentFrame Addr=0x000001451e331300, Size=704
[2018.09.05-16.46.32:003][  0]LogUObjectGlobals: Created PersistentFrame Addr=0x000001451e6bba00, Size=704, Default__SideScrollerPlayerController_C Function /Engine/Transient.REINST_SideScrollerPlayerController_C_12:ExecuteUbergraph_SideScrollerPlayerController
[2018.09.05-16.46.32:094][  0]LogUObjectGlobals: Created PersistentFrame Addr=0x000001451e407e80, Size=352, Default__Bridge_BP_C Function /Game/SideScrollerBP/Blueprints/Bridge_BP.Bridge_BP_C:ExecuteUbergraph_Bridge_BP
[2018.09.05-16.46.32:101][  0]LogUObjectGlobals: Created PersistentFrame Addr=0x000001451e4f5080, Size=272, Default__GravityBox_BP_C Function /Game/SideScrollerBP/Blueprints/GravityBox_BP.GravityBox_BP_C:ExecuteUbergraph_GravityBox_BP
[2018.09.05-16.46.32:104][  0]LogUObjectGlobals: Created PersistentFrame Addr=0x000001452144ec50, Size=72, Default__ThirdPerson_AnimBP_C Function /Game/Mannequin/Animations/ThirdPerson_AnimBP.ThirdPerson_AnimBP_C:ExecuteUbergraph_ThirdPerson_AnimBP
[2018.09.05-16.46.32:107][  0]LogUObjectGlobals: Created PersistentFrame Addr=0x000001451e4a8e00, Size=488, Default__SideScrollerPlayerCharacter_C Function /Game/SideScrollerBP/Blueprints/SideScrollerPlayerCharacter.SideScrollerPlayerCharacter_C:ExecuteUbergraph_SideScrollerPlayerCharacter
[2018.09.05-16.46.32:113][  0]LogUObjectGlobals: Created PersistentFrame Addr=0x00000145213b6200, Size=704, Default__SideScrollerPlayerController_C Function /Game/SideScrollerBP/Blueprints/SideScrollerPlayerController.SideScrollerPlayerController_C:ExecuteUbergraph_SideScrollerPlayerController
[2018.09.05-16.46.32:208][  0]LogUObjectGlobals: Created PersistentFrame Addr=0x000001451e7b9a78, Size=4, Default__Checkpoint_C Function /Game/SideScrollerBP/Blueprints/Checkpoint.Checkpoint_C:ExecuteUbergraph_Checkpoint
[2018.09.05-16.46.32:211][  0]LogUObjectGlobals: Destroyed PersistentFrame Addr=0x000001451e7b9a78, Size=4
[2018.09.05-16.46.32:211][  0]LogUObjectGlobals: Created PersistentFrame Addr=0x000001451e7b9a78, Size=4, Default__Checkpoint_C Function /Engine/Transient.REINST_Checkpoint_C_21:ExecuteUbergraph_Checkpoint
[2018.09.05-16.46.32:212][  0]LogUObjectGlobals: Created PersistentFrame Addr=0x000001451e7b9c38, Size=4, Default__Checkpoint_C Function /Game/SideScrollerBP/Blueprints/Checkpoint.Checkpoint_C:ExecuteUbergraph_Checkpoint
[2018.09.05-16.46.32:238][  0]LogUObjectGlobals: Created PersistentFrame Addr=0x000001451a12ab00, Size=1536, Default__Electricity_ShootsDown_BP_C Function /Game/SideScrollerBP/Blueprints/Electricity_ShootsDown_BP.Electricity_ShootsDown_BP_C:ExecuteUbergraph_Electricity_ShootsDown_BP
[2018.09.05-16.46.32:264][  0]LogUObjectGlobals: Destroyed PersistentFrame Addr=0x000001451a12ab00, Size=1536
[2018.09.05-16.46.32:264][  0]LogUObjectGlobals: Created PersistentFrame Addr=0x000001451e445d00, Size=1536, Default__Electricity_ShootsDown_BP_C Function /Engine/Transient.REINST_Electricity_ShootsDown_BP_C_23:ExecuteUbergraph_Electricity_ShootsDown_BP
[2018.09.05-16.46.32:283][  0]LogUObjectGlobals: Created PersistentFrame Addr=0x000001451e7acf00, Size=1536, Default__Electricity_ShootsDown_BP_C Function /Game/SideScrollerBP/Blueprints/Electricity_ShootsDown_BP.Electricity_ShootsDown_BP_C:ExecuteUbergraph_Electricity_ShootsDown_BP
[2018.09.05-16.46.32:300][  0]LogUObjectGlobals: Created PersistentFrame Addr=0x000001451a129d00, Size=1536, Default__Electricity_ShootsUp_BP_C Function /Game/SideScrollerBP/Blueprints/Electricity_ShootsUp_BP.Electricity_ShootsUp_BP_C:ExecuteUbergraph_Electricity_ShootsUp_BP
[2018.09.05-16.46.32:319][  0]LogUObjectGlobals: Destroyed PersistentFrame Addr=0x000001451a129d00, Size=1536
[2018.09.05-16.46.32:319][  0]LogUObjectGlobals: Created PersistentFrame Addr=0x000001451e654f00, Size=1536, Default__Electricity_ShootsUp_BP_C Function /Engine/Transient.REINST_Electricity_ShootsUp_BP_C_25:ExecuteUbergraph_Electricity_ShootsUp_BP
[2018.09.05-16.46.32:338][  0]LogUObjectGlobals: Created PersistentFrame Addr=0x000001452126b200, Size=1536, Default__Electricity_ShootsUp_BP_C Function /Game/SideScrollerBP/Blueprints/Electricity_ShootsUp_BP.Electricity_ShootsUp_BP_C:ExecuteUbergraph_Electricity_ShootsUp_BP
[2018.09.05-16.46.32:370][  0]LogUObjectGlobals: Created PersistentFrame Addr=0x00000145212fd960, Size=16, Default__LevelExitUI_C Function /Game/UI/LevelExitUI.LevelExitUI_C:ExecuteUbergraph_LevelExitUI
[2018.09.05-16.46.32:376][  0]LogUObjectGlobals: Destroyed PersistentFrame Addr=0x00000145212fd960, Size=16
[2018.09.05-16.46.32:376][  0]LogUObjectGlobals: Created PersistentFrame Addr=0x00000145212fd960, Size=16, Default__LevelExitUI_C Function /Engine/Transient.REINST_LevelExitUI_C_1:ExecuteUbergraph_LevelExitUI
[2018.09.05-16.46.32:378][  0]LogUObjectGlobals: Created PersistentFrame Addr=0x00000145212fd980, Size=16, Default__LevelExitUI_C Function /Game/UI/LevelExitUI.LevelExitUI_C:ExecuteUbergraph_LevelExitUI
[2018.09.05-16.46.32:383][  0]LogUObjectGlobals: Created PersistentFrame Addr=0x000001452146b9e0, Size=224, Default__LevelExit_C Function /Game/SideScrollerBP/Blueprints/LevelExit.LevelExit_C:ExecuteUbergraph_LevelExit
[2018.09.05-16.46.32:388][  0]LogUObjectGlobals: Destroyed PersistentFrame Addr=0x000001452146b9e0, Size=224
[2018.09.05-16.46.32:388][  0]LogUObjectGlobals: Created PersistentFrame Addr=0x000001452146b9e0, Size=224, Default__LevelExit_C Function /Engine/Transient.REINST_LevelExit_C_28:ExecuteUbergraph_LevelExit
[2018.09.05-16.46.32:391][  0]LogUObjectGlobals: Created PersistentFrame Addr=0x000001452146a240, Size=224, Default__LevelExit_C Function /Game/SideScrollerBP/Blueprints/LevelExit.LevelExit_C:ExecuteUbergraph_LevelExit
[2018.09.05-16.46.32:976][  0]LogUObjectGlobals: Created PersistentFrame Addr=0x000001452186e980, Size=272, Default__Level1Map_C Function /Game/SideScrollerBP/Maps/Level1Map.Level1Map_C:ExecuteUbergraph_Level1Map
[2018.09.05-16.46.32:997][  0]LogUObjectGlobals: Destroyed PersistentFrame Addr=0x000001452186e980, Size=272
[2018.09.05-16.46.32:997][  0]LogUObjectGlobals: Created PersistentFrame Addr=0x000001452186e980, Size=272, Default__Level1Map_C Function /Engine/Transient.REINST_Level1Map_C_32:ExecuteUbergraph_Level1Map
[2018.09.05-16.46.33:010][  0]LogUObjectGlobals: Created PersistentFrame Addr=0x000001452186d940, Size=272, Default__Level1Map_C Function /Game/SideScrollerBP/Maps/Level1Map.Level1Map_C:ExecuteUbergraph_Level1Map
[2018.09.05-16.46.33:498][  0]LogSkeletalMesh: Skeletal Mesh found in DDC [28.419579ms] /Game/Mannequin/Character/Mesh/SK_Mannequin.SK_Mannequin
[2018.09.05-16.46.35:404][  0]LogAIModule: Creating AISystem for world Level1Map
[2018.09.05-16.46.35:563][  0]LogEditorServer: Finished looking for orphan Actors (0.000 secs)
[2018.09.05-16.46.35:606][  0]LogUObjectGlobals: Destroyed PersistentFrame Addr=0x0000014501db3ac0, Size=192
[2018.09.05-16.46.35:606][  0]LogUObjectGlobals: Destroyed PersistentFrame Addr=0x000001451e6d9900, Size=352
[2018.09.05-16.46.35:606][  0]LogUObjectGlobals: Destroyed PersistentFrame Addr=0x000001451e6bba00, Size=704
[2018.09.05-16.46.35:606][  0]LogUObjectGlobals: Destroyed PersistentFrame Addr=0x0000014500bbe840, Size=272
[2018.09.05-16.46.35:606][  0]LogUObjectGlobals: Destroyed PersistentFrame Addr=0x000001451e7b4d00, Size=64
[2018.09.05-16.46.35:607][  0]LogUObjectGlobals: Destroyed PersistentFrame Addr=0x0000014500c9b800, Size=488
[2018.09.05-16.46.35:607][  0]LogUObjectGlobals: Destroyed PersistentFrame Addr=0x000001451e7b9a78, Size=4
[2018.09.05-16.46.35:607][  0]LogUObjectGlobals: Destroyed PersistentFrame Addr=0x000001451e445d00, Size=1536
[2018.09.05-16.46.35:607][  0]LogUObjectGlobals: Destroyed PersistentFrame Addr=0x000001451e654f00, Size=1536
[2018.09.05-16.46.35:607][  0]LogUObjectGlobals: Destroyed PersistentFrame Addr=0x00000145212fd960, Size=16
[2018.09.05-16.46.35:607][  0]LogUObjectGlobals: Destroyed PersistentFrame Addr=0x000001452146b9e0, Size=224
[2018.09.05-16.46.35:608][  0]LogUObjectGlobals: Destroyed PersistentFrame Addr=0x000001452186e980, Size=272
[2018.09.05-16.46.35:617][  0]Cmd: MAP CHECKDEP NOCLEARLOG
[2018.09.05-16.46.35:806][  0]MapCheck: Map check complete: 0 Error(s), 0 Warning(s), took 188.228ms to complete.
[2018.09.05-16.46.35:806][  0]LogFileHelpers: Loading map 'Level1Map' took 5.261
[2018.09.05-16.46.36:374][  0]LogSourceControl: Error: P4ERROR: Invalid connection to server.
[2018.09.05-16.46.36:375][  0]LogSourceControl: Error: Connect to server failed; check $P4PORT.
TCP connect to unrealsummer2018.ddns.net:1666 failed.
No such host is known. 

[2018.09.05-16.46.36:375][  0]LogCollectionManager: Loaded 0 collections in 0.007512 seconds
[2018.09.05-16.46.36:504][  0]LogFileCache: Scanning file cache for directory 'C:/Users/chris/OneDrive/Documents/Unreal Projects/HackDaWorld/Saved/Collections/' took 0.01s
[2018.09.05-16.46.36:504][  0]LogFileCache: Scanning file cache for directory 'C:/Users/chris/OneDrive/Documents/Unreal Projects/HackDaWorld/Content/Developers/chris/Collections/' took 0.01s
[2018.09.05-16.46.36:504][  0]LogFileCache: Scanning file cache for directory 'C:/Users/chris/OneDrive/Documents/Unreal Projects/HackDaWorld/Content/Collections/' took 0.01s
[2018.09.05-16.46.36:504][  0]LogCollectionManager: Rebuilt the GUID cache for 0 collections in 0.000002 seconds
[2018.09.05-16.46.36:521][  0]LogContentBrowser: Native class hierarchy populated in 0.0152 seconds. Added 2347 classes and 485 folders.
[2018.09.05-16.46.36:540][  0]LogContentBrowser: Native class hierarchy updated for 'WidgetCarousel' in 0.0003 seconds. Added 0 classes and 0 folders.
[2018.09.05-16.46.38:120][  0]LogContentBrowser: Native class hierarchy updated for 'AddContentDialog' in 0.0004 seconds. Added 0 classes and 0 folders.
[2018.09.05-16.46.38:169][  0]LogContentBrowser: Native class hierarchy updated for 'SceneOutliner' in 0.0011 seconds. Added 1 classes and 2 folders.
[2018.09.05-16.46.38:353][  0]LogSlate: Took 0.005752 seconds to synchronously load lazily loaded font '../../../Engine/Content/Slate/Fonts/Roboto-Regular.ttf' (155K)
[2018.09.05-16.46.38:364][  0]LogSlate: Took 0.000785 seconds to synchronously load lazily loaded font '../../../Engine/Content/Slate/Fonts/Roboto-Bold.ttf' (160K)
[2018.09.05-16.46.38:400][  0]LogSlate: Took 0.016860 seconds to synchronously load lazily loaded font '../../../Engine/Content/Editor/Slate/Fonts/FontAwesome.ttf' (139K)
[2018.09.05-16.46.38:663][  0]LogRenderer: Reallocating scene render targets to support 960x436 Format 10 NumSamples 1 (Frame:1).
[2018.09.05-16.46.39:312][  0]LogContentBrowser: Native class hierarchy updated for 'HierarchicalLODOutliner' in 0.0003 seconds. Added 0 classes and 0 folders.
[2018.09.05-16.46.39:312][  0]LogLoad: (Engine Initialization) Total time: 34.38 seconds
[2018.09.05-16.46.39:312][  0]LogLoad: (Engine Initialization) Total Blueprint compile time: 0.00 seconds
[2018.09.05-16.46.39:331][  0]LogWindowsTextInputMethodSystem: Display: IME system now deactivated.
[2018.09.05-16.46.39:334][  0]LogRawInputWindows: Warning: Found device 0 devices
[2018.09.05-16.46.39:334][  0]LogRawInputWindows: Warning: Found device 0 devices
[2018.09.05-16.46.39:334][  0]LogRawInputWindows: Warning: Device was registered succesfully but not connected (Usage:4 UsagePage:1)
[2018.09.05-16.46.39:334][  0]LogRawInputWindows: Warning: Found device 1 devices
[2018.09.05-16.46.39:334][  0]LogRawInputWindows: Warning: Device was registered succesfully but not connected (Usage:5 UsagePage:1)
[2018.09.05-16.46.39:366][  0]LogContentStreaming: Texture pool size now 1000 MB
[2018.09.05-16.46.39:495][  1]LogAssetRegistry: Asset discovery search completed in 26.5033 seconds
[2018.09.05-16.46.39:498][  1]LogCollectionManager: Rebuilt the object cache for 0 collections in 0.000000 seconds (found 0 objects)
[2018.09.05-16.46.39:498][  1]LogCollectionManager: Fixed up redirectors for 0 collections in 0.000104 seconds (updated 0 objects)
[2018.09.05-16.46.39:723][  2]LogSlate: FSceneViewport::OnFocusLost() reason 0
[2018.09.05-16.46.48:501][142]LogSourceControl: Error: P4ERROR: Invalid connection to server.
[2018.09.05-16.46.48:501][142]LogSourceControl: Error: Connect to server failed; check $P4PORT.
TCP connect to unrealsummer2018.ddns.net:1666 failed.
No such host is known. 

[2018.09.05-16.46.51:359][170]LogSourceControl: Error: P4ERROR: Invalid connection to server.
[2018.09.05-16.46.51:360][170]LogSourceControl: Error: Connect to server failed; check $P4PORT.
TCP connect to unrealsummer2018.ddns.net:1666 failed.
No such host is known. 

[2018.09.05-16.47.22:538][617]LogSourceControl: Error: P4ERROR: Invalid connection to server.
[2018.09.05-16.47.22:538][617]LogSourceControl: Error: Connect to server failed; check $P4PORT.
TCP connect to unrealschool2018.ddns.net:1666 failed.
connect: 136.152.143.90:1666: WSAETIMEDOUT

[2018.09.05-16.47.22:544][617]SourceControl: Error: Failed to connect to source control. Check your settings and connection then try again.
[2018.09.05-16.47.27:704][658]LogD3D11RHI: Error: Result failed 
 at D:\Build\++UE4+Release-4.19+Compile\Sync\Engine\Source\Runtime\Windows\D3D11RHI\Private\D3D11Query.cpp:140 
 with error DXGI_ERROR_DEVICE_REMOVED DXGI_ERROR_DEVICE_HUNG
[2018.09.05-16.47.27:705][658]LogWindows: Windows GetLastError: The operation completed successfully. (0)
[2018.09.05-16.47.30:359][658]LogWindows: Windows GetLastError: The operation completed successfully. (0)
[2018.09.05-16.47.30:361][658]LogWindows: Error: === Critical error: ===
[2018.09.05-16.47.30:361][658]LogWindows: Error: 
[2018.09.05-16.47.30:361][658]LogWindows: Error: Fatal error: [File:D:\Build\++UE4+Release-4.19+Compile\Sync\Engine\Source\Runtime\RenderCore\Private\RenderingThread.cpp] [Line: 819] 
[2018.09.05-16.47.30:361][658]LogWindows: Error: Rendering thread exception:
[2018.09.05-16.47.30:362][658]LogWindows: Error: Fatal error: [File:D:\Build\++UE4+Release-4.19+Compile\Sync\Engine\Source\Runtime\Windows\D3D11RHI\Private\D3D11Util.cpp] [Line: 182] 
[2018.09.05-16.47.30:362][658]LogWindows: Error: Unreal Engine is exiting due to D3D device being lost. (Error: 0x887A0006 - 'HUNG')
[2018.09.05-16.47.30:362][658]LogWindows: Error: 
[2018.09.05-16.47.30:362][658]LogWindows: Error: 
[2018.09.05-16.47.30:362][658]LogWindows: Error: [Callstack] 0x00000000D417A388 KERNELBASE.dll!UnknownFunction []
[2018.09.05-16.47.30:362][658]LogWindows: Error: [Callstack] 0x00000000AF997884 UE4Editor-ApplicationCore.dll!UnknownFunction []
[2018.09.05-16.47.30:362][658]LogWindows: Error: [Callstack] 0x0000000090006D9B UE4Editor-Core.dll!UnknownFunction []
[2018.09.05-16.47.30:362][658]LogWindows: Error: [Callstack] 0x000000008FF41949 UE4Editor-Core.dll!UnknownFunction []
[2018.09.05-16.47.30:362][658]LogWindows: Error: [Callstack] 0x000000006E16A0CF UE4Editor-D3D11RHI.dll!UnknownFunction []
[2018.09.05-16.47.30:362][658]LogWindows: Error: [Callstack] 0x000000006E16E5E0 UE4Editor-D3D11RHI.dll!UnknownFunction []
[2018.09.05-16.47.30:362][658]LogWindows: Error: [Callstack] 0x000000006E14593D UE4Editor-D3D11RHI.dll!UnknownFunction []
[2018.09.05-16.47.30:362][658]LogWindows: Error: [Callstack] 0x000000006E15AC98 UE4Editor-D3D11RHI.dll!UnknownFunction []
[2018.09.05-16.47.30:362][658]LogWindows: Error: [Callstack] 0x00000000AAC9F0B6 UE4Editor-RHI.dll!UnknownFunction []
[2018.09.05-16.47.30:362][658]LogWindows: Error: [Callstack] 0x000000006C8B1FF8 UE4Editor-SlateRHIRenderer.dll!UnknownFunction []
[2018.09.05-16.47.30:362][658]LogWindows: Error: [Callstack] 0x000000006C8B7C4C UE4Editor-SlateRHIRenderer.dll!UnknownFunction []
[2018.09.05-16.47.30:362][658]LogWindows: Error: [Callstack] 0x000000008FE1B713 UE4Editor-Core.dll!UnknownFunction []
[2018.09.05-16.47.30:362][658]LogWindows: Error: [Callstack] 0x000000008FE1BD3A UE4Editor-Core.dll!UnknownFunction []
[2018.09.05-16.47.30:362][658]LogWindows: Error: [Callstack] 0x00000000B5693CC9 UE4Editor-RenderCore.dll!UnknownFunction []
[2018.09.05-16.47.30:362][658]LogWindows: Error: [Callstack] 0x00000000B5694CF6 UE4Editor-RenderCore.dll!UnknownFunction []
[2018.09.05-16.47.30:362][658]LogWindows: Error: [Callstack] 0x00000000901E9FFC UE4Editor-Core.dll!UnknownFunction []
[2018.09.05-16.47.30:362][658]LogWindows: Error: [Callstack] 0x00000000901DED63 UE4Editor-Core.dll!UnknownFunction []
[2018.09.05-16.47.30:362][658]LogWindows: Error: [Callstack] 0x00000000D68D3034 KERNEL32.DLL!UnknownFunction []
[2018.09.05-16.47.30:362][658]LogWindows: Error: [Callstack] 0x00000000D7AB1431 ntdll.dll!UnknownFunction []
[2018.09.05-16.47.30:362][658]LogWindows: Error: [Callstack] 0x00000000D7AB1431 ntdll.dll!UnknownFunction []
[2018.09.05-16.47.30:362][658]LogWindows: Error: 
[2018.09.05-16.47.30:362][658]LogWindows: Error: 
[2018.09.05-16.47.30:362][658]LogWindows: Error: 
[2018.09.05-16.47.30:362][658]LogWindows: Error: 
[2018.09.05-16.47.30:381][658]LogExit: Executing StaticShutdownAfterError
[2018.09.05-16.47.30:387][658]LogWindows: FPlatformMisc::RequestExit(1)
[2018.09.05-16.47.30:388][658]Log file closed, 09/05/18 09:47:30
