Log file open, 08/11/18 13:22:37
LogWindows: Failed to load 'aqProf.dll' (GetLastError=126)
LogWindows: File 'aqProf.dll' does not exist
LogWindows: Failed to load 'VtuneApi.dll' (GetLastError=126)
LogWindows: File 'VtuneApi.dll' does not exist
LogWindows: Failed to load 'VtuneApi32e.dll' (GetLastError=126)
LogWindows: File 'VtuneApi32e.dll' does not exist
LogInit: Display: Running engine for game: HackDaWorld
LogPlatformFile: Not using cached read wrapper
LogInit: Display: RandInit(1718724723) SRandInit(1718724723).
LogInit: Read version file with build ID '3944462'
LogInit: Overriding engine version to CL 4033788, compatible CL 3944462
LogInit: Registered custom module enumerator with build ID '3944462'
LogTaskGraph: Started task graph with 5 named threads and 23 total threads with 3 sets of task threads.
LogStats: Stats thread started at 0.360969
LogD3D11RHI: Aftermath initialized
LogICUInternationalization: Display: ICU TimeZone Detection - Raw Offset: -8:00, Platform Override: ''
LogConfig: Warning: Failed to saved backup for config[Engine]
LogConfig: Warning: Failed to saved backup for config[Game]
LogConfig: Warning: Failed to saved backup for config[Input]
LogConfig: Warning: Failed to saved backup for config[Editor]
LogConfig: Warning: Failed to saved backup for config[EditorPerProjectUserSettings]
LogConfig: Warning: Failed to saved backup for config[EditorSettings]
LogConfig: Warning: Failed to saved backup for config[EditorLayout]
LogConfig: Warning: Failed to saved backup for config[EditorKeyBindings]
LogConfig: Warning: Failed to saved backup for config[Compat]
LogConfig: Warning: Failed to saved backup for config[Lightmass]
LogConfig: Warning: Failed to saved backup for config[Scalability]
LogConfig: Warning: Failed to saved backup for config[Hardware]
LogConfig: Warning: Failed to saved backup for config[GameUserSettings]
LogModuleManager: Display: Found up-to-date module file ../../../Engine/Plugins/Experimental/CodeView/Binaries/Win64/UE4Editor-CodeView.dll (API version 3944462).
LogModuleManager: Display: Found up-to-date module file ../../../Engine/Plugins/Experimental/RawInput/Binaries/Win64/UE4Editor-RawInput.dll (API version 3944462).
LogModuleManager: Display: Found up-to-date module file ../../../Engine/Plugins/Runtime/WindowsDeviceProfileSelector/Binaries/Win64/UE4Editor-WindowsDeviceProfileSelector.dll (API version 3944462).
LogModuleManager: Display: Found up-to-date module file ../../../Engine/Plugins/Blendables/LightPropagationVolume/Binaries/Win64/UE4Editor-LightPropagationVolumeRuntime.dll (API version 3944462).
LogModuleManager: Display: Found up-to-date module file ../../../Engine/Plugins/Blendables/LightPropagationVolume/Binaries/Win64/UE4Editor-LightPropagationVolumeEditor.dll (API version 3944462).
LogModuleManager: Display: Found up-to-date module file ../../../Engine/Plugins/Developer/CLionSourceCodeAccess/Binaries/Win64/UE4Editor-CLionSourceCodeAccess.dll (API version 3944462).
LogModuleManager: Display: Found up-to-date module file ../../../Engine/Plugins/Developer/GitSourceControl/Binaries/Win64/UE4Editor-GitSourceControl.dll (API version 3944462).
LogModuleManager: Display: Found up-to-date module file ../../../Engine/Plugins/Developer/PerforceSourceControl/Binaries/Win64/UE4Editor-PerforceSourceControl.dll (API version 3944462).
LogModuleManager: Display: Found up-to-date module file ../../../Engine/Plugins/Developer/SubversionSourceControl/Binaries/Win64/UE4Editor-SubversionSourceControl.dll (API version 3944462).
LogModuleManager: Display: Found up-to-date module file ../../../Engine/Plugins/Developer/UObjectPlugin/Binaries/Win64/UE4Editor-UObjectPlugin.dll (API version 3944462).
LogModuleManager: Display: Found up-to-date module file ../../../Engine/Plugins/Developer/VisualStudioCodeSourceCodeAccess/Binaries/Win64/UE4Editor-VisualStudioCodeSourceCodeAccess.dll (API version 3944462).
LogModuleManager: Display: Found up-to-date module file ../../../Engine/Plugins/Developer/VisualStudioSourceCodeAccess/Binaries/Win64/UE4Editor-VisualStudioSourceCodeAccess.dll (API version 3944462).
LogModuleManager: Display: Found up-to-date module file ../../../Engine/Plugins/Editor/AssetManagerEditor/Binaries/Win64/UE4Editor-AssetManagerEditor.dll (API version 3944462).
LogModuleManager: Display: Found up-to-date module file ../../../Engine/Plugins/Editor/CryptoKeys/Binaries/Win64/UE4Editor-CryptoKeys.dll (API version 3944462).
LogModuleManager: Display: Found up-to-date module file ../../../Engine/Plugins/Editor/CryptoKeys/Binaries/Win64/UE4Editor-CryptoKeysOpenSSL.dll (API version 3944462).
LogModuleManager: Display: Found up-to-date module file ../../../Engine/Plugins/Editor/DataValidation/Binaries/Win64/UE4Editor-DataValidation.dll (API version 3944462).
LogModuleManager: Display: Found up-to-date module file ../../../Engine/Plugins/Editor/GameplayTagsEditor/Binaries/Win64/UE4Editor-GameplayTagsEditor.dll (API version 3944462).
LogModuleManager: Display: Found up-to-date module file ../../../Engine/Plugins/Editor/MobileLauncherProfileWizard/Binaries/Win64/UE4Editor-MobileLauncherProfileWizard.dll (API version 3944462).
LogModuleManager: Display: Found up-to-date module file ../../../Engine/Plugins/Editor/PluginBrowser/Binaries/Win64/UE4Editor-PluginBrowser.dll (API version 3944462).
LogModuleManager: Display: Found up-to-date module file ../../../Engine/Plugins/Editor/SpeedTreeImporter/Binaries/Win64/UE4Editor-SpeedTreeImporter.dll (API version 3944462).
LogModuleManager: Display: Found up-to-date module file ../../../Engine/Plugins/Enterprise/DatasmithContent/Binaries/Win64/UE4Editor-DatasmithContent.dll (API version 3944462).
LogModuleManager: Display: Found up-to-date module file ../../../Engine/Plugins/Experimental/AlembicImporter/Binaries/Win64/UE4Editor-AlembicImporter.dll (API version 3944462).
LogModuleManager: Display: Found up-to-date module file ../../../Engine/Plugins/Experimental/AlembicImporter/Binaries/Win64/UE4Editor-AlembicLibrary.dll (API version 3944462).
LogModuleManager: Display: Found up-to-date module file ../../../Engine/Plugins/Experimental/CharacterAI/Binaries/Win64/UE4Editor-CharacterAI.dll (API version 3944462).
LogModuleManager: Display: Found up-to-date module file ../../../Engine/Plugins/Experimental/HTML5Networking/Binaries/Win64/UE4Editor-HTML5Networking.dll (API version 3944462).
LogModuleManager: Display: Found up-to-date module file ../../../Engine/Plugins/Media/ImgMedia/Binaries/Win64/UE4Editor-ImgMedia.dll (API version 3944462).
LogModuleManager: Display: Found up-to-date module file ../../../Engine/Plugins/Media/ImgMedia/Binaries/Win64/UE4Editor-ImgMediaEditor.dll (API version 3944462).
LogModuleManager: Display: Found up-to-date module file ../../../Engine/Plugins/Media/ImgMedia/Binaries/Win64/UE4Editor-ImgMediaFactory.dll (API version 3944462).
LogModuleManager: Display: Found up-to-date module file ../../../Engine/Plugins/Media/ImgMedia/Binaries/Win64/UE4Editor-ImgMediaFactory.dll (API version 3944462).
LogModuleManager: Display: Found up-to-date module file ../../../Engine/Plugins/Media/ImgMedia/Binaries/Win64/UE4Editor-OpenExrWrapper.dll (API version 3944462).
LogModuleManager: Display: Found up-to-date module file ../../../Engine/Plugins/Media/LinearTimecode/Binaries/Win64/UE4Editor-LinearTimecode.dll (API version 3944462).
LogModuleManager: Display: Found up-to-date module file ../../../Engine/Plugins/Media/MediaCompositing/Binaries/Win64/UE4Editor-MediaCompositing.dll (API version 3944462).
LogModuleManager: Display: Found up-to-date module file ../../../Engine/Plugins/Media/MediaCompositing/Binaries/Win64/UE4Editor-MediaCompositingEditor.dll (API version 3944462).
LogModuleManager: Display: Found up-to-date module file ../../../Engine/Plugins/Messaging/TcpMessaging/Binaries/Win64/UE4Editor-TcpMessaging.dll (API version 3944462).
LogModuleManager: Display: Found up-to-date module file ../../../Engine/Plugins/Messaging/UdpMessaging/Binaries/Win64/UE4Editor-UdpMessaging.dll (API version 3944462).
LogModuleManager: Display: Found up-to-date module file ../../../Engine/Plugins/MovieScene/ActorSequence/Binaries/Win64/UE4Editor-ActorSequence.dll (API version 3944462).
LogModuleManager: Display: Found up-to-date module file ../../../Engine/Plugins/MovieScene/LevelSequenceEditor/Binaries/Win64/UE4Editor-LevelSequenceEditor.dll (API version 3944462).
LogModuleManager: Display: Found up-to-date module file ../../../Engine/Plugins/MovieScene/MatineeToLevelSequence/Binaries/Win64/UE4Editor-MatineeToLevelSequence.dll (API version 3944462).
LogModuleManager: Display: Found up-to-date module file ../../../Engine/Plugins/NetcodeUnitTest/NetcodeUnitTest/Binaries/Win64/UE4Editor-NetcodeUnitTest.dll (API version 3944462).
LogModuleManager: Display: Found up-to-date module file ../../../Engine/Plugins/NetcodeUnitTest/NUTUnrealEngine4/Binaries/Win64/UE4Editor-NUTUnrealEngine4.dll (API version 3944462).
LogModuleManager: Display: Found up-to-date module file ../../../Engine/Plugins/Online/OnlineSubsystem/Binaries/Win64/UE4Editor-OnlineSubsystem.dll (API version 3944462).
LogModuleManager: Display: Found up-to-date module file ../../../Engine/Plugins/Online/OnlineSubsystemNull/Binaries/Win64/UE4Editor-OnlineSubsystemNull.dll (API version 3944462).
LogModuleManager: Display: Found up-to-date module file ../../../Engine/Plugins/Online/OnlineSubsystemUtils/Binaries/Win64/UE4Editor-OnlineSubsystemUtils.dll (API version 3944462).
LogModuleManager: Display: Found up-to-date module file ../../../Engine/Plugins/Online/OnlineSubsystemUtils/Binaries/Win64/UE4Editor-OnlineBlueprintSupport.dll (API version 3944462).
LogModuleManager: Display: Found up-to-date module file ../../../Engine/Plugins/Runtime/AndroidDeviceProfileSelector/Binaries/Win64/UE4Editor-AndroidDeviceProfileSelector.dll (API version 3944462).
LogModuleManager: Display: Found up-to-date module file ../../../Engine/Plugins/Runtime/CableComponent/Binaries/Win64/UE4Editor-CableComponent.dll (API version 3944462).
LogModuleManager: Display: Found up-to-date module file ../../../Engine/Plugins/Runtime/CustomMeshComponent/Binaries/Win64/UE4Editor-CustomMeshComponent.dll (API version 3944462).
LogModuleManager: Display: Found up-to-date module file ../../../Engine/Plugins/Runtime/ExampleDeviceProfileSelector/Binaries/Win64/UE4Editor-ExampleDeviceProfileSelector.dll (API version 3944462).
LogModuleManager: Display: Found up-to-date module file ../../../Engine/Plugins/Runtime/ImmediatePhysics/Binaries/Win64/UE4Editor-ImmediatePhysics.dll (API version 3944462).
LogModuleManager: Display: Found up-to-date module file ../../../Engine/Plugins/Runtime/ImmediatePhysics/Binaries/Win64/UE4Editor-ImmediatePhysicsEditor.dll (API version 3944462).
LogModuleManager: Display: Found up-to-date module file ../../../Engine/Plugins/Runtime/LocationServicesBPLibrary/Binaries/Win64/UE4Editor-LocationServicesBPLibrary.dll (API version 3944462).
LogModuleManager: Display: Found up-to-date module file ../../../Engine/Plugins/Runtime/MobilePatchingUtils/Binaries/Win64/UE4Editor-MobilePatchingUtils.dll (API version 3944462).
LogModuleManager: Display: Found up-to-date module file ../../../Engine/Plugins/Runtime/PhysXVehicles/Binaries/Win64/UE4Editor-PhysXVehicles.dll (API version 3944462).
LogModuleManager: Display: Found up-to-date module file ../../../Engine/Plugins/Runtime/PhysXVehicles/Binaries/Win64/UE4Editor-PhysXVehiclesEditor.dll (API version 3944462).
LogModuleManager: Display: Found up-to-date module file ../../../Engine/Plugins/Runtime/RuntimePhysXCooking/Binaries/Win64/UE4Editor-RuntimePhysXCooking.dll (API version 3944462).
LogPluginManager: Mounting plugin LightPropagationVolume
LogConfig: Warning: Failed to saved backup for config[LightPropagationVolume]
LogPluginManager: Mounting plugin CLionSourceCodeAccess
LogConfig: Warning: Failed to saved backup for config[CLionSourceCodeAccess]
LogPluginManager: Mounting plugin GitSourceControl
LogConfig: Warning: Failed to saved backup for config[GitSourceControl]
LogPluginManager: Mounting plugin PerforceSourceControl
LogConfig: Warning: Failed to saved backup for config[PerforceSourceControl]
LogPluginManager: Mounting plugin SubversionSourceControl
LogConfig: Warning: Failed to saved backup for config[SubversionSourceControl]
LogPluginManager: Mounting plugin UObjectPlugin
LogConfig: Warning: Failed to saved backup for config[UObjectPlugin]
LogPluginManager: Mounting plugin VisualStudioCodeSourceCodeAccess
LogConfig: Warning: Failed to saved backup for config[VisualStudioCodeSourceCodeAccess]
LogPluginManager: Mounting plugin VisualStudioSourceCodeAccess
LogConfig: Warning: Failed to saved backup for config[VisualStudioSourceCodeAccess]
LogPluginManager: Mounting plugin XCodeSourceCodeAccess
LogConfig: Warning: Failed to saved backup for config[XCodeSourceCodeAccess]
LogPluginManager: Mounting plugin AssetManagerEditor
LogConfig: Warning: Failed to saved backup for config[AssetManagerEditor]
LogPluginManager: Mounting plugin CryptoKeys
LogConfig: Warning: Failed to saved backup for config[CryptoKeys]
LogPluginManager: Mounting plugin DataValidation
LogConfig: Warning: Failed to saved backup for config[DataValidation]
LogPluginManager: Mounting plugin GameplayTagsEditor
LogConfig: Warning: Failed to saved backup for config[GameplayTagsEditor]
LogPluginManager: Mounting plugin MobileLauncherProfileWizard
LogConfig: Warning: Failed to saved backup for config[MobileLauncherProfileWizard]
LogPluginManager: Mounting plugin PluginBrowser
LogConfig: Warning: Failed to saved backup for config[PluginBrowser]
LogPluginManager: Mounting plugin SpeedTreeImporter
LogConfig: Warning: Failed to saved backup for config[SpeedTreeImporter]
LogPluginManager: Mounting plugin DatasmithContent
LogConfig: Warning: Failed to saved backup for config[DatasmithContent]
LogPluginManager: Mounting plugin AlembicImporter
LogConfig: Warning: Failed to saved backup for config[AlembicImporter]
LogPluginManager: Mounting plugin CharacterAI
LogConfig: Warning: Failed to saved backup for config[CharacterAI]
LogPluginManager: Mounting plugin CodeView
LogPluginManager: Mounting plugin HTML5Networking
LogConfig: Warning: Failed to saved backup for config[HTML5Networking]
LogPluginManager: Mounting plugin RawInput
LogPluginManager: Mounting plugin ImgMedia
LogConfig: Warning: Failed to saved backup for config[ImgMedia]
LogPluginManager: Mounting plugin LinearTimecode
LogConfig: Warning: Failed to saved backup for config[LinearTimecode]
LogPluginManager: Mounting plugin MediaCompositing
LogConfig: Warning: Failed to saved backup for config[MediaCompositing]
LogPluginManager: Mounting plugin TcpMessaging
LogConfig: Warning: Failed to saved backup for config[TcpMessaging]
LogPluginManager: Mounting plugin UdpMessaging
LogConfig: Warning: Failed to saved backup for config[UdpMessaging]
LogPluginManager: Mounting plugin ActorSequence
LogConfig: Warning: Failed to saved backup for config[ActorSequence]
LogPluginManager: Mounting plugin LevelSequenceEditor
LogConfig: Warning: Failed to saved backup for config[LevelSequenceEditor]
LogPluginManager: Mounting plugin MatineeToLevelSequence
LogConfig: Warning: Failed to saved backup for config[MatineeToLevelSequence]
LogPluginManager: Mounting plugin NetcodeUnitTest
LogConfig: Warning: Failed to saved backup for config[NetcodeUnitTest]
LogPluginManager: Mounting plugin NUTUnrealEngine4
LogConfig: Warning: Failed to saved backup for config[NUTUnrealEngine4]
LogPluginManager: Mounting plugin OnlineSubsystem
LogConfig: Warning: Failed to saved backup for config[OnlineSubsystem]
LogPluginManager: Mounting plugin OnlineSubsystemNull
LogConfig: Warning: Failed to saved backup for config[OnlineSubsystemNull]
LogPluginManager: Mounting plugin OnlineSubsystemUtils
LogConfig: Warning: Failed to saved backup for config[OnlineSubsystemUtils]
LogPluginManager: Mounting plugin AndroidDeviceProfileSelector
LogConfig: Warning: Failed to saved backup for config[AndroidDeviceProfileSelector]
LogPluginManager: Mounting plugin CableComponent
LogConfig: Warning: Failed to saved backup for config[CableComponent]
LogPluginManager: Mounting plugin CustomMeshComponent
LogConfig: Warning: Failed to saved backup for config[CustomMeshComponent]
LogPluginManager: Mounting plugin ExampleDeviceProfileSelector
LogConfig: Warning: Failed to saved backup for config[ExampleDeviceProfileSelector]
LogPluginManager: Mounting plugin ImmediatePhysics
LogConfig: Warning: Failed to saved backup for config[ImmediatePhysics]
LogPluginManager: Mounting plugin LocationServicesBPLibrary
LogConfig: Warning: Failed to saved backup for config[LocationServicesBPLibrary]
LogPluginManager: Mounting plugin MobilePatchingUtils
LogConfig: Warning: Failed to saved backup for config[MobilePatchingUtils]
LogPluginManager: Mounting plugin PhysXVehicles
LogConfig: Warning: Failed to saved backup for config[PhysXVehicles]
LogPluginManager: Mounting plugin RuntimePhysXCooking
LogConfig: Warning: Failed to saved backup for config[RuntimePhysXCooking]
LogPluginManager: Mounting plugin WindowsDeviceProfileSelector
LogStreaming: Display: Took  1.743s to configure plugins.
LogInit: Using libcurl 7.47.1
LogInit:  - built for x86_64-pc-win32
LogInit:  - supports SSL with OpenSSL/1.0.2g
LogInit:  - supports HTTP deflate (compression) using libz 1.2.8
LogInit:  - other features:
LogInit:      CURL_VERSION_SSL
LogInit:      CURL_VERSION_LIBZ
LogInit:      CURL_VERSION_IPV6
LogInit:      CURL_VERSION_ASYNCHDNS
LogInit:      CURL_VERSION_LARGEFILE
LogInit:      CURL_VERSION_IDN
LogInit:  CurlRequestOptions (configurable via config and command line):
LogInit:  - bVerifyPeer = false  - Libcurl will NOT verify peer certificate
LogInit:  - bUseHttpProxy = false  - Libcurl will NOT use HTTP proxy
LogInit:  - bDontReuseConnections = false  - Libcurl will reuse connections
LogInit:  - CertBundlePath = nullptr  - Libcurl will use whatever was configured at build time.
LogInit:  - MaxHostConnections = 16  - Libcurl will limit the number of connections to a host
LogInit:  - LocalHostAddr = Default
LogInit: Build: ++UE4+Release-4.19-CL-4033788
LogInit: Engine Version: 4.19.2-4033788+++UE4+Release-4.19
LogInit: Compatible Engine Version: 4.19.0-3944462+++UE4+Release-4.19
LogInit: Net CL: 3944462
LogDevObjectVersion: Number of dev versions registered: 18
LogDevObjectVersion:   Dev-Blueprints (B0D832E4-1F89-4F0D-ACCF-7EB736FD4AA2): 10
LogDevObjectVersion:   Dev-Build (E1C64328-A22C-4D53-A36C-8E866417BD8C): 0
LogDevObjectVersion:   Dev-Core (375EC13C-06E4-48FB-B500-84F0262A717E): 2
LogDevObjectVersion:   Dev-Editor (E4B068ED-F494-42E9-A231-DA0B2E46BB41): 23
LogDevObjectVersion:   Dev-Framework (CFFC743F-43B0-4480-9391-14DF171D2073): 33
LogDevObjectVersion:   Dev-Mobile (B02B49B5-BB20-44E9-A304-32B752E40360): 2
LogDevObjectVersion:   Dev-Networking (A4E4105C-59A1-49B5-A7C5-40C4547EDFEE): 0
LogDevObjectVersion:   Dev-Online (39C831C9-5AE6-47DC-9A44-9C173E1C8E7C): 0
LogDevObjectVersion:   Dev-Physics (78F01B33-EBEA-4F98-B9B4-84EACCB95AA2): 0
LogDevObjectVersion:   Dev-Platform (6631380F-2D4D-43E0-8009-CF276956A95A): 0
LogDevObjectVersion:   Dev-Rendering (12F88B9F-8875-4AFC-A67C-D90C383ABD29): 25
LogDevObjectVersion:   Dev-Sequencer (7B5AE74C-D270-4C10-A958-57980B212A5A): 6
LogDevObjectVersion:   Dev-VR (D7296918-1DD6-4BDD-9DE2-64A83CC13884): 1
LogDevObjectVersion:   Dev-LoadTimes (C2A15278-BFE7-4AFE-6C17-90FF531DF755): 1
LogDevObjectVersion:   Private-Geometry (6EACA3D4-40EC-4CC1-B786-8BED09428FC5): 2
LogDevObjectVersion:   Dev-AnimPhys (29E575DD-E0A3-4627-9D10-D276232CDCEA): 16
LogDevObjectVersion:   Dev-ReflectionCapture (6B266CEC-1EC7-4B8F-A30B-E4D90942FC07): 1
LogDevObjectVersion:   Dev-Automation (0DF73D61-A23F-47EA-B727-89E90C41499A): 1
LogInit: Compiled (64-bit): Apr 27 2018 02:06:57
LogInit: Compiled with Visual C++: 19.00.24215.01
LogInit: Build Configuration: Development
LogInit: Branch Name: ++UE4+Release-4.19
LogInit: Command Line: -EpicPortal 
LogInit: Base Directory: C:/Program Files/Epic Games/UE_4.19/Engine/Binaries/Win64/
LogInit: Installed Engine Build: 1
LogStreaming: Display: Took  0.020s to delete old logs.
LogInit: Presizing for max 8388607 objects, including 0 objects not considered by GC, pre-allocating 0 bytes for permanent pool.
LogInit: Object subsystem initialized
[2018.08.11-20.22.40:242][  0]LogInit: Selected Device Profile: [Windows]
[2018.08.11-20.22.40:242][  0]LogInit: Applying CVar settings loaded from the selected device profile: [Windows]
[2018.08.11-20.22.40:256][  0]LogConfig: Warning: Failed to saved backup for config[DeviceProfiles]
[2018.08.11-20.22.40:259][  0]LogInit: Computer: DESKTOP-F8MPAQ1
[2018.08.11-20.22.40:259][  0]LogInit: User: chris
[2018.08.11-20.22.40:259][  0]LogInit: CPU Page size=4096, Cores=4
[2018.08.11-20.22.40:259][  0]LogInit: High frequency timer resolution =2.531250 MHz
[2018.08.11-20.22.40:259][  0]LogMemory: Memory total: Physical=7.9GB (8GB approx)
[2018.08.11-20.22.40:259][  0]LogMemory: Platform Memory Stats for Windows
[2018.08.11-20.22.40:259][  0]LogMemory: Process Physical Memory: 271.81 MB used, 271.81 MB peak
[2018.08.11-20.22.40:259][  0]LogMemory: Process Virtual Memory: 264.28 MB used, 264.28 MB peak
[2018.08.11-20.22.40:259][  0]LogMemory: Physical Memory: 4886.42 MB used,  3173.63 MB free, 8060.05 MB total
[2018.08.11-20.22.40:259][  0]LogMemory: Virtual Memory: 4787.93 MB used,  3173.63 MB free, 134217728.00 MB total
[2018.08.11-20.22.40:303][  0]LogInit: Using OS detected language (en-US).
[2018.08.11-20.22.40:303][  0]LogInit: Using OS detected locale (en-US).
[2018.08.11-20.22.40:308][  0]LogTextLocalizationManager: No specific localization for 'en-US' exists, so the 'en' localization will be used.
[2018.08.11-20.22.40:961][  0]LogStreaming: Display: Took  0.658s to EndInitTextLocalization.
[2018.08.11-20.22.40:962][  0]LogInit: Setting process to per monitor DPI aware
[2018.08.11-20.22.41:043][  0]LogSlate: New Slate User Created.  User Index 0, Is Virtual User: 0
[2018.08.11-20.22.41:043][  0]LogSlate: Slate User Registered.  User Index 0, Is Virtual User: 0
[2018.08.11-20.22.41:472][  0]LogD3D11RHI: D3D11 adapters:
[2018.08.11-20.22.41:564][  0]LogD3D11RHI:    0. 'NVIDIA GeForce GTX 960M' (Feature Level 11_0)
[2018.08.11-20.22.41:564][  0]LogD3D11RHI:       4065/0/4030 MB DedicatedVideo/DedicatedSystem/SharedSystem, Outputs:1, VendorId:0x10de
[2018.08.11-20.22.41:598][  0]LogD3D11RHI:    1. 'Intel(R) HD Graphics 530' (Feature Level 11_0)
[2018.08.11-20.22.41:598][  0]LogD3D11RHI:       128/0/4030 MB DedicatedVideo/DedicatedSystem/SharedSystem, Outputs:0, VendorId:0x8086
[2018.08.11-20.22.41:604][  0]LogD3D11RHI:    2. 'Microsoft Basic Render Driver' (Feature Level 11_0)
[2018.08.11-20.22.41:604][  0]LogD3D11RHI:       0/0/4030 MB DedicatedVideo/DedicatedSystem/SharedSystem, Outputs:0, VendorId:0x1414
[2018.08.11-20.22.41:604][  0]LogD3D11RHI: Chosen D3D11 Adapter: 0
[2018.08.11-20.22.41:698][  0]LogD3D11RHI: Creating new Direct3DDevice
[2018.08.11-20.22.41:698][  0]LogD3D11RHI:     GPU DeviceId: 0x139b (for the marketing name, search the web for "GPU Device Id")
[2018.08.11-20.22.41:698][  0]LogWindows: EnumDisplayDevices:
[2018.08.11-20.22.41:698][  0]LogWindows:    0. 'Intel(R) HD Graphics 530' (P:1 D:1)
[2018.08.11-20.22.41:699][  0]LogWindows:    1. 'Intel(R) HD Graphics 530' (P:0 D:0)
[2018.08.11-20.22.41:699][  0]LogWindows:    2. 'Intel(R) HD Graphics 530' (P:0 D:0)
[2018.08.11-20.22.41:699][  0]LogWindows: DebugString: GetVideoDriverDetailsInvalid PrimaryIsNotTheChoosenAdapter GetVideoDriverDetailsInvalid PrimaryIsNotTheChoosenAdapter GetVideoDriverDetailsInvalid PrimaryIsNotTheChoosenAdapter FoundDriverCount:0 
[2018.08.11-20.22.41:699][  0]LogD3D11RHI:     Adapter Name: NVIDIA GeForce GTX 960M
[2018.08.11-20.22.41:699][  0]LogD3D11RHI:   Driver Version: Unknown (internal:Unknown, unified:Unknown)
[2018.08.11-20.22.41:699][  0]LogD3D11RHI:      Driver Date: Unknown
[2018.08.11-20.22.41:699][  0]LogRHI: Texture pool is 2846 MB (70% of 4065 MB)
[2018.08.11-20.22.41:759][  0]LogD3D11RHI: [Aftermath] Aftermath enabled but failed to initialize
[2018.08.11-20.22.41:759][  0]LogD3D11RHI: [Aftermath] Aftermath enabled and primed
[2018.08.11-20.22.41:760][  0]LogD3D11RHI: Async texture creation enabled
[2018.08.11-20.22.41:773][  0]LogD3D11RHI: GPU Timing Frequency: 1000.000000 (Debug: 2 1)
[2018.08.11-20.22.41:776][  0]LogShaderCompilers: Guid format shader working directory is -31 characters bigger than the processId version (../../../../../../Users/chris/OneDrive/Documents/Unreal Projects/HackDaWorld/Intermediate/Shaders/WorkingDirectory/23504/).
[2018.08.11-20.22.41:776][  0]LogShaderCompilers: Cleaned the shader compiler working directory 'C:/Users/chris/AppData/Local/Temp/UnrealShaderWorkingDir/3E74AC084E03C0A67E46DF81672113FF/'.
[2018.08.11-20.22.42:147][  0]LogTemp: Display: Loaded TP AllDesktopTargetPlatform
[2018.08.11-20.22.42:174][  0]LogTemp: Display: Loaded TP MacClientTargetPlatform
[2018.08.11-20.22.42:196][  0]LogTemp: Display: Loaded TP MacNoEditorTargetPlatform
[2018.08.11-20.22.42:222][  0]LogTemp: Display: Loaded TP MacServerTargetPlatform
[2018.08.11-20.22.42:245][  0]LogTemp: Display: Loaded TP MacTargetPlatform
[2018.08.11-20.22.42:267][  0]LogTemp: Display: Loaded TP WindowsClientTargetPlatform
[2018.08.11-20.22.42:293][  0]LogTemp: Display: Loaded TP WindowsNoEditorTargetPlatform
[2018.08.11-20.22.42:315][  0]LogTemp: Display: Loaded TP WindowsServerTargetPlatform
[2018.08.11-20.22.42:327][  0]LogTemp: Display: Loaded TP WindowsTargetPlatform
[2018.08.11-20.22.42:349][  0]LogTemp: Display: Loaded TP Android_ASTCTargetPlatform
[2018.08.11-20.22.42:381][  0]LogTemp: Display: Loaded TP Android_ATCTargetPlatform
[2018.08.11-20.22.42:403][  0]LogTemp: Display: Loaded TP Android_DXTTargetPlatform
[2018.08.11-20.22.42:424][  0]LogTemp: Display: Loaded TP Android_ETC1aTargetPlatform
[2018.08.11-20.22.42:446][  0]LogTemp: Display: Loaded TP Android_ETC1TargetPlatform
[2018.08.11-20.22.42:466][  0]LogTemp: Display: Loaded TP Android_ETC2TargetPlatform
[2018.08.11-20.22.42:520][  0]LogTemp: Display: Loaded TP Android_MultiTargetPlatform
[2018.08.11-20.22.42:520][  0]LogTemp: Display: Loaded TP Android_PVRTCTargetPlatform
[2018.08.11-20.22.42:541][  0]LogTemp: Display: Loaded TP AndroidTargetPlatform
[2018.08.11-20.22.42:544][  0]LogTemp: Display: Loaded TP HTML5TargetPlatform
[2018.08.11-20.22.42:595][  0]LogTemp: Display: Loaded TP IOSTargetPlatform
[2018.08.11-20.22.42:611][  0]LogTemp: Display: Loaded TP TVOSTargetPlatform
[2018.08.11-20.22.42:629][  0]LogTemp: Display: Loaded TP LinuxClientTargetPlatform
[2018.08.11-20.22.42:646][  0]LogTemp: Display: Loaded TP LinuxNoEditorTargetPlatform
[2018.08.11-20.22.42:667][  0]LogTemp: Display: Loaded TP LinuxServerTargetPlatform
[2018.08.11-20.22.42:695][  0]LogTemp: Display: Loaded TP LinuxTargetPlatform
[2018.08.11-20.22.42:695][  0]LogTargetPlatformManager: Display: Building Assets For Windows
[2018.08.11-20.22.42:954][  0]LogXGEController: Cannot use XGE Controller as Incredibuild is not installed on this machine.
[2018.08.11-20.22.42:954][  0]LogShaderCompilers: Cannot use XGE Shader Compiler as Incredibuild is not installed on this machine.
[2018.08.11-20.22.42:954][  0]LogShaderCompilers: Display: Using Local Shader Compiler.
[2018.08.11-20.22.44:167][  0]LogDerivedDataCache: Display: Max Cache Size: 512 MB
[2018.08.11-20.22.44:311][  0]LogDerivedDataCache: Loaded boot cache 0.15s 76MB C:/Users/chris/AppData/Local/UnrealEngine/4.19/DerivedDataCache/Boot.ddc.
[2018.08.11-20.22.44:312][  0]LogDerivedDataCache: Display: Loaded Boot cache: C:/Users/chris/AppData/Local/UnrealEngine/4.19/DerivedDataCache/Boot.ddc
[2018.08.11-20.22.44:312][  0]LogDerivedDataCache: FDerivedDataBackendGraph:  Pak pak cache file ../../../../../../Users/chris/OneDrive/Documents/Unreal Projects/HackDaWorld/DerivedDataCache/DDC.ddp not found, will not use a pak cache.
[2018.08.11-20.22.44:312][  0]LogDerivedDataCache: Unable to find inner node Pak for hierarchical cache Hierarchy.
[2018.08.11-20.22.44:312][  0]LogDerivedDataCache: FDerivedDataBackendGraph:  CompressedPak pak cache file ../../../../../../Users/chris/OneDrive/Documents/Unreal Projects/HackDaWorld/DerivedDataCache/Compressed.ddp not found, will not use a pak cache.
[2018.08.11-20.22.44:312][  0]LogDerivedDataCache: Unable to find inner node CompressedPak for hierarchical cache Hierarchy.
[2018.08.11-20.22.44:336][  0]LogDerivedDataCache: Display: Pak cache opened for reading ../../../Engine/DerivedDataCache/Compressed.ddp.
[2018.08.11-20.22.44:357][  0]LogDerivedDataCache: Using Local data cache path C:/Users/chris/AppData/Local/UnrealEngine/Common/DerivedDataCache: Writable
[2018.08.11-20.22.44:357][  0]LogDerivedDataCache: Shared data cache path not found in *engine.ini, will not use an Shared cache.
[2018.08.11-20.22.44:357][  0]LogDerivedDataCache: Unable to find inner node Shared for hierarchical cache Hierarchy.
[2018.08.11-20.22.44:381][  0]LogMaterial: Verifying Global Shaders for PCD3D_SM5
[2018.08.11-20.22.44:381][  0]LogSlate: Using Freetype 2.6.0
[2018.08.11-20.22.44:382][  0]LogSlate: SlateFontCache - WITH_FREETYPE: 1, WITH_HARFBUZZ: 1
[2018.08.11-20.22.44:383][  0]LogSlate: SlateFontCache - WITH_FREETYPE: 1, WITH_HARFBUZZ: 1
[2018.08.11-20.22.44:594][  0]LogAssetRegistry: FAssetRegistry took 0.0331 seconds to start up
[2018.08.11-20.22.45:134][  0]LogFileManager: Warning: DeleteFile was unable to delete '../../../../../../Users/chris/OneDrive/Documents/Unreal Projects/HackDaWorld/Intermediate/CachedAssetRegistry.bin', retrying in .5s...
[2018.08.11-20.22.45:135][  0]LogInit: Selected Device Profile: [Windows]
[2018.08.11-20.22.45:396][  0]LogFileManager: Error: Error deleting file '../../../../../../Users/chris/OneDrive/Documents/Unreal Projects/HackDaWorld/Intermediate/CachedAssetRegistry.bin'.
[2018.08.11-20.22.45:396][  0]LogSimplygon: Simplygon DLL not present - disabling.
[2018.08.11-20.22.45:403][  0]LogMeshReduction: Using SimplygonSwarm for distributed automatic mesh merging
[2018.08.11-20.22.45:403][  0]LogMeshReduction: Using QuadricMeshReduction for automatic static mesh reduction
[2018.08.11-20.22.45:403][  0]LogMeshReduction: No automatic skeletal mesh reduction module available
[2018.08.11-20.22.45:403][  0]LogMeshReduction: No automatic mesh merging module available
[2018.08.11-20.22.45:403][  0]LogMeshMerging: No automatic mesh merging module available
[2018.08.11-20.22.45:461][  0]LogNetVersion: HackDaWorld , NetCL: 3944462, EngineNetVer: 2, GameNetVer: 0 (Checksum: 3377829108)
[2018.08.11-20.22.45:676][  0]LogConfig: Warning: Failed to saved backup for config[GameplayTagsList]
[2018.08.11-20.22.45:680][  0]LogConfig: Warning: Failed to saved backup for config[GameplayTags]
[2018.08.11-20.22.45:805][  0]LogConfig: Warning: Failed to saved backup for config[TemplateDefs]
[2018.08.11-20.22.46:141][  0]LogFileManager: Warning: DeleteFile was unable to delete '../../../../../../Users/chris/OneDrive/Documents/Unreal Projects/HackDaWorld/Intermediate/AssetRegistryCache/5a627529.bin', retrying in .5s...
[2018.08.11-20.22.46:642][  0]LogFileManager: Error: Error deleting file '../../../../../../Users/chris/OneDrive/Documents/Unreal Projects/HackDaWorld/Intermediate/AssetRegistryCache/5a627529.bin'.
[2018.08.11-20.22.46:651][  0]LogFileManager: Warning: DeleteFile was unable to delete '../../../../../../Users/chris/OneDrive/Documents/Unreal Projects/HackDaWorld/Intermediate/AssetRegistryCache/2657c409.bin', retrying in .5s...
[2018.08.11-20.22.47:153][  0]LogFileManager: Error: Error deleting file '../../../../../../Users/chris/OneDrive/Documents/Unreal Projects/HackDaWorld/Intermediate/AssetRegistryCache/2657c409.bin'.
[2018.08.11-20.22.47:162][  0]LogFileManager: Warning: DeleteFile was unable to delete '../../../../../../Users/chris/OneDrive/Documents/Unreal Projects/HackDaWorld/Intermediate/AssetRegistryCache/1d5167fa.bin', retrying in .5s...
[2018.08.11-20.22.47:664][  0]LogFileManager: Error: Error deleting file '../../../../../../Users/chris/OneDrive/Documents/Unreal Projects/HackDaWorld/Intermediate/AssetRegistryCache/1d5167fa.bin'.
[2018.08.11-20.22.47:674][  0]LogFileManager: Warning: DeleteFile was unable to delete '../../../../../../Users/chris/OneDrive/Documents/Unreal Projects/HackDaWorld/Intermediate/AssetRegistryCache/866581fd.bin', retrying in .5s...
[2018.08.11-20.22.48:175][  0]LogFileManager: Error: Error deleting file '../../../../../../Users/chris/OneDrive/Documents/Unreal Projects/HackDaWorld/Intermediate/AssetRegistryCache/866581fd.bin'.
[2018.08.11-20.22.48:191][  0]LogFileManager: Warning: DeleteFile was unable to delete '../../../../../../Users/chris/OneDrive/Documents/Unreal Projects/HackDaWorld/Intermediate/AssetRegistryCache/29c3675e.bin', retrying in .5s...
[2018.08.11-20.22.48:692][  0]LogFileManager: Error: Error deleting file '../../../../../../Users/chris/OneDrive/Documents/Unreal Projects/HackDaWorld/Intermediate/AssetRegistryCache/29c3675e.bin'.
[2018.08.11-20.22.48:700][  0]LogFileManager: Warning: DeleteFile was unable to delete '../../../../../../Users/chris/OneDrive/Documents/Unreal Projects/HackDaWorld/Intermediate/AssetRegistryCache/c9e91a3f.bin', retrying in .5s...
[2018.08.11-20.22.49:202][  0]LogFileManager: Error: Error deleting file '../../../../../../Users/chris/OneDrive/Documents/Unreal Projects/HackDaWorld/Intermediate/AssetRegistryCache/c9e91a3f.bin'.
[2018.08.11-20.22.49:215][  0]LogFileManager: Warning: DeleteFile was unable to delete '../../../../../../Users/chris/OneDrive/Documents/Unreal Projects/HackDaWorld/Intermediate/AssetRegistryCache/995fc7f5.bin', retrying in .5s...
[2018.08.11-20.22.49:716][  0]LogFileManager: Error: Error deleting file '../../../../../../Users/chris/OneDrive/Documents/Unreal Projects/HackDaWorld/Intermediate/AssetRegistryCache/995fc7f5.bin'.
[2018.08.11-20.22.49:729][  0]LogFileManager: Warning: DeleteFile was unable to delete '../../../../../../Users/chris/OneDrive/Documents/Unreal Projects/HackDaWorld/Intermediate/AssetRegistryCache/50a675f9.bin', retrying in .5s...
[2018.08.11-20.22.50:231][  0]LogFileManager: Error: Error deleting file '../../../../../../Users/chris/OneDrive/Documents/Unreal Projects/HackDaWorld/Intermediate/AssetRegistryCache/50a675f9.bin'.
[2018.08.11-20.22.50:242][  0]LogFileManager: Warning: DeleteFile was unable to delete '../../../../../../Users/chris/OneDrive/Documents/Unreal Projects/HackDaWorld/Intermediate/AssetRegistryCache/44c3f9c9.bin', retrying in .5s...
[2018.08.11-20.22.50:742][  0]LogFileManager: Error: Error deleting file '../../../../../../Users/chris/OneDrive/Documents/Unreal Projects/HackDaWorld/Intermediate/AssetRegistryCache/44c3f9c9.bin'.
[2018.08.11-20.22.50:751][  0]LogFileManager: Warning: DeleteFile was unable to delete '../../../../../../Users/chris/OneDrive/Documents/Unreal Projects/HackDaWorld/Intermediate/AssetRegistryCache/52ed2538.bin', retrying in .5s...
[2018.08.11-20.22.51:252][  0]LogFileManager: Error: Error deleting file '../../../../../../Users/chris/OneDrive/Documents/Unreal Projects/HackDaWorld/Intermediate/AssetRegistryCache/52ed2538.bin'.
[2018.08.11-20.22.51:257][  0]LogPackageLocalizationCache: Processed 5 localized package path(s) for 2 prioritized culture(s) in 5.122927 seconds
[2018.08.11-20.22.51:264][  0]LogUObjectArray: 35893 objects as part of root set at end of initial load.
[2018.08.11-20.22.51:264][  0]LogUObjectAllocator: 7153504 out of 0 bytes used by permanent object pool.
[2018.08.11-20.22.51:264][  0]LogUObjectArray: CloseDisregardForGC: 0/0 objects in disregard for GC pool
[2018.08.11-20.22.51:279][  0]LogInit: WinSock: version 1.1 (2.2), MaxSocks=32767, MaxUdp=65467
[2018.08.11-20.22.53:409][  0]LogConfig: Warning: Failed to saved backup for config[InternationalizationExport]
[2018.08.11-20.22.53:411][  0]LogConfig: Warning: Failed to saved backup for config[TranslationPickerSettings]
[2018.08.11-20.22.53:759][  0]LogTcpMessaging: Initializing TcpMessaging bridge
[2018.08.11-20.22.53:804][  0]LogUdpMessaging: Initializing bridge on interface 0.0.0.0:0 to multicast group 230.0.0.1:6666.
[2018.08.11-20.22.54:224][  0]LogConfig: Warning: Failed to saved backup for config[SourceControlSettings]
[2018.08.11-20.22.54:230][  0]LogConfig: Warning: Failed to saved backup for config[SourceControlSettings]
[2018.08.11-20.22.54:232][  0]SourceControl: Source control is disabled
[2018.08.11-20.22.54:233][  0]SourceControl: Source control is disabled
[2018.08.11-20.22.54:448][  0]LogConfig: Warning: Failed to saved backup for config[Encryption]
[2018.08.11-20.22.54:450][  0]LogConfig: Warning: Failed to saved backup for config[Crypto]
[2018.08.11-20.22.55:162][  0]LogConfig: Warning: Failed to saved backup for config[UnitTestStats]
[2018.08.11-20.22.55:165][  0]LogConfig: Warning: Failed to saved backup for config[UnitTest]
[2018.08.11-20.22.55:424][  0]LogEngine: Initializing Engine...
[2018.08.11-20.22.55:427][  0]LogStats: UGameplayTagsManager::ConstructGameplayTagTree: Construct from data asset -  0.000 s
[2018.08.11-20.22.55:428][  0]LogStats: UGameplayTagsManager::ConstructGameplayTagTree: ImportINI -  0.000 s
[2018.08.11-20.22.55:428][  0]LogStats: UGameplayTagsManager::ConstructGameplayTagTree: GameplayTagTreeChangedEvent.Broadcast -  0.000 s
[2018.08.11-20.22.55:867][  0]LogAIModule: Creating AISystem for world Untitled
[2018.08.11-20.22.55:913][  0]LogInit: XAudio2 using 'Speakers / Headphones (Realtek Audio)' : 2 channels at 48 kHz using 32 bits per sample (channel mask 0x3)
[2018.08.11-20.22.56:286][  0]LogInit: FAudioDevice initialized.
[2018.08.11-20.22.56:438][  0]LogDerivedDataCache: Saved boot cache 0.15s 76MB C:/Users/chris/AppData/Local/UnrealEngine/4.19/DerivedDataCache/Boot.ddc.
[2018.08.11-20.22.56:481][  0]LogInit: Texture streaming: Enabled
[2018.08.11-20.22.56:524][  0]LogEngineSessionManager: EngineSessionManager initialized
[2018.08.11-20.22.56:597][  0]LogInit: Transaction tracking system initialized
[2018.08.11-20.22.56:650][  0]BlueprintLog: New page: Editor Load
[2018.08.11-20.22.56:861][  0]LogConfig: Warning: Failed to saved backup for config[LocalizationServiceSettings]
[2018.08.11-20.22.56:863][  0]LogConfig: Warning: Failed to saved backup for config[LocalizationServiceSettings]
[2018.08.11-20.22.56:864][  0]LocalizationService: Localization service is disabled
[2018.08.11-20.22.57:128][  0]LogConsoleResponse: Display: 
[2018.08.11-20.22.57:135][  0]DDCNotifications: Shared DDC not detected, performance notification enabled
[2018.08.11-20.22.57:412][  0]LogCook: Display: Max memory allowance for cook 16384mb min free memory 0mb
[2018.08.11-20.22.57:413][  0]LogCook: Display: Mobile HDR setting 1
[2018.08.11-20.22.57:413][  0]LogGameplayTags: Display: UGameplayTagsManager::DoneAddingNativeTags. DelegateIsBound: 0
[2018.08.11-20.22.57:413][  0]LogStats: UGameplayTagsManager::ConstructGameplayTagTree: Construct from data asset -  0.000 s
[2018.08.11-20.22.57:413][  0]LogStats: UGameplayTagsManager::ConstructGameplayTagTree: ImportINI -  0.000 s
[2018.08.11-20.22.57:413][  0]LogStats: UGameplayTagsManager::ConstructGameplayTagTree: GameplayTagTreeChangedEvent.Broadcast -  0.000 s
[2018.08.11-20.22.58:060][  0]LogFileCache: Scanning file cache for directory 'C:/Users/chris/OneDrive/Documents/Unreal Projects/HackDaWorld/Content/' took 0.03s
[2018.08.11-20.22.58:061][  0]Cmd: MAP LOAD FILE="../../../../../../Users/chris/OneDrive/Documents/Unreal Projects/HackDaWorld/Content/SideScrollerBP/Maps/Level1Map.umap" TEMPLATE=0 SHOWPROGRESS=1 FEATURELEVEL=3
[2018.08.11-20.22.58:061][  0]LightingResults: New page: Lighting Build
[2018.08.11-20.22.58:066][  0]MapCheck: New page: Map Check
[2018.08.11-20.22.58:066][  0]LightingResults: New page: Lighting Build
[2018.08.11-20.22.58:105][  0]LogUObjectGlobals: Created PersistentFrame Addr=0x000001ea405ffc40, Size=192, Default__MusicManager_C Function /Game/SideScrollerBP/Audio/MusicManager.MusicManager_C:ExecuteUbergraph_MusicManager
[2018.08.11-20.22.58:113][  0]LogUObjectGlobals: Destroyed PersistentFrame Addr=0x000001ea405ffc40, Size=192
[2018.08.11-20.22.58:113][  0]LogUObjectGlobals: Created PersistentFrame Addr=0x000001ea405ffc40, Size=192, Default__MusicManager_C Function /Engine/Transient.REINST_MusicManager_C_1:ExecuteUbergraph_MusicManager
[2018.08.11-20.22.58:116][  0]LogUObjectGlobals: Created PersistentFrame Addr=0x000001ea405fd480, Size=192, Default__MusicManager_C Function /Game/SideScrollerBP/Audio/MusicManager.MusicManager_C:ExecuteUbergraph_MusicManager
[2018.08.11-20.22.58:275][  0]LogUObjectGlobals: Created PersistentFrame Addr=0x000001ea43fa1f00, Size=352, Default__Bridge_BP_C Function /Game/SideScrollerBP/Blueprints/Bridge_BP.Bridge_BP_C:ExecuteUbergraph_Bridge_BP
[2018.08.11-20.22.58:281][  0]LogUObjectGlobals: Created PersistentFrame Addr=0x000001ea43f61300, Size=704, Default__SideScrollerPlayerController_C Function /Game/SideScrollerBP/Blueprints/SideScrollerPlayerController.SideScrollerPlayerController_C:ExecuteUbergraph_SideScrollerPlayerController
[2018.08.11-20.22.58:329][  0]LogUObjectGlobals: Created PersistentFrame Addr=0x000001ea43bb3ec0, Size=272, Default__GravityBox_BP_C Function /Game/SideScrollerBP/Blueprints/GravityBox_BP.GravityBox_BP_C:ExecuteUbergraph_GravityBox_BP
[2018.08.11-20.22.58:387][  0]LogUObjectGlobals: Created PersistentFrame Addr=0x000001ea43e74f00, Size=64, Default__ThirdPerson_AnimBP_C Function /Game/Mannequin/Animations/ThirdPerson_AnimBP.ThirdPerson_AnimBP_C:ExecuteUbergraph_ThirdPerson_AnimBP
[2018.08.11-20.22.58:464][  0]LogUObjectGlobals: Created PersistentFrame Addr=0x000001ea4372b800, Size=488, Default__SideScrollerPlayerCharacter_C Function /Game/SideScrollerBP/Blueprints/SideScrollerPlayerCharacter.SideScrollerPlayerCharacter_C:ExecuteUbergraph_SideScrollerPlayerCharacter
[2018.08.11-20.22.58:535][  0]LogUObjectGlobals: Destroyed PersistentFrame Addr=0x000001ea43fa1f00, Size=352
[2018.08.11-20.22.58:535][  0]LogUObjectGlobals: Created PersistentFrame Addr=0x000001ea3318f700, Size=352, Default__Bridge_BP_C Function /Engine/Transient.REINST_Bridge_BP_C_9:ExecuteUbergraph_Bridge_BP
[2018.08.11-20.22.58:537][  0]LogUObjectGlobals: Destroyed PersistentFrame Addr=0x000001ea43bb3ec0, Size=272
[2018.08.11-20.22.58:537][  0]LogUObjectGlobals: Created PersistentFrame Addr=0x000001ea43756c00, Size=272, Default__GravityBox_BP_C Function /Engine/Transient.REINST_GravityBox_BP_C_10:ExecuteUbergraph_GravityBox_BP
[2018.08.11-20.22.58:537][  0]LogUObjectGlobals: Destroyed PersistentFrame Addr=0x000001ea43e74f00, Size=64
[2018.08.11-20.22.58:537][  0]LogUObjectGlobals: Created PersistentFrame Addr=0x000001ea435f8e00, Size=64, Default__ThirdPerson_AnimBP_C Function /Engine/Transient.REINST_ThirdPerson_AnimBP_C_0:ExecuteUbergraph_ThirdPerson_AnimBP
[2018.08.11-20.22.58:537][  0]LogUObjectGlobals: Destroyed PersistentFrame Addr=0x000001ea4372b800, Size=488
[2018.08.11-20.22.58:537][  0]LogUObjectGlobals: Created PersistentFrame Addr=0x000001ea4372b800, Size=488, Default__SideScrollerPlayerCharacter_C Function /Engine/Transient.REINST_SideScrollerPlayerCharacter_C_11:ExecuteUbergraph_SideScrollerPlayerCharacter
[2018.08.11-20.22.58:538][  0]LogUObjectGlobals: Destroyed PersistentFrame Addr=0x000001ea43f61300, Size=704
[2018.08.11-20.22.58:538][  0]LogUObjectGlobals: Created PersistentFrame Addr=0x000001ea3319ba00, Size=704, Default__SideScrollerPlayerController_C Function /Engine/Transient.REINST_SideScrollerPlayerController_C_12:ExecuteUbergraph_SideScrollerPlayerController
[2018.08.11-20.22.58:603][  0]LogUObjectGlobals: Created PersistentFrame Addr=0x000001ea44226f80, Size=352, Default__Bridge_BP_C Function /Game/SideScrollerBP/Blueprints/Bridge_BP.Bridge_BP_C:ExecuteUbergraph_Bridge_BP
[2018.08.11-20.22.58:608][  0]LogUObjectGlobals: Created PersistentFrame Addr=0x000001ea442ed580, Size=272, Default__GravityBox_BP_C Function /Game/SideScrollerBP/Blueprints/GravityBox_BP.GravityBox_BP_C:ExecuteUbergraph_GravityBox_BP
[2018.08.11-20.22.58:613][  0]LogUObjectGlobals: Created PersistentFrame Addr=0x000001ea4419ac50, Size=72, Default__ThirdPerson_AnimBP_C Function /Game/Mannequin/Animations/ThirdPerson_AnimBP.ThirdPerson_AnimBP_C:ExecuteUbergraph_ThirdPerson_AnimBP
[2018.08.11-20.22.58:615][  0]LogUObjectGlobals: Created PersistentFrame Addr=0x000001ea44294e00, Size=488, Default__SideScrollerPlayerCharacter_C Function /Game/SideScrollerBP/Blueprints/SideScrollerPlayerCharacter.SideScrollerPlayerCharacter_C:ExecuteUbergraph_SideScrollerPlayerCharacter
[2018.08.11-20.22.58:623][  0]LogUObjectGlobals: Created PersistentFrame Addr=0x000001ea440f6200, Size=704, Default__SideScrollerPlayerController_C Function /Game/SideScrollerBP/Blueprints/SideScrollerPlayerController.SideScrollerPlayerController_C:ExecuteUbergraph_SideScrollerPlayerController
[2018.08.11-20.22.58:672][  0]LogUObjectGlobals: Created PersistentFrame Addr=0x000001ea435f5a78, Size=4, Default__Checkpoint_C Function /Game/SideScrollerBP/Blueprints/Checkpoint.Checkpoint_C:ExecuteUbergraph_Checkpoint
[2018.08.11-20.22.58:675][  0]LogUObjectGlobals: Destroyed PersistentFrame Addr=0x000001ea435f5a78, Size=4
[2018.08.11-20.22.58:676][  0]LogUObjectGlobals: Created PersistentFrame Addr=0x000001ea435f5a78, Size=4, Default__Checkpoint_C Function /Engine/Transient.REINST_Checkpoint_C_21:ExecuteUbergraph_Checkpoint
[2018.08.11-20.22.58:679][  0]LogUObjectGlobals: Created PersistentFrame Addr=0x000001ea435f5c38, Size=4, Default__Checkpoint_C Function /Game/SideScrollerBP/Blueprints/Checkpoint.Checkpoint_C:ExecuteUbergraph_Checkpoint
[2018.08.11-20.22.58:698][  0]LogUObjectGlobals: Created PersistentFrame Addr=0x000001ea43713200, Size=1536, Default__Electricity_ShootsDown_BP_C Function /Game/SideScrollerBP/Blueprints/Electricity_ShootsDown_BP.Electricity_ShootsDown_BP_C:ExecuteUbergraph_Electricity_ShootsDown_BP
[2018.08.11-20.22.58:716][  0]LogUObjectGlobals: Destroyed PersistentFrame Addr=0x000001ea43713200, Size=1536
[2018.08.11-20.22.58:717][  0]LogUObjectGlobals: Created PersistentFrame Addr=0x000001ea44236b00, Size=1536, Default__Electricity_ShootsDown_BP_C Function /Engine/Transient.REINST_Electricity_ShootsDown_BP_C_23:ExecuteUbergraph_Electricity_ShootsDown_BP
[2018.08.11-20.22.58:732][  0]LogUObjectGlobals: Created PersistentFrame Addr=0x000001ea4412c100, Size=1536, Default__Electricity_ShootsDown_BP_C Function /Game/SideScrollerBP/Blueprints/Electricity_ShootsDown_BP.Electricity_ShootsDown_BP_C:ExecuteUbergraph_Electricity_ShootsDown_BP
[2018.08.11-20.22.58:747][  0]LogUObjectGlobals: Created PersistentFrame Addr=0x000001ea44f58800, Size=1536, Default__Electricity_ShootsUp_BP_C Function /Game/SideScrollerBP/Blueprints/Electricity_ShootsUp_BP.Electricity_ShootsUp_BP_C:ExecuteUbergraph_Electricity_ShootsUp_BP
[2018.08.11-20.22.58:764][  0]LogUObjectGlobals: Destroyed PersistentFrame Addr=0x000001ea44f58800, Size=1536
[2018.08.11-20.22.58:764][  0]LogUObjectGlobals: Created PersistentFrame Addr=0x000001ea44f26b00, Size=1536, Default__Electricity_ShootsUp_BP_C Function /Engine/Transient.REINST_Electricity_ShootsUp_BP_C_25:ExecuteUbergraph_Electricity_ShootsUp_BP
[2018.08.11-20.22.58:782][  0]LogUObjectGlobals: Created PersistentFrame Addr=0x000001ea44e77200, Size=1536, Default__Electricity_ShootsUp_BP_C Function /Game/SideScrollerBP/Blueprints/Electricity_ShootsUp_BP.Electricity_ShootsUp_BP_C:ExecuteUbergraph_Electricity_ShootsUp_BP
[2018.08.11-20.22.58:795][  0]LogUObjectGlobals: Created PersistentFrame Addr=0x000001ea441a8e80, Size=16, Default__LevelExitUI_C Function /Game/UI/LevelExitUI.LevelExitUI_C:ExecuteUbergraph_LevelExitUI
[2018.08.11-20.22.58:798][  0]LogUObjectGlobals: Destroyed PersistentFrame Addr=0x000001ea441a8e80, Size=16
[2018.08.11-20.22.58:798][  0]LogUObjectGlobals: Created PersistentFrame Addr=0x000001ea441a8e80, Size=16, Default__LevelExitUI_C Function /Engine/Transient.REINST_LevelExitUI_C_1:ExecuteUbergraph_LevelExitUI
[2018.08.11-20.22.58:800][  0]LogUObjectGlobals: Created PersistentFrame Addr=0x000001ea441a8ea0, Size=16, Default__LevelExitUI_C Function /Game/UI/LevelExitUI.LevelExitUI_C:ExecuteUbergraph_LevelExitUI
[2018.08.11-20.22.58:803][  0]LogUObjectGlobals: Created PersistentFrame Addr=0x000001ea44f4b9e0, Size=224, Default__LevelExit_C Function /Game/SideScrollerBP/Blueprints/LevelExit.LevelExit_C:ExecuteUbergraph_LevelExit
[2018.08.11-20.22.58:807][  0]LogUObjectGlobals: Destroyed PersistentFrame Addr=0x000001ea44f4b9e0, Size=224
[2018.08.11-20.22.58:807][  0]LogUObjectGlobals: Created PersistentFrame Addr=0x000001ea44f4b9e0, Size=224, Default__LevelExit_C Function /Engine/Transient.REINST_LevelExit_C_28:ExecuteUbergraph_LevelExit
[2018.08.11-20.22.58:813][  0]LogUObjectGlobals: Created PersistentFrame Addr=0x000001ea44f4a240, Size=224, Default__LevelExit_C Function /Game/SideScrollerBP/Blueprints/LevelExit.LevelExit_C:ExecuteUbergraph_LevelExit
[2018.08.11-20.22.59:058][  0]LogUObjectGlobals: Created PersistentFrame Addr=0x000001ea44796e80, Size=272, Default__Level1Map_C Function /Game/SideScrollerBP/Maps/Level1Map.Level1Map_C:ExecuteUbergraph_Level1Map
[2018.08.11-20.22.59:074][  0]LogUObjectGlobals: Destroyed PersistentFrame Addr=0x000001ea44796e80, Size=272
[2018.08.11-20.22.59:075][  0]LogUObjectGlobals: Created PersistentFrame Addr=0x000001ea44796e80, Size=272, Default__Level1Map_C Function /Engine/Transient.REINST_Level1Map_C_32:ExecuteUbergraph_Level1Map
[2018.08.11-20.22.59:089][  0]LogUObjectGlobals: Created PersistentFrame Addr=0x000001ea44795e40, Size=272, Default__Level1Map_C Function /Game/SideScrollerBP/Maps/Level1Map.Level1Map_C:ExecuteUbergraph_Level1Map
[2018.08.11-20.22.59:624][  0]LogSkeletalMesh: Skeletal Mesh found in DDC [20.565332ms] /Game/Mannequin/Character/Mesh/SK_Mannequin.SK_Mannequin
[2018.08.11-20.23.00:118][  0]LogAIModule: Creating AISystem for world Level1Map
[2018.08.11-20.23.00:223][  0]LogEditorServer: Finished looking for orphan Actors (0.000 secs)
[2018.08.11-20.23.00:248][  0]LogUObjectGlobals: Destroyed PersistentFrame Addr=0x000001ea405ffc40, Size=192
[2018.08.11-20.23.00:248][  0]LogUObjectGlobals: Destroyed PersistentFrame Addr=0x000001ea3318f700, Size=352
[2018.08.11-20.23.00:248][  0]LogUObjectGlobals: Destroyed PersistentFrame Addr=0x000001ea3319ba00, Size=704
[2018.08.11-20.23.00:248][  0]LogUObjectGlobals: Destroyed PersistentFrame Addr=0x000001ea43756c00, Size=272
[2018.08.11-20.23.00:248][  0]LogUObjectGlobals: Destroyed PersistentFrame Addr=0x000001ea435f8e00, Size=64
[2018.08.11-20.23.00:248][  0]LogUObjectGlobals: Destroyed PersistentFrame Addr=0x000001ea4372b800, Size=488
[2018.08.11-20.23.00:248][  0]LogUObjectGlobals: Destroyed PersistentFrame Addr=0x000001ea435f5a78, Size=4
[2018.08.11-20.23.00:248][  0]LogUObjectGlobals: Destroyed PersistentFrame Addr=0x000001ea44236b00, Size=1536
[2018.08.11-20.23.00:248][  0]LogUObjectGlobals: Destroyed PersistentFrame Addr=0x000001ea44f26b00, Size=1536
[2018.08.11-20.23.00:248][  0]LogUObjectGlobals: Destroyed PersistentFrame Addr=0x000001ea441a8e80, Size=16
[2018.08.11-20.23.00:248][  0]LogUObjectGlobals: Destroyed PersistentFrame Addr=0x000001ea44f4b9e0, Size=224
[2018.08.11-20.23.00:248][  0]LogUObjectGlobals: Destroyed PersistentFrame Addr=0x000001ea44796e80, Size=272
[2018.08.11-20.23.00:255][  0]Cmd: MAP CHECKDEP NOCLEARLOG
[2018.08.11-20.23.00:424][  0]MapCheck: Map check complete: 0 Error(s), 0 Warning(s), took 167.814ms to complete.
[2018.08.11-20.23.00:424][  0]LogFileHelpers: Loading map 'Level1Map' took 2.363
[2018.08.11-20.23.00:657][  0]LogCollectionManager: Loaded 0 collections in 0.007143 seconds
[2018.08.11-20.23.00:719][  0]LogFileCache: Scanning file cache for directory 'C:/Users/chris/OneDrive/Documents/Unreal Projects/HackDaWorld/Saved/Collections/' took 0.01s
[2018.08.11-20.23.00:719][  0]LogFileCache: Scanning file cache for directory 'C:/Users/chris/OneDrive/Documents/Unreal Projects/HackDaWorld/Content/Developers/chris/Collections/' took 0.01s
[2018.08.11-20.23.00:719][  0]LogFileCache: Scanning file cache for directory 'C:/Users/chris/OneDrive/Documents/Unreal Projects/HackDaWorld/Content/Collections/' took 0.01s
[2018.08.11-20.23.00:719][  0]LogSourceControl: Attempting 'p4 client -o ChrisWorkspace'
[2018.08.11-20.23.00:719][  0]LogCollectionManager: Rebuilt the GUID cache for 0 collections in 0.000000 seconds
[2018.08.11-20.23.00:738][  0]LogContentBrowser: Native class hierarchy populated in 0.0182 seconds. Added 2347 classes and 485 folders.
[2018.08.11-20.23.00:759][  0]LogContentBrowser: Native class hierarchy updated for 'WidgetCarousel' in 0.0007 seconds. Added 0 classes and 0 folders.
[2018.08.11-20.23.00:914][  0]LogContentBrowser: Native class hierarchy updated for 'AddContentDialog' in 0.0003 seconds. Added 0 classes and 0 folders.
[2018.08.11-20.23.00:930][  0]LogContentBrowser: Native class hierarchy updated for 'SceneOutliner' in 0.0004 seconds. Added 1 classes and 2 folders.
[2018.08.11-20.23.00:961][  0]LogSlate: Took 0.000649 seconds to synchronously load lazily loaded font '../../../Engine/Content/Slate/Fonts/Roboto-Regular.ttf' (155K)
[2018.08.11-20.23.00:965][  0]LogSlate: Took 0.000535 seconds to synchronously load lazily loaded font '../../../Engine/Content/Slate/Fonts/Roboto-Bold.ttf' (160K)
[2018.08.11-20.23.00:978][  0]LogSlate: Took 0.000424 seconds to synchronously load lazily loaded font '../../../Engine/Content/Editor/Slate/Fonts/FontAwesome.ttf' (139K)
[2018.08.11-20.23.01:164][  0]LogRenderer: Reallocating scene render targets to support 960x436 Format 10 NumSamples 1 (Frame:1).
[2018.08.11-20.23.01:633][  0]LogContentBrowser: Native class hierarchy updated for 'HierarchicalLODOutliner' in 0.0015 seconds. Added 0 classes and 0 folders.
[2018.08.11-20.23.01:633][  0]LogLoad: (Engine Initialization) Total time: 25.75 seconds
[2018.08.11-20.23.01:633][  0]LogLoad: (Engine Initialization) Total Blueprint compile time: 0.00 seconds
[2018.08.11-20.23.01:658][  0]LogWindowsTextInputMethodSystem: Display: IME system now deactivated.
[2018.08.11-20.23.01:662][  0]LogRawInputWindows: Warning: Found device 0 devices
[2018.08.11-20.23.01:663][  0]LogRawInputWindows: Warning: Found device 0 devices
[2018.08.11-20.23.01:663][  0]LogRawInputWindows: Warning: Device was registered succesfully but not connected (Usage:4 UsagePage:1)
[2018.08.11-20.23.01:663][  0]LogRawInputWindows: Warning: Found device 1 devices
[2018.08.11-20.23.01:663][  0]LogRawInputWindows: Warning: Device was registered succesfully but not connected (Usage:5 UsagePage:1)
[2018.08.11-20.23.01:694][  0]SourceControl: Client ChrisWorkspace
[2018.08.11-20.23.01:695][  0]SourceControl: Update 2018/06/02 16:45:27
[2018.08.11-20.23.01:695][  0]SourceControl: Access 2018/08/11 13:17:02
[2018.08.11-20.23.01:695][  0]SourceControl: Owner chris
[2018.08.11-20.23.01:695][  0]SourceControl: Host DESKTOP-F8MPAQ1
[2018.08.11-20.23.01:695][  0]SourceControl: Description Created by chris.

[2018.08.11-20.23.01:695][  0]SourceControl: Root C:\Users\chris\OneDrive\Documents\Unreal Projects\HackDaWorld
[2018.08.11-20.23.01:695][  0]SourceControl: Options noallwrite noclobber nocompress unlocked nomodtime normdir
[2018.08.11-20.23.01:695][  0]SourceControl: SubmitOptions submitunchanged
[2018.08.11-20.23.01:695][  0]SourceControl: LineEnd local
[2018.08.11-20.23.01:695][  0]SourceControl: View0 //depot/... //ChrisWorkspace/...
[2018.08.11-20.23.01:695][  0]SourceControl: Type writeable
[2018.08.11-20.23.01:695][  0]SourceControl: Backup enable
[2018.08.11-20.23.01:695][  0]SourceControl: specFormatted 
[2018.08.11-20.23.01:695][  0]SourceControl: func client-FstatInfo
[2018.08.11-20.23.01:696][  0]LogContentStreaming: Texture pool size now 1000 MB
[2018.08.11-20.23.02:058][  3]LogAssetRegistry: Asset discovery search completed in 17.4873 seconds
[2018.08.11-20.23.02:077][  3]LogCollectionManager: Rebuilt the object cache for 0 collections in 0.000002 seconds (found 0 objects)
[2018.08.11-20.23.02:078][  3]LogCollectionManager: Fixed up redirectors for 0 collections in 0.000860 seconds (updated 0 objects)
[2018.08.11-20.23.04:995][ 56]LogSlate: FSceneViewport::OnFocusLost() reason 2
[2018.08.11-20.23.07:128][105]LogSourceControl: Attempting 'p4 fstat -Or C:/Users/chris/OneDrive/Documents/Unreal Projects/HackDaWorld/Content/SideScrollerBP/SideScrollerOverview.uasset'
[2018.08.11-20.23.10:699][180]LogSourceControl: Attempting 'p4 fstat -Or C:/Program Files/Epic Games/UE_4.19/Engine/Content/... C:/Users/chris/OneDrive/Documents/Unreal Projects/HackDaWorld/Content/... C:/Users/chris/OneDrive/Documents/Unreal Projects/HackDaWorld/Config/... C:/Users/chris/OneDrive/Documents/Unreal Projects/HackDaWorld/HackDaWorld.uproject'
[2018.08.11-20.23.10:857][183]SourceControl: Path 'C:/Program Files/Epic Games/UE_4.19/Engine/Content/...' is not under client's root 'C:\Users\chris\OneDrive\Documents\Unreal Projects\HackDaWorld'.

[2018.08.11-20.23.11:143][183]LogFileHelpers: Warning: FilenameToLongPackageName failed to convert '../../../Engine/Plugins/2D/Paper2D/Content/DefaultLitSpriteMaterial.uasset'. Attempt result was '../../../Engine/Plugins/2D/Paper2D/Content/DefaultLitSpriteMaterial', but the path contains illegal characters '.'
[2018.08.11-20.23.11:144][183]LogFileHelpers: Warning: FilenameToLongPackageName failed to convert '../../../Engine/Plugins/2D/Paper2D/Content/DefaultPaperTerrainMaterial.uasset'. Attempt result was '../../../Engine/Plugins/2D/Paper2D/Content/DefaultPaperTerrainMaterial', but the path contains illegal characters '.'
[2018.08.11-20.23.11:144][183]LogFileHelpers: Warning: FilenameToLongPackageName failed to convert '../../../Engine/Plugins/2D/Paper2D/Content/DefaultSpriteMaterial.uasset'. Attempt result was '../../../Engine/Plugins/2D/Paper2D/Content/DefaultSpriteMaterial', but the path contains illegal characters '.'
[2018.08.11-20.23.11:144][183]LogFileHelpers: Warning: FilenameToLongPackageName failed to convert '../../../Engine/Plugins/2D/Paper2D/Content/DummySprite.uasset'. Attempt result was '../../../Engine/Plugins/2D/Paper2D/Content/DummySprite', but the path contains illegal characters '.'
[2018.08.11-20.23.11:144][183]LogFileHelpers: Warning: FilenameToLongPackageName failed to convert '../../../Engine/Plugins/2D/Paper2D/Content/DummySpriteTexture.uasset'. Attempt result was '../../../Engine/Plugins/2D/Paper2D/Content/DummySpriteTexture', but the path contains illegal characters '.'
[2018.08.11-20.23.11:144][183]LogFileHelpers: Warning: FilenameToLongPackageName failed to convert '../../../Engine/Plugins/2D/Paper2D/Content/MaskedLitSpriteMaterial.uasset'. Attempt result was '../../../Engine/Plugins/2D/Paper2D/Content/MaskedLitSpriteMaterial', but the path contains illegal characters '.'
[2018.08.11-20.23.11:144][183]LogFileHelpers: Warning: FilenameToLongPackageName failed to convert '../../../Engine/Plugins/2D/Paper2D/Content/MaskedUnlitSpriteMaterial.uasset'. Attempt result was '../../../Engine/Plugins/2D/Paper2D/Content/MaskedUnlitSpriteMaterial', but the path contains illegal characters '.'
[2018.08.11-20.23.11:144][183]LogFileHelpers: Warning: FilenameToLongPackageName failed to convert '../../../Engine/Plugins/2D/Paper2D/Content/OpaqueLitSpriteMaterial.uasset'. Attempt result was '../../../Engine/Plugins/2D/Paper2D/Content/OpaqueLitSpriteMaterial', but the path contains illegal characters '.'
[2018.08.11-20.23.11:144][183]LogFileHelpers: Warning: FilenameToLongPackageName failed to convert '../../../Engine/Plugins/2D/Paper2D/Content/OpaqueUnlitSpriteMaterial.uasset'. Attempt result was '../../../Engine/Plugins/2D/Paper2D/Content/OpaqueUnlitSpriteMaterial', but the path contains illegal characters '.'
[2018.08.11-20.23.11:145][183]LogFileHelpers: Warning: FilenameToLongPackageName failed to convert '../../../Engine/Plugins/2D/Paper2D/Content/TranslucentLitSpriteMaterial.uasset'. Attempt result was '../../../Engine/Plugins/2D/Paper2D/Content/TranslucentLitSpriteMaterial', but the path contains illegal characters '.'
[2018.08.11-20.23.11:145][183]LogFileHelpers: Warning: FilenameToLongPackageName failed to convert '../../../Engine/Plugins/2D/Paper2D/Content/TranslucentUnlitSpriteMaterial.uasset'. Attempt result was '../../../Engine/Plugins/2D/Paper2D/Content/TranslucentUnlitSpriteMaterial', but the path contains illegal characters '.'
[2018.08.11-20.23.11:145][183]LogFileHelpers: Warning: FilenameToLongPackageName failed to convert '../../../Engine/Plugins/2D/Paper2D/Content/PlaceholderTextures/DummySpriteTexture.uasset'. Attempt result was '../../../Engine/Plugins/2D/Paper2D/Content/PlaceholderTextures/DummySpriteTexture', but the path contains illegal characters '.'
[2018.08.11-20.23.11:145][183]LogFileHelpers: Warning: FilenameToLongPackageName failed to convert '../../../Engine/Plugins/2D/Paper2D/Content/PlaceholderTextures/FlatNormalMap.uasset'. Attempt result was '../../../Engine/Plugins/2D/Paper2D/Content/PlaceholderTextures/FlatNormalMap', but the path contains illegal characters '.'
[2018.08.11-20.23.11:145][183]LogFileHelpers: Warning: FilenameToLongPackageName failed to convert '../../../Engine/Plugins/Runtime/AppleARKit/Content/ARKitCameraMaterial.uasset'. Attempt result was '../../../Engine/Plugins/Runtime/AppleARKit/Content/ARKitCameraMaterial', but the path contains illegal characters '.'
[2018.08.11-20.23.11:145][183]LogFileHelpers: Warning: FilenameToLongPackageName failed to convert '../../../Engine/Plugins/Runtime/Oculus/OculusVR/Content/OculusMR_GreenKey.uasset'. Attempt result was '../../../Engine/Plugins/Runtime/Oculus/OculusVR/Content/OculusMR_GreenKey', but the path contains illegal characters '.'
[2018.08.11-20.23.11:145][183]LogFileHelpers: Warning: FilenameToLongPackageName failed to convert '../../../Engine/Plugins/Runtime/Oculus/OculusVR/Content/Materials/GearVRControllerMaterial.uasset'. Attempt result was '../../../Engine/Plugins/Runtime/Oculus/OculusVR/Content/Materials/GearVRControllerMaterial', but the path contains illegal characters '.'
[2018.08.11-20.23.11:145][183]LogFileHelpers: Warning: FilenameToLongPackageName failed to convert '../../../Engine/Plugins/Runtime/Oculus/OculusVR/Content/Materials/OculusGoControllerMaterial.uasset'. Attempt result was '../../../Engine/Plugins/Runtime/Oculus/OculusVR/Content/Materials/OculusGoControllerMaterial', but the path contains illegal characters '.'
[2018.08.11-20.23.11:146][183]LogFileHelpers: Warning: FilenameToLongPackageName failed to convert '../../../Engine/Plugins/Runtime/Oculus/OculusVR/Content/Materials/touchController_mat.uasset'. Attempt result was '../../../Engine/Plugins/Runtime/Oculus/OculusVR/Content/Materials/touchController_mat', but the path contains illegal characters '.'
[2018.08.11-20.23.11:146][183]LogFileHelpers: Warning: FilenameToLongPackageName failed to convert '../../../Engine/Plugins/Runtime/Oculus/OculusVR/Content/Meshes/GearVrController.uasset'. Attempt result was '../../../Engine/Plugins/Runtime/Oculus/OculusVR/Content/Meshes/GearVrController', but the path contains illegal characters '.'
[2018.08.11-20.23.11:146][183]LogFileHelpers: Warning: FilenameToLongPackageName failed to convert '../../../Engine/Plugins/Runtime/Oculus/OculusVR/Content/Meshes/LeftTouchController.uasset'. Attempt result was '../../../Engine/Plugins/Runtime/Oculus/OculusVR/Content/Meshes/LeftTouchController', but the path contains illegal characters '.'
[2018.08.11-20.23.11:146][183]LogFileHelpers: Warning: FilenameToLongPackageName failed to convert '../../../Engine/Plugins/Runtime/Oculus/OculusVR/Content/Meshes/OculusGoController.uasset'. Attempt result was '../../../Engine/Plugins/Runtime/Oculus/OculusVR/Content/Meshes/OculusGoController', but the path contains illegal characters '.'
[2018.08.11-20.23.11:146][183]LogFileHelpers: Warning: FilenameToLongPackageName failed to convert '../../../Engine/Plugins/Runtime/Oculus/OculusVR/Content/Meshes/RightTouchController.uasset'. Attempt result was '../../../Engine/Plugins/Runtime/Oculus/OculusVR/Content/Meshes/RightTouchController', but the path contains illegal characters '.'
[2018.08.11-20.23.11:146][183]LogFileHelpers: Warning: FilenameToLongPackageName failed to convert '../../../Engine/Plugins/Runtime/Oculus/OculusVR/Content/Textures/GearVRController_AO.uasset'. Attempt result was '../../../Engine/Plugins/Runtime/Oculus/OculusVR/Content/Textures/GearVRController_AO', but the path contains illegal characters '.'
[2018.08.11-20.23.11:146][183]LogFileHelpers: Warning: FilenameToLongPackageName failed to convert '../../../Engine/Plugins/Runtime/Oculus/OculusVR/Content/Textures/GearVRController_Color.uasset'. Attempt result was '../../../Engine/Plugins/Runtime/Oculus/OculusVR/Content/Textures/GearVRController_Color', but the path contains illegal characters '.'
[2018.08.11-20.23.11:146][183]LogFileHelpers: Warning: FilenameToLongPackageName failed to convert '../../../Engine/Plugins/Runtime/Oculus/OculusVR/Content/Textures/GearVRController_Normal.uasset'. Attempt result was '../../../Engine/Plugins/Runtime/Oculus/OculusVR/Content/Textures/GearVRController_Normal', but the path contains illegal characters '.'
[2018.08.11-20.23.11:146][183]LogFileHelpers: Warning: FilenameToLongPackageName failed to convert '../../../Engine/Plugins/Runtime/Oculus/OculusVR/Content/Textures/OculusGoController_albedo.uasset'. Attempt result was '../../../Engine/Plugins/Runtime/Oculus/OculusVR/Content/Textures/OculusGoController_albedo', but the path contains illegal characters '.'
[2018.08.11-20.23.11:146][183]LogFileHelpers: Warning: FilenameToLongPackageName failed to convert '../../../Engine/Plugins/Runtime/Oculus/OculusVR/Content/Textures/touchController_albedo.uasset'. Attempt result was '../../../Engine/Plugins/Runtime/Oculus/OculusVR/Content/Textures/touchController_albedo', but the path contains illegal characters '.'
[2018.08.11-20.23.11:146][183]LogFileHelpers: Warning: FilenameToLongPackageName failed to convert '../../../Engine/Plugins/Runtime/Oculus/OculusVR/Content/Textures/touchController_controlmap.uasset'. Attempt result was '../../../Engine/Plugins/Runtime/Oculus/OculusVR/Content/Textures/touchController_controlmap', but the path contains illegal characters '.'
[2018.08.11-20.23.11:146][183]LogFileHelpers: Warning: FilenameToLongPackageName failed to convert '../../../Engine/Plugins/Runtime/Steam/SteamVR/Content/Materials/M_DefaultDevice.uasset'. Attempt result was '../../../Engine/Plugins/Runtime/Steam/SteamVR/Content/Materials/M_DefaultDevice', but the path contains illegal characters '.'
[2018.08.11-20.23.19:871][183]LogSlate: Window 'Submit Files' being destroyed
[2018.08.11-20.23.19:973][183]LogSourceControl: Attempting 'p4 fstat -Or C:/Users/chris/OneDrive/Documents/Unreal Projects/HackDaWorld/Content/SideScrollerBP/Audio/OST/Synth_2_0.uasset'
[2018.08.11-20.23.20:007][183]LogSourceControl: Attempting 'p4 diff -sa C:/Users/chris/OneDrive/Documents/Unreal Projects/HackDaWorld/Content/SideScrollerBP/Audio/OST/Synth_2_0.uasset'
[2018.08.11-20.23.20:266][183]LogSourceControl: Attempting 'p4 reopen -c 302 C:/Users/chris/OneDrive/Documents/Unreal Projects/HackDaWorld/Content/SideScrollerBP/Audio/OST/Synth_2_0.uasset'
[2018.08.11-20.23.20:303][183]LogSourceControl: Attempting 'p4 submit -c 302'
[2018.08.11-20.23.21:237][183]SourceControl: Submitted changelist 302
[2018.08.11-20.23.23:242][219]LogSlate: Window 'HackDaWorld - Unreal Editor' being destroyed
[2018.08.11-20.23.23:244][219]LogWindowsTextInputMethodSystem: Display: IME system now deactivated.
[2018.08.11-20.23.23:789][220]Cmd: QUIT_EDITOR
[2018.08.11-20.23.23:945][220]LogExit: Preparing to exit.
[2018.08.11-20.23.24:917][220]LogDirectoryWatcher: A directory notification for 'C:/Users/chris/OneDrive/Documents/Unreal Projects/HackDaWorld/Content/' was aborted.
[2018.08.11-20.23.25:016][220]LogExit: Editor shut down
[2018.08.11-20.23.25:026][220]LogExit: Transaction tracking system shut down
[2018.08.11-20.23.25:027][220]LogUObjectGlobals: Destroyed PersistentFrame Addr=0x000001ea405fd480, Size=192
[2018.08.11-20.23.25:028][220]LogUObjectGlobals: Destroyed PersistentFrame Addr=0x000001ea44226f80, Size=352
[2018.08.11-20.23.25:028][220]LogUObjectGlobals: Destroyed PersistentFrame Addr=0x000001ea442ed580, Size=272
[2018.08.11-20.23.25:028][220]LogUObjectGlobals: Destroyed PersistentFrame Addr=0x000001ea4419ac50, Size=72
[2018.08.11-20.23.25:029][220]LogUObjectGlobals: Destroyed PersistentFrame Addr=0x000001ea44294e00, Size=488
[2018.08.11-20.23.25:029][220]LogUObjectGlobals: Destroyed PersistentFrame Addr=0x000001ea440f6200, Size=704
[2018.08.11-20.23.25:029][220]LogUObjectGlobals: Destroyed PersistentFrame Addr=0x000001ea435f5c38, Size=4
[2018.08.11-20.23.25:029][220]LogUObjectGlobals: Destroyed PersistentFrame Addr=0x000001ea4412c100, Size=1536
[2018.08.11-20.23.25:029][220]LogUObjectGlobals: Destroyed PersistentFrame Addr=0x000001ea44e77200, Size=1536
[2018.08.11-20.23.25:029][220]LogUObjectGlobals: Destroyed PersistentFrame Addr=0x000001ea441a8ea0, Size=16
[2018.08.11-20.23.25:029][220]LogUObjectGlobals: Destroyed PersistentFrame Addr=0x000001ea44f4a240, Size=224
[2018.08.11-20.23.25:035][220]LogUObjectGlobals: Destroyed PersistentFrame Addr=0x000001ea44795e40, Size=272
[2018.08.11-20.23.25:681][220]LogFileManager: Warning: DeleteFile was unable to delete '../../../../../../Users/chris/OneDrive/Documents/Unreal Projects/HackDaWorld/Intermediate/CachedAssetRegistry.bin', retrying in .5s...
[2018.08.11-20.23.25:681][220]LogFileManager: Error: Error deleting file '../../../../../../Users/chris/OneDrive/Documents/Unreal Projects/HackDaWorld/Intermediate/CachedAssetRegistry.bin'.
[2018.08.11-20.23.25:681][220]LogDirectoryWatcher: A directory notification for '../../../Engine/Content/' was aborted.
[2018.08.11-20.23.25:682][220]LogDirectoryWatcher: A directory notification for '../../../../../../Users/chris/OneDrive/Documents/Unreal Projects/HackDaWorld/Content/' was aborted.
[2018.08.11-20.23.25:682][220]LogDirectoryWatcher: A directory notification for '../../Plugins/Enterprise/DatasmithContent/Content/' was aborted.
[2018.08.11-20.23.25:682][220]LogDirectoryWatcher: A directory notification for '../../Plugins/Media/MediaCompositing/Content/' was aborted.
[2018.08.11-20.23.25:775][220]LogExit: Object subsystem successfully closed.
[2018.08.11-20.23.25:798][220]LogShaderCompilers: Display: Shaders left to compile 0
[2018.08.11-20.23.25:804][220]LogD3D11RHI: Shutdown
[2018.08.11-20.23.25:805][220]LogD3D11RHI: CleanupD3DDevice
[2018.08.11-20.23.25:810][220]LogD3D11RHI: ~FD3D11DynamicRHI
[2018.08.11-20.23.25:868][220]LogModuleManager: Shutting down and abandoning module HierarchicalLODOutliner (518)
[2018.08.11-20.23.25:868][220]LogModuleManager: Shutting down and abandoning module SceneOutliner (516)
[2018.08.11-20.23.25:868][220]LogModuleManager: Shutting down and abandoning module AddContentDialog (514)
[2018.08.11-20.23.25:868][220]LogDirectoryWatcher: A directory notification for 'C:/Program Files/Epic Games/UE_4.19/FeaturePacks/' was aborted.
[2018.08.11-20.23.25:869][220]LogModuleManager: Shutting down and abandoning module WidgetCarousel (513)
[2018.08.11-20.23.25:869][220]LogModuleManager: Shutting down and abandoning module EditorWidgets (510)
[2018.08.11-20.23.25:869][220]LogModuleManager: Shutting down and abandoning module CollectionManager (508)
[2018.08.11-20.23.25:869][220]LogDirectoryWatcher: A directory notification for 'C:/Users/chris/OneDrive/Documents/Unreal Projects/HackDaWorld/Content/Collections/' was aborted.
[2018.08.11-20.23.25:869][220]LogDirectoryWatcher: A directory notification for 'C:/Users/chris/OneDrive/Documents/Unreal Projects/HackDaWorld/Content/Developers/chris/Collections/' was aborted.
[2018.08.11-20.23.25:870][220]LogDirectoryWatcher: A directory notification for 'C:/Users/chris/OneDrive/Documents/Unreal Projects/HackDaWorld/Saved/Collections/' was aborted.
[2018.08.11-20.23.25:870][220]LogModuleManager: Shutting down and abandoning module StatsViewer (506)
[2018.08.11-20.23.25:870][220]LogModuleManager: Shutting down and abandoning module FoliageEdit (504)
[2018.08.11-20.23.25:870][220]LogModuleManager: Shutting down and abandoning module LandscapeEditor (502)
[2018.08.11-20.23.25:870][220]LogModuleManager: Shutting down and abandoning module MeshPaintMode (500)
[2018.08.11-20.23.25:871][220]LogModuleManager: Shutting down and abandoning module MeshPaint (499)
[2018.08.11-20.23.25:871][220]LogModuleManager: Shutting down and abandoning module SceneDepthPickerMode (496)
[2018.08.11-20.23.25:871][220]LogModuleManager: Shutting down and abandoning module ActorPickerMode (494)
[2018.08.11-20.23.25:871][220]LogModuleManager: Shutting down and abandoning module GeometryMode (492)
[2018.08.11-20.23.25:871][220]LogModuleManager: Shutting down and abandoning module TextureAlignMode (490)
[2018.08.11-20.23.25:871][220]LogModuleManager: Shutting down and abandoning module BspMode (488)
[2018.08.11-20.23.25:871][220]LogModuleManager: Shutting down and abandoning module PIEPreviewDeviceProfileSelector (486)
[2018.08.11-20.23.25:871][220]LogModuleManager: Shutting down and abandoning module HardwareSurvey (484)
[2018.08.11-20.23.25:871][220]LogModuleManager: Shutting down and abandoning module SequenceRecorderSections (482)
[2018.08.11-20.23.25:871][220]LogModuleManager: Shutting down and abandoning module SequenceRecorder (480)
[2018.08.11-20.23.25:871][220]LogModuleManager: Shutting down and abandoning module AutomationWorker (478)
[2018.08.11-20.23.25:871][220]LogModuleManager: Shutting down and abandoning module MatineeToLevelSequence (476)
[2018.08.11-20.23.25:871][220]LogModuleManager: Shutting down and abandoning module LevelSequenceEditor (474)
[2018.08.11-20.23.25:871][220]LogModuleManager: Shutting down and abandoning module PlacementMode (473)
[2018.08.11-20.23.25:871][220]LogModuleManager: Shutting down and abandoning module MaterialEditor (472)
[2018.08.11-20.23.25:871][220]LogModuleManager: Shutting down and abandoning module OpenExrWrapper (468)
[2018.08.11-20.23.25:871][220]LogModuleManager: Shutting down and abandoning module ImgMediaFactory (466)
[2018.08.11-20.23.25:871][220]LogModuleManager: Shutting down and abandoning module ImgMediaEditor (464)
[2018.08.11-20.23.25:871][220]LogModuleManager: Shutting down and abandoning module CharacterAI (462)
[2018.08.11-20.23.25:871][220]LogModuleManager: Shutting down and abandoning module SessionServices (460)
[2018.08.11-20.23.25:871][220]LogModuleManager: Shutting down and abandoning module ViewportSnapping (458)
[2018.08.11-20.23.25:871][220]LogModuleManager: Shutting down and abandoning module ViewportInteraction (456)
[2018.08.11-20.23.25:871][220]LogModuleManager: Shutting down and abandoning module ClothPainter (454)
[2018.08.11-20.23.25:871][220]LogModuleManager: Shutting down and abandoning module SkeletalMeshEditor (453)
[2018.08.11-20.23.25:871][220]LogModuleManager: Shutting down and abandoning module LogVisualizer (450)
[2018.08.11-20.23.25:872][220]LogModuleManager: Shutting down and abandoning module IntroTutorials (448)
[2018.08.11-20.23.25:873][220]LogModuleManager: Shutting down and abandoning module GameProjectGeneration (447)
[2018.08.11-20.23.25:873][220]LogModuleManager: Shutting down and abandoning module IOSPlatformEditor (444)
[2018.08.11-20.23.25:873][220]LogModuleManager: Shutting down and abandoning module HTML5PlatformEditor (442)
[2018.08.11-20.23.25:873][220]LogModuleManager: Shutting down and abandoning module AndroidPlatformEditor (440)
[2018.08.11-20.23.25:873][220]LogModuleManager: Shutting down and abandoning module AndroidDeviceDetection (439)
[2018.08.11-20.23.25:989][220]LogModuleManager: Shutting down and abandoning module WindowsPlatformEditor (436)
[2018.08.11-20.23.25:989][220]LogModuleManager: Shutting down and abandoning module IOSRuntimeSettings (434)
[2018.08.11-20.23.25:989][220]LogModuleManager: Shutting down and abandoning module AndroidRuntimeSettings (432)
[2018.08.11-20.23.25:989][220]LogModuleManager: Shutting down and abandoning module InputBindingEditor (430)
[2018.08.11-20.23.25:989][220]LogModuleManager: Shutting down and abandoning module MergeActors (428)
[2018.08.11-20.23.25:989][220]LogModuleManager: Shutting down and abandoning module LocalizationDashboard (426)
[2018.08.11-20.23.25:990][220]LogModuleManager: Shutting down and abandoning module LocalizationService (425)
[2018.08.11-20.23.25:990][220]LogModuleManager: Shutting down and abandoning module HardwareTargeting (422)
[2018.08.11-20.23.25:990][220]LogModuleManager: Shutting down and abandoning module DeviceProfileEditor (420)
[2018.08.11-20.23.25:990][220]LogModuleManager: Shutting down and abandoning module UndoHistory (418)
[2018.08.11-20.23.25:990][220]LogModuleManager: Shutting down and abandoning module XmlParser (416)
[2018.08.11-20.23.25:990][220]LogModuleManager: Shutting down and abandoning module Blutility (414)
[2018.08.11-20.23.25:990][220]LogModuleManager: Shutting down and abandoning module ProjectSettingsViewer (412)
[2018.08.11-20.23.25:990][220]LogModuleManager: Shutting down and abandoning module ProjectTargetPlatformEditor (411)
[2018.08.11-20.23.25:990][220]LogModuleManager: Shutting down and abandoning module EditorSettingsViewer (408)
[2018.08.11-20.23.25:990][220]LogModuleManager: Shutting down and abandoning module SettingsEditor (406)
[2018.08.11-20.23.25:990][220]LogModuleManager: Shutting down and abandoning module ProjectLauncher (404)
[2018.08.11-20.23.25:990][220]LogModuleManager: Shutting down and abandoning module SessionFrontend (402)
[2018.08.11-20.23.25:990][220]LogModuleManager: Shutting down and abandoning module ProfilerClient (400)
[2018.08.11-20.23.25:990][220]LogModuleManager: Shutting down and abandoning module DeviceManager (398)
[2018.08.11-20.23.25:990][220]LogModuleManager: Shutting down and abandoning module TargetDeviceServices (397)
[2018.08.11-20.23.26:052][220]LogModuleManager: Shutting down and abandoning module AutomationController (394)
[2018.08.11-20.23.26:052][220]LogModuleManager: Shutting down and abandoning module AutomationWindow (392)
[2018.08.11-20.23.26:052][220]LogModuleManager: Shutting down and abandoning module Layers (390)
[2018.08.11-20.23.26:052][220]LogModuleManager: Shutting down and abandoning module ComponentVisualizers (388)
[2018.08.11-20.23.26:052][220]LogModuleManager: Shutting down and abandoning module DetailCustomizations (386)
[2018.08.11-20.23.26:053][220]LogModuleManager: Shutting down and abandoning module PackagesDialog (384)
[2018.08.11-20.23.26:053][220]LogModuleManager: Shutting down and abandoning module Persona (382)
[2018.08.11-20.23.26:053][220]LogModuleManager: Shutting down and abandoning module AdvancedPreviewScene (381)
[2018.08.11-20.23.26:054][220]LogModuleManager: Shutting down and abandoning module AnimGraph (379)
[2018.08.11-20.23.26:054][220]LogModuleManager: Shutting down and abandoning module Kismet (376)
[2018.08.11-20.23.26:056][220]LogModuleManager: Shutting down and abandoning module GraphEditor (374)
[2018.08.11-20.23.26:056][220]LogModuleManager: Shutting down and abandoning module ClassViewer (372)
[2018.08.11-20.23.26:056][220]LogModuleManager: Shutting down and abandoning module Toolbox (370)
[2018.08.11-20.23.26:056][220]LogModuleManager: Shutting down and abandoning module ModuleUI (368)
[2018.08.11-20.23.26:056][220]LogModuleManager: Shutting down and abandoning module MovieSceneTools (366)
[2018.08.11-20.23.26:056][220]LogModuleManager: Shutting down and abandoning module OutputLog (364)
[2018.08.11-20.23.26:056][220]LogModuleManager: Shutting down and abandoning module GammaUI (362)
[2018.08.11-20.23.26:056][220]LogModuleManager: Shutting down and abandoning module Documentation (360)
[2018.08.11-20.23.26:056][220]LogModuleManager: Shutting down and abandoning module MovieSceneTracks (358)
[2018.08.11-20.23.26:056][220]LogModuleManager: Shutting down and abandoning module MovieScene (356)
[2018.08.11-20.23.26:056][220]LogModuleManager: Shutting down and abandoning module StreamingPauseRendering (354)
[2018.08.11-20.23.26:056][220]LogModuleManager: Shutting down and abandoning module LauncherPlatform (352)
[2018.08.11-20.23.26:056][220]LogModuleManager: Shutting down and abandoning module AnalyticsET (350)
[2018.08.11-20.23.26:056][220]LogModuleManager: Shutting down and abandoning module PortalServices (348)
[2018.08.11-20.23.26:056][220]LogModuleManager: Shutting down and abandoning module PortalRpc (346)
[2018.08.11-20.23.26:056][220]LogModuleManager: Shutting down and abandoning module MessagingRpc (344)
[2018.08.11-20.23.26:056][220]LogModuleManager: Shutting down and abandoning module AIModule (342)
[2018.08.11-20.23.26:056][220]LogModuleManager: Shutting down and abandoning module GameplayDebugger (341)
[2018.08.11-20.23.26:056][220]LogModuleManager: Shutting down and abandoning module AITestSuite (339)
[2018.08.11-20.23.26:056][220]LogModuleManager: Shutting down and abandoning module DesktopPlatform (336)
[2018.08.11-20.23.26:056][220]LogModuleManager: Shutting down and abandoning module ProfilerService (334)
[2018.08.11-20.23.26:177][220]LogModuleManager: Shutting down and abandoning module TaskGraph (332)
[2018.08.11-20.23.26:178][220]LogModuleManager: Shutting down and abandoning module MobilePatchingUtils (330)
[2018.08.11-20.23.26:178][220]LogModuleManager: Shutting down and abandoning module CustomMeshComponent (328)
[2018.08.11-20.23.26:178][220]LogModuleManager: Shutting down and abandoning module CableComponent (326)
[2018.08.11-20.23.26:178][220]LogModuleManager: Shutting down and abandoning module NUTUnrealEngine4 (322)
[2018.08.11-20.23.26:178][220]LogModuleManager: Shutting down and abandoning module NetcodeUnitTest (320)
[2018.08.11-20.23.26:178][220]LogModuleManager: Shutting down and abandoning module MediaCompositingEditor (318)
[2018.08.11-20.23.26:178][220]LogModuleManager: Shutting down and abandoning module MediaCompositing (316)
[2018.08.11-20.23.26:178][220]LogModuleManager: Shutting down and abandoning module LinearTimecode (314)
[2018.08.11-20.23.26:178][220]LogModuleManager: Shutting down and abandoning module ImgMedia (312)
[2018.08.11-20.23.26:181][220]LogModuleManager: Shutting down and abandoning module Media (311)
[2018.08.11-20.23.26:189][220]LogModuleManager: Shutting down and abandoning module RawInput (308)
[2018.08.11-20.23.26:189][220]LogSlate: Slate User Destroyed.  User Index 0, Is Virtual User: 0
[2018.08.11-20.23.26:189][220]LogModuleManager: Shutting down and abandoning module HTML5Networking (306)
[2018.08.11-20.23.26:189][220]LogModuleManager: Shutting down and abandoning module CodeView (304)
[2018.08.11-20.23.26:189][220]LogModuleManager: Shutting down and abandoning module AlembicImporter (302)
[2018.08.11-20.23.26:189][220]LogModuleManager: Shutting down and abandoning module AlembicLibrary (301)
[2018.08.11-20.23.26:189][220]LogModuleManager: Shutting down and abandoning module GeometryCache (300)
[2018.08.11-20.23.26:189][220]LogModuleManager: Shutting down and abandoning module GeometryCacheEd (299)
[2018.08.11-20.23.26:189][220]LogModuleManager: Shutting down and abandoning module DatasmithContent (294)
[2018.08.11-20.23.26:189][220]LogModuleManager: Shutting down and abandoning module SpeedTreeImporter (292)
[2018.08.11-20.23.26:189][220]LogModuleManager: Shutting down and abandoning module PluginBrowser (290)
[2018.08.11-20.23.26:189][220]LogModuleManager: Shutting down and abandoning module MobileLauncherProfileWizard (288)
[2018.08.11-20.23.26:189][220]LogModuleManager: Shutting down and abandoning module CryptoKeysOpenSSL (286)
[2018.08.11-20.23.26:189][220]LogModuleManager: Shutting down and abandoning module CryptoKeys (284)
[2018.08.11-20.23.26:189][220]LogModuleManager: Shutting down and abandoning module VisualStudioSourceCodeAccess (282)
[2018.08.11-20.23.26:189][220]LogModuleManager: Shutting down and abandoning module VisualStudioCodeSourceCodeAccess (280)
[2018.08.11-20.23.26:189][220]LogModuleManager: Shutting down and abandoning module UObjectPlugin (278)
[2018.08.11-20.23.26:189][220]LogModuleManager: Shutting down and abandoning module SubversionSourceControl (276)
[2018.08.11-20.23.26:189][220]LogModuleManager: Shutting down and abandoning module PerforceSourceControl (274)
[2018.08.11-20.23.26:189][220]LogModuleManager: Shutting down and abandoning module GitSourceControl (272)
[2018.08.11-20.23.26:189][220]LogModuleManager: Shutting down and abandoning module SourceControl (271)
[2018.08.11-20.23.26:189][220]LogModuleManager: Shutting down and abandoning module CLionSourceCodeAccess (268)
[2018.08.11-20.23.26:189][220]LogModuleManager: Shutting down and abandoning module LightPropagationVolumeEditor (266)
[2018.08.11-20.23.26:189][220]LogModuleManager: Shutting down and abandoning module RuntimePhysXCooking (264)
[2018.08.11-20.23.26:189][220]LogModuleManager: Shutting down and abandoning module PhysXVehiclesEditor (262)
[2018.08.11-20.23.26:189][220]LogModuleManager: Shutting down and abandoning module PhysXVehicles (260)
[2018.08.11-20.23.26:190][220]LogModuleManager: Shutting down and abandoning module LocationServicesBPLibrary (258)
[2018.08.11-20.23.26:190][220]LogModuleManager: Shutting down and abandoning module ImmediatePhysicsEditor (256)
[2018.08.11-20.23.26:190][220]LogModuleManager: Shutting down and abandoning module ImmediatePhysics (254)
[2018.08.11-20.23.26:190][220]LogModuleManager: Shutting down and abandoning module ActorSequence (252)
[2018.08.11-20.23.26:190][220]LogModuleManager: Shutting down and abandoning module UdpMessaging (250)
[2018.08.11-20.23.26:291][220]LogModuleManager: Shutting down and abandoning module TcpMessaging (248)
[2018.08.11-20.23.26:392][220]LogModuleManager: Shutting down and abandoning module GameplayTagsEditor (246)
[2018.08.11-20.23.26:392][220]LogModuleManager: Shutting down and abandoning module DataValidation (244)
[2018.08.11-20.23.26:392][220]LogModuleManager: Shutting down and abandoning module AssetManagerEditor (242)
[2018.08.11-20.23.26:392][220]LogModuleManager: Shutting down and abandoning module LevelEditor (241)
[2018.08.11-20.23.26:393][220]LogModuleManager: Shutting down and abandoning module PixelInspectorModule (240)
[2018.08.11-20.23.26:393][220]LogModuleManager: Shutting down and abandoning module CommonMenuExtensions (238)
[2018.08.11-20.23.26:393][220]LogModuleManager: Shutting down and abandoning module MainFrame (236)
[2018.08.11-20.23.26:393][220]LogModuleManager: Shutting down and abandoning module HotReload (235)
[2018.08.11-20.23.26:394][220]LogModuleManager: Shutting down and abandoning module ContentBrowser (231)
[2018.08.11-20.23.26:395][220]LogModuleManager: Shutting down and abandoning module TreeMap (229)
[2018.08.11-20.23.26:395][220]LogModuleManager: Shutting down and abandoning module LightPropagationVolumeRuntime (226)
[2018.08.11-20.23.26:395][220]LogModuleManager: Shutting down and abandoning module PacketHandler (224)
[2018.08.11-20.23.26:395][220]LogModuleManager: Shutting down and abandoning module ClothingSystemEditor (222)
[2018.08.11-20.23.26:395][220]LogModuleManager: Shutting down and abandoning module ClothingSystemRuntime (220)
[2018.08.11-20.23.26:395][220]LogModuleManager: Shutting down and abandoning module MediaAssets (218)
[2018.08.11-20.23.26:395][220]LogModuleManager: Shutting down and abandoning module Overlay (216)
[2018.08.11-20.23.26:395][220]LogModuleManager: Shutting down and abandoning module OverlayEditor (215)
[2018.08.11-20.23.26:395][220]LogModuleManager: Shutting down and abandoning module VREditor (212)
[2018.08.11-20.23.26:395][220]LogModuleManager: Shutting down and abandoning module StringTableEditor (210)
[2018.08.11-20.23.26:395][220]LogModuleManager: Shutting down and abandoning module GameplayTasksEditor (208)
[2018.08.11-20.23.26:395][220]LogModuleManager: Shutting down and abandoning module BehaviorTreeEditor (206)
[2018.08.11-20.23.26:395][220]LogModuleManager: Shutting down and abandoning module FunctionalTesting (204)
[2018.08.11-20.23.26:395][220]LogModuleManager: Shutting down and abandoning module CollisionAnalyzer (202)
[2018.08.11-20.23.26:395][220]LogModuleManager: Shutting down and abandoning module WorkspaceMenuStructure (201)
[2018.08.11-20.23.26:395][220]LogModuleManager: Shutting down and abandoning module UMG (198)
[2018.08.11-20.23.26:396][220]LogModuleManager: Shutting down and abandoning module UMGEditor (197)
[2018.08.11-20.23.26:396][220]LogModuleManager: Shutting down and abandoning module Sequencer (196)
[2018.08.11-20.23.26:396][220]LogModuleManager: Shutting down and abandoning module MessageLog (193)
[2018.08.11-20.23.26:396][220]LogModuleManager: Shutting down and abandoning module SlateReflector (188)
[2018.08.11-20.23.26:396][220]LogModuleManager: Shutting down and abandoning module Slate (186)
[2018.08.11-20.23.26:396][220]LogModuleManager: Shutting down and abandoning module EditorStyle (184)
[2018.08.11-20.23.26:398][220]LogModuleManager: Shutting down and abandoning module MRMesh (182)
[2018.08.11-20.23.26:398][220]LogModuleManager: Shutting down and abandoning module SourceCodeAccess (180)
[2018.08.11-20.23.26:398][220]LogModuleManager: Shutting down and abandoning module HeadMountedDisplay (178)
[2018.08.11-20.23.26:398][220]LogModuleManager: Shutting down and abandoning module XAudio2 (176)
[2018.08.11-20.23.26:398][220]LogModuleManager: Shutting down and abandoning module Networking (174)
[2018.08.11-20.23.26:398][220]LogModuleManager: Shutting down and abandoning module Core (170)
[2018.08.11-20.23.26:398][220]LogModuleManager: Shutting down and abandoning module LevelSequence (168)
[2018.08.11-20.23.26:398][220]LogModuleManager: Shutting down and abandoning module KismetCompiler (166)
[2018.08.11-20.23.26:398][220]LogModuleManager: Shutting down and abandoning module MeshUtilities (164)
[2018.08.11-20.23.26:398][220]LogModuleManager: Shutting down and abandoning module MeshMergeUtilities (163)
[2018.08.11-20.23.26:398][220]LogModuleManager: Shutting down and abandoning module MeshReductionInterface (162)
[2018.08.11-20.23.26:398][220]LogModuleManager: Shutting down and abandoning module SimplygonSwarm (161)
[2018.08.11-20.23.26:398][220]LogModuleManager: Shutting down and abandoning module SimplygonMeshReduction (159)
[2018.08.11-20.23.26:398][220]LogModuleManager: Shutting down and abandoning module QuadricMeshReduction (157)
[2018.08.11-20.23.26:398][220]LogModuleManager: Shutting down and abandoning module MaterialBaking (153)
[2018.08.11-20.23.26:398][220]LogModuleManager: Shutting down and abandoning module DirectoryWatcher (149)
[2018.08.11-20.23.26:399][220]LogModuleManager: Shutting down and abandoning module DerivedDataCache (146)
[2018.08.11-20.23.26:415][220]LogDerivedDataCache: Shutdown
[2018.08.11-20.23.26:415][220]LogModuleManager: Shutting down and abandoning module XGEController (144)
[2018.08.11-20.23.26:415][220]LogModuleManager: Shutting down and abandoning module TargetPlatform (142)
[2018.08.11-20.23.26:415][220]LogModuleManager: Shutting down and abandoning module VulkanShaderFormat (141)
[2018.08.11-20.23.26:415][220]LogModuleManager: Shutting down and abandoning module ShaderFormatVectorVM (139)
[2018.08.11-20.23.26:415][220]LogModuleManager: Shutting down and abandoning module ShaderFormatOpenGL (137)
[2018.08.11-20.23.26:415][220]LogModuleManager: Shutting down and abandoning module ShaderFormatD3D (135)
[2018.08.11-20.23.26:415][220]LogModuleManager: Shutting down and abandoning module MetalShaderFormat (133)
[2018.08.11-20.23.26:415][220]LogModuleManager: Shutting down and abandoning module TextureFormatUncompressed (131)
[2018.08.11-20.23.26:415][220]LogModuleManager: Shutting down and abandoning module TextureFormatPVR (129)
[2018.08.11-20.23.26:415][220]LogModuleManager: Shutting down and abandoning module TextureFormatDXT (127)
[2018.08.11-20.23.26:415][220]LogModuleManager: Shutting down and abandoning module TextureFormatIntelISPCTexComp (125)
[2018.08.11-20.23.26:415][220]LogModuleManager: Shutting down and abandoning module TextureFormatASTC (123)
[2018.08.11-20.23.26:415][220]LogModuleManager: Shutting down and abandoning module ImageWrapper (122)
[2018.08.11-20.23.26:415][220]LogModuleManager: Shutting down and abandoning module TextureFormatAndroid (119)
[2018.08.11-20.23.26:415][220]LogModuleManager: Shutting down and abandoning module AudioFormatOpus (117)
[2018.08.11-20.23.26:415][220]LogModuleManager: Shutting down and abandoning module AudioFormatOgg (115)
[2018.08.11-20.23.26:415][220]LogModuleManager: Shutting down and abandoning module AudioFormatADPCM (113)
[2018.08.11-20.23.26:415][220]LogModuleManager: Shutting down and abandoning module LinuxTargetPlatform (111)
[2018.08.11-20.23.26:415][220]LogModuleManager: Shutting down and abandoning module LinuxServerTargetPlatform (109)
[2018.08.11-20.23.26:415][220]LogModuleManager: Shutting down and abandoning module LinuxNoEditorTargetPlatform (107)
[2018.08.11-20.23.26:415][220]LogModuleManager: Shutting down and abandoning module LinuxClientTargetPlatform (105)
[2018.08.11-20.23.26:415][220]LogModuleManager: Shutting down and abandoning module TVOSTargetPlatform (103)
[2018.08.11-20.23.26:415][220]LogModuleManager: Shutting down and abandoning module Messaging (101)
[2018.08.11-20.23.26:415][220]LogModuleManager: Shutting down and abandoning module IOSTargetPlatform (99)
[2018.08.11-20.23.26:415][220]LogModuleManager: Shutting down and abandoning module HTML5TargetPlatform (97)
[2018.08.11-20.23.26:415][220]LogModuleManager: Shutting down and abandoning module AndroidTargetPlatform (95)
[2018.08.11-20.23.26:415][220]LogModuleManager: Shutting down and abandoning module Android_PVRTCTargetPlatform (93)
[2018.08.11-20.23.26:415][220]LogModuleManager: Shutting down and abandoning module Android_MultiTargetPlatform (91)
[2018.08.11-20.23.26:416][220]LogModuleManager: Shutting down and abandoning module Android_ETC2TargetPlatform (89)
[2018.08.11-20.23.26:416][220]LogModuleManager: Shutting down and abandoning module Android_ETC1TargetPlatform (87)
[2018.08.11-20.23.26:416][220]LogModuleManager: Shutting down and abandoning module Android_ETC1aTargetPlatform (85)
[2018.08.11-20.23.26:416][220]LogModuleManager: Shutting down and abandoning module Android_DXTTargetPlatform (83)
[2018.08.11-20.23.26:416][220]LogModuleManager: Shutting down and abandoning module Android_ATCTargetPlatform (81)
[2018.08.11-20.23.26:416][220]LogModuleManager: Shutting down and abandoning module Android_ASTCTargetPlatform (79)
[2018.08.11-20.23.26:416][220]LogModuleManager: Shutting down and abandoning module WindowsTargetPlatform (77)
[2018.08.11-20.23.26:416][220]LogModuleManager: Shutting down and abandoning module WindowsServerTargetPlatform (75)
[2018.08.11-20.23.26:416][220]LogModuleManager: Shutting down and abandoning module WindowsNoEditorTargetPlatform (73)
[2018.08.11-20.23.26:416][220]LogModuleManager: Shutting down and abandoning module WindowsClientTargetPlatform (71)
[2018.08.11-20.23.26:416][220]LogModuleManager: Shutting down and abandoning module MacTargetPlatform (69)
[2018.08.11-20.23.26:416][220]LogModuleManager: Shutting down and abandoning module MacServerTargetPlatform (67)
[2018.08.11-20.23.26:416][220]LogModuleManager: Shutting down and abandoning module MacNoEditorTargetPlatform (65)
[2018.08.11-20.23.26:416][220]LogModuleManager: Shutting down and abandoning module MacClientTargetPlatform (63)
[2018.08.11-20.23.26:416][220]LogModuleManager: Shutting down and abandoning module AllDesktopTargetPlatform (61)
[2018.08.11-20.23.26:416][220]LogModuleManager: Shutting down and abandoning module InputCore (58)
[2018.08.11-20.23.26:416][220]LogModuleManager: Shutting down and abandoning module Settings (56)
[2018.08.11-20.23.26:416][220]LogModuleManager: Shutting down and abandoning module PhysXCooking (54)
[2018.08.11-20.23.26:416][220]LogModuleManager: Shutting down and abandoning module WindowsDeviceProfileSelector (52)
[2018.08.11-20.23.26:416][220]LogModuleManager: Shutting down and abandoning module ExampleDeviceProfileSelector (50)
[2018.08.11-20.23.26:416][220]LogModuleManager: Shutting down and abandoning module OnlineBlueprintSupport (48)
[2018.08.11-20.23.26:416][220]LogModuleManager: Shutting down and abandoning module OnlineSubsystem (44)
[2018.08.11-20.23.26:416][220]LogModuleManager: Shutting down and abandoning module XMPP (43)
[2018.08.11-20.23.26:416][220]LogModuleManager: Shutting down and abandoning module HTTP (41)
[2018.08.11-20.23.26:416][220]LogHttp: Display: Http module shutting down, but needs to wait on 1 outstanding Http requests:
[2018.08.11-20.23.26:416][220]LogHttp: Display: 	verb=[POST] url=[https://datarouter.ol.epicgames.com/datarouter/api/v1/public/data?SessionID=%7B174D0CD8-449C-C09D-2A2F-00AD380D0203%7D&AppID=UEEditor.Rocket.Release&AppVersion=4.19.2-4033788%2B%2B%2BUE4%2BRelease-4.19&UserID=16b050e84c4add88c7ace6a9076f83eb%7C26b9c26e91ec49ab9868eb039cc18199%7C67d14881-22d5-426d-a40d-84e68de6968c&AppEnvironment=datacollector-binary&UploadType=eteventstream] status=Processing
[2018.08.11-20.23.26:450][220]LogModuleManager: Shutting down and abandoning module SSL (40)
[2018.08.11-20.23.26:453][220]LogModuleManager: Shutting down and abandoning module AnimationModifiers (36)
[2018.08.11-20.23.26:453][220]LogModuleManager: Shutting down and abandoning module PropertyEditor (35)
[2018.08.11-20.23.26:454][220]LogModuleManager: Shutting down and abandoning module AudioEditor (32)
[2018.08.11-20.23.26:454][220]LogModuleManager: Shutting down and abandoning module TextureCompressor (30)
[2018.08.11-20.23.26:454][220]LogModuleManager: Shutting down and abandoning module ShaderCore (28)
[2018.08.11-20.23.26:454][220]LogModuleManager: Shutting down and abandoning module Landscape (26)
[2018.08.11-20.23.26:454][220]LogModuleManager: Shutting down and abandoning module SlateRHIRenderer (24)
[2018.08.11-20.23.26:455][220]LogModuleManager: Shutting down and abandoning module OpenGLDrv (22)
[2018.08.11-20.23.26:455][220]LogModuleManager: Shutting down and abandoning module D3D11RHI (20)
[2018.08.11-20.23.26:455][220]LogModuleManager: Shutting down and abandoning module AnimGraphRuntime (18)
[2018.08.11-20.23.26:455][220]LogModuleManager: Shutting down and abandoning module Renderer (16)
[2018.08.11-20.23.26:455][220]LogModuleManager: Shutting down and abandoning module Engine (14)
[2018.08.11-20.23.26:455][220]LogModuleManager: Shutting down and abandoning module CoreUObject (12)
[2018.08.11-20.23.26:455][220]LogModuleManager: Shutting down and abandoning module NetworkFile (10)
[2018.08.11-20.23.26:455][220]LogModuleManager: Shutting down and abandoning module CookedIterativeFile (8)
[2018.08.11-20.23.26:455][220]LogModuleManager: Shutting down and abandoning module StreamingFile (6)
[2018.08.11-20.23.26:455][220]LogModuleManager: Shutting down and abandoning module SandboxFile (4)
[2018.08.11-20.23.26:455][220]LogModuleManager: Shutting down and abandoning module PakFile (2)
[2018.08.11-20.23.26:466][220]LogExit: Exiting.
[2018.08.11-20.23.26:507][220]Log file closed, 08/11/18 13:23:26
